#
# There is insufficient memory for the Java Runtime Environment to continue.
# Native memory allocation (malloc) failed to allocate 877136 bytes for Chunk::new
# Possible reasons:
#   The system is out of physical RAM or swap space
#   The process is running with CompressedOops enabled, and the Java Heap may be blocking the growth of the native heap
# Possible solutions:
#   Reduce memory load on the system
#   Increase physical memory or swap space
#   Check if swap backing store is full
#   Decrease Java heap size (-Xmx/-Xms)
#   Decrease number of Java threads
#   Decrease Java thread stack sizes (-Xss)
#   Set larger code cache with -XX:ReservedCodeCacheSize=
#   JVM is running with Unscaled Compressed Oops mode in which the Java heap is
#     placed in the first 4GB address space. The Java Heap base address is the
#     maximum limit for the native heap growth. Please use -XX:HeapBaseMinAddress
#     to set the Java Heap base and to place the Java Heap above 4GB virtual address.
# This output file may be truncated or incomplete.
#
#  Out of Memory Error (./src/hotspot/share/memory/arena.cpp:197), pid=13992, tid=15884
#
# JRE version: OpenJDK Runtime Environment (11.0.13) (build 11.0.13+0-b1751.21-8125866)
# Java VM: OpenJDK 64-Bit Server VM (11.0.13+0-b1751.21-8125866, mixed mode, tiered, compressed oops, g1 gc, windows-amd64)
# No core dump will be written. Minidumps are not enabled by default on client versions of Windows
#

---------------  S U M M A R Y ------------

Command Line: --add-opens=java.base/java.util=ALL-UNNAMED --add-opens=java.base/java.lang=ALL-UNNAMED --add-opens=java.base/java.lang.invoke=ALL-UNNAMED --add-opens=java.base/java.util=ALL-UNNAMED --add-opens=java.prefs/java.util.prefs=ALL-UNNAMED --add-opens=java.prefs/java.util.prefs=ALL-UNNAMED --add-opens=java.base/java.nio.charset=ALL-UNNAMED --add-opens=java.base/java.net=ALL-UNNAMED --add-opens=java.base/java.util.concurrent.atomic=ALL-UNNAMED -Xmx2048m -Dfile.encoding=UTF-8 -Duser.country=GB -Duser.language=en -Duser.variant org.gradle.launcher.daemon.bootstrap.GradleDaemon 7.4

Host: 11th Gen Intel(R) Core(TM) i7-1165G7 @ 2.80GHz, 8 cores, 11G,  Windows 11 , 64 bit Build 22000 (10.0.22000.708)
Time: Thu Oct 27 18:54:53 2022 Romance Summer Time elapsed time: 7050.052314 seconds (0d 1h 57m 30s)

---------------  T H R E A D  ---------------

Current thread (0x0000023de4faf000):  JavaThread "C2 CompilerThread1" daemon [_thread_in_native, id=15884, stack(0x000000c7cb900000,0x000000c7cba00000)]


Current CompileTask:
C2:7050052 19116       4       java.lang.String::split (324 bytes)

Stack: [0x000000c7cb900000,0x000000c7cba00000]
Native frames: (J=compiled Java code, j=interpreted, Vv=VM code, C=native code)
V  [jvm.dll+0x6100fa]
V  [jvm.dll+0x747090]
V  [jvm.dll+0x7486ad]
V  [jvm.dll+0x748d83]
V  [jvm.dll+0x24ab48]
V  [jvm.dll+0xc04dc]
V  [jvm.dll+0xc0a0c]
V  [jvm.dll+0x35eb9d]
V  [jvm.dll+0x19d9bc]
V  [jvm.dll+0x2033be]
V  [jvm.dll+0x202437]
V  [jvm.dll+0x188e01]
V  [jvm.dll+0x21106b]
V  [jvm.dll+0x20f8c1]
V  [jvm.dll+0x70de0f]
V  [jvm.dll+0x706a75]
V  [jvm.dll+0x60ed66]
C  [ucrtbase.dll+0x26c0c]
C  [KERNEL32.DLL+0x154e0]
C  [ntdll.dll+0x485b]


---------------  P R O C E S S  ---------------

Threads class SMR info:
_java_thread_list=0x0000023df2c5d360, length=145, elements={
0x0000023dca00f800, 0x0000023de44de000, 0x0000023de4ce2800, 0x0000023de4d40800,
0x0000023de4d41800, 0x0000023de4d43000, 0x0000023de4d45800, 0x0000023de4d4a000,
0x0000023de4d60000, 0x0000023de4eca000, 0x0000023de809e800, 0x0000023de831c800,
0x0000023de716c800, 0x0000023de7527000, 0x0000023de7523000, 0x0000023de7526800,
0x0000023de7524000, 0x0000023de7524800, 0x0000023de7525800, 0x0000023de7528000,
0x0000023de7522800, 0x0000023de7529000, 0x0000023de80bc000, 0x0000023de80bb800,
0x0000023de80b7800, 0x0000023de80ba800, 0x0000023de80bf800, 0x0000023de80b9800,
0x0000023de8c70000, 0x0000023de8c6d800, 0x0000023de8736800, 0x0000023de8739800,
0x0000023de8738800, 0x0000023de8735800, 0x0000023de8737000, 0x0000023de8734000,
0x0000023de873a800, 0x0000023de873c000, 0x0000023de873b000, 0x0000023de873d000,
0x0000023de873d800, 0x0000023de8738000, 0x0000023de8740000, 0x0000023de873e800,
0x0000023de8741000, 0x0000023de873f000, 0x0000023de8741800, 0x0000023de8742800,
0x0000023de8c69800, 0x0000023de8c6b000, 0x0000023de8c6a800, 0x0000023de8c6c000,
0x0000023de8c66000, 0x0000023de8c6d000, 0x0000023de8c68800, 0x0000023de8c67000,
0x0000023de8c68000, 0x0000023de8c74000, 0x0000023de8c6f000, 0x0000023de8c6e800,
0x0000023de8c71000, 0x0000023de8c75000, 0x0000023de8c72800, 0x0000023de8c71800,
0x0000023de8c73800, 0x0000023de80bd000, 0x0000023de80be000, 0x0000023de80b8000,
0x0000023de80b9000, 0x0000023de80c5000, 0x0000023de80c4800, 0x0000023de80c2000,
0x0000023de80c2800, 0x0000023de80c6000, 0x0000023de80c3800, 0x0000023de6701800,
0x0000023de6702800, 0x0000023de6705000, 0x0000023de6700800, 0x0000023de6700000,
0x0000023de6703000, 0x0000023de6704000, 0x0000023de66ff000, 0x0000023de6709000,
0x0000023de6707000, 0x0000023de6708000, 0x0000023de670b800, 0x0000023de6706800,
0x0000023de6709800, 0x0000023de670a800, 0x0000023de6705800, 0x0000023de670c000,
0x0000023de670d000, 0x0000023de670e000, 0x0000023de7e7c000, 0x0000023de7e78000,
0x0000023de7e7d000, 0x0000023de7e7a800, 0x0000023de7e7e000, 0x0000023de7e7b800,
0x0000023de7e79000, 0x0000023de7e7e800, 0x0000023de7e7f800, 0x0000023de7e79800,
0x0000023de7e83800, 0x0000023de7e82000, 0x0000023de7e82800, 0x0000023de7e84800,
0x0000023de7e85000, 0x0000023de7e81000, 0x0000023de7e86000, 0x0000023de7e80800,
0x0000023de7e87000, 0x0000023de6817000, 0x0000023de6819000, 0x0000023de6818000,
0x0000023de6813000, 0x0000023de6819800, 0x0000023de6815800, 0x0000023de6816800,
0x0000023de6814000, 0x0000023de6815000, 0x0000023de681f800, 0x0000023de6820000,
0x0000023de681b800, 0x0000023de681d000, 0x0000023de681a800, 0x0000023de6822000,
0x0000023de681c000, 0x0000023de6821000, 0x0000023de681e000, 0x0000023de681e800,
0x0000023ded819000, 0x0000023ded81c800, 0x0000023ded816800, 0x0000023ded81d000,
0x0000023de4faf000, 0x0000023deda0d800, 0x0000023ded81a000, 0x0000023ded81b800,
0x0000023ded817800, 0x0000023ded81e000, 0x0000023ded818000, 0x0000023ded823000,
0x0000023ded81e800
}

Java Threads: ( => current thread )
  0x0000023dca00f800 JavaThread "main" [_thread_blocked, id=5616, stack(0x000000c7c8700000,0x000000c7c8800000)]
  0x0000023de44de000 JavaThread "Reference Handler" daemon [_thread_blocked, id=7792, stack(0x000000c7c8e00000,0x000000c7c8f00000)]
  0x0000023de4ce2800 JavaThread "Finalizer" daemon [_thread_blocked, id=14268, stack(0x000000c7c8f00000,0x000000c7c9000000)]
  0x0000023de4d40800 JavaThread "Signal Dispatcher" daemon [_thread_blocked, id=8360, stack(0x000000c7c9000000,0x000000c7c9100000)]
  0x0000023de4d41800 JavaThread "Attach Listener" daemon [_thread_blocked, id=3964, stack(0x000000c7c9100000,0x000000c7c9200000)]
  0x0000023de4d43000 JavaThread "Service Thread" daemon [_thread_blocked, id=8796, stack(0x000000c7c9200000,0x000000c7c9300000)]
  0x0000023de4d45800 JavaThread "C2 CompilerThread0" daemon [_thread_in_native, id=11956, stack(0x000000c7c9300000,0x000000c7c9400000)]
  0x0000023de4d4a000 JavaThread "C1 CompilerThread0" daemon [_thread_blocked, id=6316, stack(0x000000c7c9400000,0x000000c7c9500000)]
  0x0000023de4d60000 JavaThread "Sweeper thread" daemon [_thread_blocked, id=11692, stack(0x000000c7c9500000,0x000000c7c9600000)]
  0x0000023de4eca000 JavaThread "Common-Cleaner" daemon [_thread_blocked, id=2620, stack(0x000000c7c9600000,0x000000c7c9700000)]
  0x0000023de809e800 JavaThread "Daemon health stats" [_thread_blocked, id=5060, stack(0x000000c7c9d00000,0x000000c7c9e00000)]
  0x0000023de831c800 JavaThread "Incoming local TCP Connector on port 49832" [_thread_in_native, id=4644, stack(0x000000c7c9e00000,0x000000c7c9f00000)]
  0x0000023de716c800 JavaThread "Daemon periodic checks" [_thread_blocked, id=7072, stack(0x000000c7c9f00000,0x000000c7ca000000)]
  0x0000023de7527000 JavaThread "Cache worker for journal cache (C:\Users\sersu\.gradle\caches\journal-1)" [_thread_blocked, id=3260, stack(0x000000c7ca700000,0x000000c7ca800000)]
  0x0000023de7523000 JavaThread "File lock request listener" [_thread_in_native, id=4628, stack(0x000000c7ca800000,0x000000c7ca900000)]
  0x0000023de7526800 JavaThread "Cache worker for file hash cache (C:\Users\sersu\.gradle\caches\7.4\fileHashes)" [_thread_blocked, id=1816, stack(0x000000c7cae00000,0x000000c7caf00000)]
  0x0000023de7524000 JavaThread "File watcher server" daemon [_thread_in_native, id=13720, stack(0x000000c7caf00000,0x000000c7cb000000)]
  0x0000023de7524800 JavaThread "File watcher consumer" daemon [_thread_blocked, id=13528, stack(0x000000c7cb000000,0x000000c7cb100000)]
  0x0000023de7525800 JavaThread "jar transforms" [_thread_blocked, id=12228, stack(0x000000c7cb100000,0x000000c7cb200000)]
  0x0000023de7528000 JavaThread "jar transforms Thread 2" [_thread_blocked, id=3272, stack(0x000000c7cb200000,0x000000c7cb300000)]
  0x0000023de7522800 JavaThread "jar transforms Thread 3" [_thread_blocked, id=7992, stack(0x000000c7cb300000,0x000000c7cb400000)]
  0x0000023de7529000 JavaThread "jar transforms Thread 4" [_thread_blocked, id=2680, stack(0x000000c7cb400000,0x000000c7cb500000)]
  0x0000023de80bc000 JavaThread "jar transforms Thread 5" [_thread_blocked, id=11228, stack(0x000000c7cb500000,0x000000c7cb600000)]
  0x0000023de80bb800 JavaThread "jar transforms Thread 6" [_thread_blocked, id=7772, stack(0x000000c7cb600000,0x000000c7cb700000)]
  0x0000023de80b7800 JavaThread "jar transforms Thread 7" [_thread_blocked, id=552, stack(0x000000c7cb700000,0x000000c7cb800000)]
  0x0000023de80ba800 JavaThread "jar transforms Thread 8" [_thread_blocked, id=5984, stack(0x000000c7cb800000,0x000000c7cb900000)]
  0x0000023de80bf800 JavaThread "Cache worker for execution history cache (C:\Users\sersu\.gradle\caches\7.4\executionHistory)" [_thread_blocked, id=4228, stack(0x000000c7cbd00000,0x000000c7cbe00000)]
  0x0000023de80b9800 JavaThread "Cache worker for file content cache (C:\Users\sersu\.gradle\caches\7.4\fileContent)" [_thread_blocked, id=13768, stack(0x000000c7cbe00000,0x000000c7cbf00000)]
  0x0000023de8c70000 JavaThread "Memory manager" [_thread_blocked, id=13572, stack(0x000000c7d1100000,0x000000c7d1200000)]
  0x0000023de8c6d800 JavaThread "pool-3-thread-1" [_thread_blocked, id=8808, stack(0x000000c7d1200000,0x000000c7d1300000)]
  0x0000023de8736800 JavaThread "Daemon Thread 2" [_thread_blocked, id=15784, stack(0x000000c7c8400000,0x000000c7c8500000)]
  0x0000023de8739800 JavaThread "Handler for socket connection from /127.0.0.1:49832 to /127.0.0.1:50754" [_thread_in_native, id=15792, stack(0x000000c7c8500000,0x000000c7c8600000)]
  0x0000023de8738800 JavaThread "Cancel handler" [_thread_blocked, id=15824, stack(0x000000c7c8600000,0x000000c7c8700000)]
  0x0000023de8735800 JavaThread "Daemon worker Thread 2" [_thread_blocked, id=15828, stack(0x000000c7c9800000,0x000000c7c9900000)]
  0x0000023de8737000 JavaThread "Asynchronous log dispatcher for DefaultDaemonConnection: socket connection from /127.0.0.1:49832 to /127.0.0.1:50754" [_thread_blocked, id=11236, stack(0x000000c7c9900000,0x000000c7c9a00000)]
  0x0000023de8734000 JavaThread "Stdin handler" [_thread_blocked, id=5892, stack(0x000000c7ca000000,0x000000c7ca100000)]
  0x0000023de873a800 JavaThread "Daemon client event forwarder" [_thread_blocked, id=9460, stack(0x000000c7ca100000,0x000000c7ca200000)]
  0x0000023de873c000 JavaThread "Cache worker for checksums cache (D:\Users\sersu\android\3Raya\.gradle\7.4\checksums)" [_thread_blocked, id=15876, stack(0x000000c7ca200000,0x000000c7ca300000)]
  0x0000023de873b000 JavaThread "Cache worker for cache directory md-rule (C:\Users\sersu\.gradle\caches\7.4\md-rule)" [_thread_blocked, id=7768, stack(0x000000c7ca300000,0x000000c7ca400000)]
  0x0000023de873d000 JavaThread "Cache worker for file hash cache (D:\Users\sersu\android\3Raya\.gradle\7.4\fileHashes)" [_thread_blocked, id=15716, stack(0x000000c7ca400000,0x000000c7ca500000)]
  0x0000023de873d800 JavaThread "Cache worker for cache directory md-supplier (C:\Users\sersu\.gradle\caches\7.4\md-supplier)" [_thread_blocked, id=15896, stack(0x000000c7ca500000,0x000000c7ca600000)]
  0x0000023de8738000 JavaThread "Cache worker for dependencies-accessors (D:\Users\sersu\android\3Raya\.gradle\7.4\dependencies-accessors)" [_thread_blocked, id=15908, stack(0x000000c7ca600000,0x000000c7ca700000)]
  0x0000023de8740000 JavaThread "Cache worker for Build Output Cleanup Cache (D:\Users\sersu\android\3Raya\.gradle\buildOutputCleanup)" [_thread_blocked, id=15900, stack(0x000000c7cba00000,0x000000c7cbb00000)]
  0x0000023de873e800 JavaThread "Unconstrained build operations" [_thread_blocked, id=15572, stack(0x000000c7cbc00000,0x000000c7cbd00000)]
  0x0000023de8741000 JavaThread "Unconstrained build operations Thread 2" [_thread_blocked, id=15584, stack(0x000000c7cbf00000,0x000000c7cc000000)]
  0x0000023de873f000 JavaThread "Unconstrained build operations Thread 3" [_thread_blocked, id=15592, stack(0x000000c7cc000000,0x000000c7cc100000)]
  0x0000023de8741800 JavaThread "Unconstrained build operations Thread 4" [_thread_blocked, id=15596, stack(0x000000c7cc100000,0x000000c7cc200000)]
  0x0000023de8742800 JavaThread "Unconstrained build operations Thread 5" [_thread_blocked, id=15968, stack(0x000000c7cc200000,0x000000c7cc300000)]
  0x0000023de8c69800 JavaThread "Unconstrained build operations Thread 6" [_thread_blocked, id=11024, stack(0x000000c7cc300000,0x000000c7cc400000)]
  0x0000023de8c6b000 JavaThread "Unconstrained build operations Thread 7" [_thread_blocked, id=15732, stack(0x000000c7cc400000,0x000000c7cc500000)]
  0x0000023de8c6a800 JavaThread "Unconstrained build operations Thread 8" [_thread_blocked, id=15952, stack(0x000000c7cc500000,0x000000c7cc600000)]
  0x0000023de8c6c000 JavaThread "Unconstrained build operations Thread 9" [_thread_blocked, id=15992, stack(0x000000c7cc600000,0x000000c7cc700000)]
  0x0000023de8c66000 JavaThread "Unconstrained build operations Thread 10" [_thread_blocked, id=15840, stack(0x000000c7cc700000,0x000000c7cc800000)]
  0x0000023de8c6d000 JavaThread "Unconstrained build operations Thread 11" [_thread_blocked, id=15836, stack(0x000000c7cc800000,0x000000c7cc900000)]
  0x0000023de8c68800 JavaThread "Unconstrained build operations Thread 12" [_thread_blocked, id=3188, stack(0x000000c7cc900000,0x000000c7cca00000)]
  0x0000023de8c67000 JavaThread "Unconstrained build operations Thread 13" [_thread_blocked, id=14816, stack(0x000000c7cca00000,0x000000c7ccb00000)]
  0x0000023de8c68000 JavaThread "Unconstrained build operations Thread 14" [_thread_blocked, id=9124, stack(0x000000c7ccb00000,0x000000c7ccc00000)]
  0x0000023de8c74000 JavaThread "Unconstrained build operations Thread 15" [_thread_blocked, id=14060, stack(0x000000c7ccc00000,0x000000c7ccd00000)]
  0x0000023de8c6f000 JavaThread "Unconstrained build operations Thread 16" [_thread_blocked, id=14620, stack(0x000000c7ccd00000,0x000000c7cce00000)]
  0x0000023de8c6e800 JavaThread "Unconstrained build operations Thread 17" [_thread_blocked, id=16020, stack(0x000000c7cce00000,0x000000c7ccf00000)]
  0x0000023de8c71000 JavaThread "Unconstrained build operations Thread 18" [_thread_blocked, id=15744, stack(0x000000c7ccf00000,0x000000c7cd000000)]
  0x0000023de8c75000 JavaThread "Unconstrained build operations Thread 19" [_thread_blocked, id=10068, stack(0x000000c7cd000000,0x000000c7cd100000)]
  0x0000023de8c72800 JavaThread "Unconstrained build operations Thread 20" [_thread_blocked, id=15748, stack(0x000000c7cd100000,0x000000c7cd200000)]
  0x0000023de8c71800 JavaThread "Unconstrained build operations Thread 21" [_thread_blocked, id=15752, stack(0x000000c7cd200000,0x000000c7cd300000)]
  0x0000023de8c73800 JavaThread "Unconstrained build operations Thread 22" [_thread_blocked, id=16044, stack(0x000000c7cd300000,0x000000c7cd400000)]
  0x0000023de80bd000 JavaThread "Unconstrained build operations Thread 23" [_thread_blocked, id=14768, stack(0x000000c7cd400000,0x000000c7cd500000)]
  0x0000023de80be000 JavaThread "Unconstrained build operations Thread 24" [_thread_blocked, id=12132, stack(0x000000c7cd500000,0x000000c7cd600000)]
  0x0000023de80b8000 JavaThread "Unconstrained build operations Thread 25" [_thread_blocked, id=16036, stack(0x000000c7cd600000,0x000000c7cd700000)]
  0x0000023de80b9000 JavaThread "Unconstrained build operations Thread 26" [_thread_blocked, id=16128, stack(0x000000c7cd700000,0x000000c7cd800000)]
  0x0000023de80c5000 JavaThread "Unconstrained build operations Thread 27" [_thread_blocked, id=16176, stack(0x000000c7cd800000,0x000000c7cd900000)]
  0x0000023de80c4800 JavaThread "Unconstrained build operations Thread 28" [_thread_blocked, id=15140, stack(0x000000c7cd900000,0x000000c7cda00000)]
  0x0000023de80c2000 JavaThread "Unconstrained build operations Thread 29" [_thread_blocked, id=16336, stack(0x000000c7cda00000,0x000000c7cdb00000)]
  0x0000023de80c2800 JavaThread "Unconstrained build operations Thread 30" [_thread_blocked, id=15628, stack(0x000000c7cdb00000,0x000000c7cdc00000)]
  0x0000023de80c6000 JavaThread "Unconstrained build operations Thread 31" [_thread_blocked, id=15624, stack(0x000000c7cdc00000,0x000000c7cdd00000)]
  0x0000023de80c3800 JavaThread "Unconstrained build operations Thread 32" [_thread_blocked, id=1848, stack(0x000000c7cdd00000,0x000000c7cde00000)]
  0x0000023de6701800 JavaThread "Unconstrained build operations Thread 33" [_thread_blocked, id=10628, stack(0x000000c7cde00000,0x000000c7cdf00000)]
  0x0000023de6702800 JavaThread "Unconstrained build operations Thread 34" [_thread_blocked, id=4912, stack(0x000000c7cdf00000,0x000000c7ce000000)]
  0x0000023de6705000 JavaThread "Unconstrained build operations Thread 35" [_thread_blocked, id=6848, stack(0x000000c7ce000000,0x000000c7ce100000)]
  0x0000023de6700800 JavaThread "Unconstrained build operations Thread 36" [_thread_blocked, id=9116, stack(0x000000c7ce100000,0x000000c7ce200000)]
  0x0000023de6700000 JavaThread "Unconstrained build operations Thread 37" [_thread_blocked, id=15472, stack(0x000000c7ce200000,0x000000c7ce300000)]
  0x0000023de6703000 JavaThread "Unconstrained build operations Thread 38" [_thread_blocked, id=3564, stack(0x000000c7ce300000,0x000000c7ce400000)]
  0x0000023de6704000 JavaThread "Unconstrained build operations Thread 39" [_thread_blocked, id=812, stack(0x000000c7ce400000,0x000000c7ce500000)]
  0x0000023de66ff000 JavaThread "Unconstrained build operations Thread 40" [_thread_blocked, id=14756, stack(0x000000c7ce500000,0x000000c7ce600000)]
  0x0000023de6709000 JavaThread "Unconstrained build operations Thread 41" [_thread_blocked, id=14564, stack(0x000000c7ce600000,0x000000c7ce700000)]
  0x0000023de6707000 JavaThread "Unconstrained build operations Thread 42" [_thread_blocked, id=14572, stack(0x000000c7ce700000,0x000000c7ce800000)]
  0x0000023de6708000 JavaThread "Unconstrained build operations Thread 43" [_thread_blocked, id=1524, stack(0x000000c7ce800000,0x000000c7ce900000)]
  0x0000023de670b800 JavaThread "Unconstrained build operations Thread 44" [_thread_blocked, id=13216, stack(0x000000c7ce900000,0x000000c7cea00000)]
  0x0000023de6706800 JavaThread "Unconstrained build operations Thread 45" [_thread_blocked, id=15120, stack(0x000000c7cea00000,0x000000c7ceb00000)]
  0x0000023de6709800 JavaThread "Unconstrained build operations Thread 46" [_thread_blocked, id=3268, stack(0x000000c7ceb00000,0x000000c7cec00000)]
  0x0000023de670a800 JavaThread "Unconstrained build operations Thread 47" [_thread_blocked, id=15132, stack(0x000000c7cec00000,0x000000c7ced00000)]
  0x0000023de6705800 JavaThread "Unconstrained build operations Thread 48" [_thread_blocked, id=15636, stack(0x000000c7ced00000,0x000000c7cee00000)]
  0x0000023de670c000 JavaThread "Unconstrained build operations Thread 49" [_thread_blocked, id=4124, stack(0x000000c7cee00000,0x000000c7cef00000)]
  0x0000023de670d000 JavaThread "Unconstrained build operations Thread 50" [_thread_blocked, id=5584, stack(0x000000c7cef00000,0x000000c7cf000000)]
  0x0000023de670e000 JavaThread "Unconstrained build operations Thread 51" [_thread_blocked, id=16208, stack(0x000000c7cf000000,0x000000c7cf100000)]
  0x0000023de7e7c000 JavaThread "Unconstrained build operations Thread 52" [_thread_blocked, id=4116, stack(0x000000c7cf100000,0x000000c7cf200000)]
  0x0000023de7e78000 JavaThread "Unconstrained build operations Thread 53" [_thread_blocked, id=5548, stack(0x000000c7cf200000,0x000000c7cf300000)]
  0x0000023de7e7d000 JavaThread "Unconstrained build operations Thread 54" [_thread_blocked, id=15832, stack(0x000000c7cf300000,0x000000c7cf400000)]
  0x0000023de7e7a800 JavaThread "Unconstrained build operations Thread 55" [_thread_blocked, id=15972, stack(0x000000c7cf400000,0x000000c7cf500000)]
  0x0000023de7e7e000 JavaThread "Unconstrained build operations Thread 56" [_thread_blocked, id=15980, stack(0x000000c7cf500000,0x000000c7cf600000)]
  0x0000023de7e7b800 JavaThread "Unconstrained build operations Thread 57" [_thread_blocked, id=13316, stack(0x000000c7cf600000,0x000000c7cf700000)]
  0x0000023de7e79000 JavaThread "Unconstrained build operations Thread 58" [_thread_blocked, id=16004, stack(0x000000c7cf700000,0x000000c7cf800000)]
  0x0000023de7e7e800 JavaThread "Unconstrained build operations Thread 59" [_thread_blocked, id=16012, stack(0x000000c7cf800000,0x000000c7cf900000)]
  0x0000023de7e7f800 JavaThread "Unconstrained build operations Thread 60" [_thread_blocked, id=13092, stack(0x000000c7cf900000,0x000000c7cfa00000)]
  0x0000023de7e79800 JavaThread "Unconstrained build operations Thread 61" [_thread_blocked, id=15488, stack(0x000000c7cfa00000,0x000000c7cfb00000)]
  0x0000023de7e83800 JavaThread "Unconstrained build operations Thread 62" [_thread_blocked, id=3408, stack(0x000000c7cfb00000,0x000000c7cfc00000)]
  0x0000023de7e82000 JavaThread "Unconstrained build operations Thread 63" [_thread_blocked, id=16028, stack(0x000000c7cfc00000,0x000000c7cfd00000)]
  0x0000023de7e82800 JavaThread "Unconstrained build operations Thread 64" [_thread_blocked, id=16032, stack(0x000000c7cfd00000,0x000000c7cfe00000)]
  0x0000023de7e84800 JavaThread "Unconstrained build operations Thread 65" [_thread_blocked, id=9368, stack(0x000000c7cfe00000,0x000000c7cff00000)]
  0x0000023de7e85000 JavaThread "Unconstrained build operations Thread 66" [_thread_blocked, id=14168, stack(0x000000c7cff00000,0x000000c7d0000000)]
  0x0000023de7e81000 JavaThread "Unconstrained build operations Thread 67" [_thread_blocked, id=6036, stack(0x000000c7d0000000,0x000000c7d0100000)]
  0x0000023de7e86000 JavaThread "Unconstrained build operations Thread 68" [_thread_blocked, id=15740, stack(0x000000c7d0100000,0x000000c7d0200000)]
  0x0000023de7e80800 JavaThread "Unconstrained build operations Thread 69" [_thread_blocked, id=5008, stack(0x000000c7d0200000,0x000000c7d0300000)]
  0x0000023de7e87000 JavaThread "Unconstrained build operations Thread 70" [_thread_blocked, id=15756, stack(0x000000c7d0300000,0x000000c7d0400000)]
  0x0000023de6817000 JavaThread "Unconstrained build operations Thread 71" [_thread_blocked, id=2096, stack(0x000000c7d0400000,0x000000c7d0500000)]
  0x0000023de6819000 JavaThread "Unconstrained build operations Thread 72" [_thread_blocked, id=14648, stack(0x000000c7d0500000,0x000000c7d0600000)]
  0x0000023de6818000 JavaThread "Unconstrained build operations Thread 73" [_thread_blocked, id=16016, stack(0x000000c7d0600000,0x000000c7d0700000)]
  0x0000023de6813000 JavaThread "Unconstrained build operations Thread 74" [_thread_blocked, id=15932, stack(0x000000c7d0700000,0x000000c7d0800000)]
  0x0000023de6819800 JavaThread "Unconstrained build operations Thread 75" [_thread_blocked, id=9564, stack(0x000000c7d0800000,0x000000c7d0900000)]
  0x0000023de6815800 JavaThread "Unconstrained build operations Thread 76" [_thread_blocked, id=15964, stack(0x000000c7d0900000,0x000000c7d0a00000)]
  0x0000023de6816800 JavaThread "Unconstrained build operations Thread 77" [_thread_blocked, id=16056, stack(0x000000c7d0a00000,0x000000c7d0b00000)]
  0x0000023de6814000 JavaThread "Unconstrained build operations Thread 78" [_thread_blocked, id=16064, stack(0x000000c7d0b00000,0x000000c7d0c00000)]
  0x0000023de6815000 JavaThread "Unconstrained build operations Thread 79" [_thread_blocked, id=16060, stack(0x000000c7d0c00000,0x000000c7d0d00000)]
  0x0000023de681f800 JavaThread "Unconstrained build operations Thread 80" [_thread_blocked, id=16088, stack(0x000000c7d0d00000,0x000000c7d0e00000)]
  0x0000023de6820000 JavaThread "build event listener" [_thread_blocked, id=15988, stack(0x000000c7d0e00000,0x000000c7d0f00000)]
  0x0000023de681b800 JavaThread "pool-6-thread-1" [_thread_blocked, id=15996, stack(0x000000c7d0f00000,0x000000c7d1000000)]
  0x0000023de681d000 JavaThread "build event listener" [_thread_blocked, id=16000, stack(0x000000c7d1000000,0x000000c7d1100000)]
  0x0000023de681a800 JavaThread "included builds" [_thread_blocked, id=13984, stack(0x000000c7d1300000,0x000000c7d1400000)]
  0x0000023de6822000 JavaThread "Execution worker for ':'" [_thread_blocked, id=7432, stack(0x000000c7d1400000,0x000000c7d1500000)]
  0x0000023de681c000 JavaThread "Execution worker for ':' Thread 2" [_thread_blocked, id=10988, stack(0x000000c7d1500000,0x000000c7d1600000)]
  0x0000023de6821000 JavaThread "Execution worker for ':' Thread 3" [_thread_blocked, id=15484, stack(0x000000c7d1600000,0x000000c7d1700000)]
  0x0000023de681e000 JavaThread "Execution worker for ':' Thread 4" [_thread_blocked, id=5700, stack(0x000000c7d1700000,0x000000c7d1800000)]
  0x0000023de681e800 JavaThread "Execution worker for ':' Thread 5" [_thread_blocked, id=7240, stack(0x000000c7d1800000,0x000000c7d1900000)]
  0x0000023ded819000 JavaThread "Execution worker for ':' Thread 6" [_thread_blocked, id=15692, stack(0x000000c7d1900000,0x000000c7d1a00000)]
  0x0000023ded81c800 JavaThread "Execution worker for ':' Thread 7" [_thread_blocked, id=15696, stack(0x000000c7d1a00000,0x000000c7d1b00000)]
  0x0000023ded816800 JavaThread "Cache worker for execution history cache (D:\Users\sersu\android\3Raya\.gradle\7.4\executionHistory)" [_thread_blocked, id=15492, stack(0x000000c7d1b00000,0x000000c7d1c00000)]
  0x0000023ded81d000 JavaThread "WorkerExecutor Queue" [_thread_blocked, id=16108, stack(0x000000c7d1c00000,0x000000c7d1d00000)]
=>0x0000023de4faf000 JavaThread "C2 CompilerThread1" daemon [_thread_in_native, id=15884, stack(0x000000c7cb900000,0x000000c7cba00000)]
  0x0000023deda0d800 JavaThread "C2 CompilerThread2" daemon [_thread_in_native, id=16140, stack(0x000000c7cbb00000,0x000000c7cbc00000)]
  0x0000023ded81a000 JavaThread "WorkerExecutor Queue Thread 2" [_thread_blocked, id=5152, stack(0x000000c7d1d00000,0x000000c7d1e00000)]
  0x0000023ded81b800 JavaThread "WorkerExecutor Queue Thread 3" [_thread_blocked, id=11644, stack(0x000000c7d1e00000,0x000000c7d1f00000)]
  0x0000023ded817800 JavaThread "WorkerExecutor Queue Thread 4" [_thread_blocked, id=5272, stack(0x000000c7d1f00000,0x000000c7d2000000)]
  0x0000023ded81e000 JavaThread "WorkerExecutor Queue Thread 5" [_thread_in_vm, id=9548, stack(0x000000c7d2000000,0x000000c7d2100000)]
  0x0000023ded818000 JavaThread "WorkerExecutor Queue Thread 6" [_thread_blocked, id=14960, stack(0x000000c7d2100000,0x000000c7d2200000)]
  0x0000023ded823000 JavaThread "WorkerExecutor Queue Thread 7" [_thread_blocked, id=13376, stack(0x000000c7d2200000,0x000000c7d2300000)]
  0x0000023ded81e800 JavaThread "WorkerExecutor Queue Thread 8" [_thread_blocked, id=9900, stack(0x000000c7d2300000,0x000000c7d2400000)]

Other Threads:
  0x0000023de44da800 VMThread "VM Thread" [stack: 0x000000c7c8d00000,0x000000c7c8e00000] [id=320]
  0x0000023de4ede000 WatcherThread [stack: 0x000000c7c9700000,0x000000c7c9800000] [id=7144]
  0x0000023dca029800 GCTaskThread "GC Thread#0" [stack: 0x000000c7c8800000,0x000000c7c8900000] [id=13392]
  0x0000023de5d56800 GCTaskThread "GC Thread#1" [stack: 0x000000c7c9a00000,0x000000c7c9b00000] [id=6968]
  0x0000023de6157000 GCTaskThread "GC Thread#2" [stack: 0x000000c7c9b00000,0x000000c7c9c00000] [id=12612]
  0x0000023de5dd5800 GCTaskThread "GC Thread#3" [stack: 0x000000c7c9c00000,0x000000c7c9d00000] [id=13668]
  0x0000023de82fa800 GCTaskThread "GC Thread#4" [stack: 0x000000c7ca900000,0x000000c7caa00000] [id=9500]
  0x0000023de62ca800 GCTaskThread "GC Thread#5" [stack: 0x000000c7caa00000,0x000000c7cab00000] [id=14284]
  0x0000023de60ab000 GCTaskThread "GC Thread#6" [stack: 0x000000c7cab00000,0x000000c7cac00000] [id=14036]
  0x0000023de7555800 GCTaskThread "GC Thread#7" [stack: 0x000000c7cac00000,0x000000c7cad00000] [id=7724]
  0x0000023dca05a000 ConcurrentGCThread "G1 Main Marker" [stack: 0x000000c7c8900000,0x000000c7c8a00000] [id=13356]
  0x0000023dca05c800 ConcurrentGCThread "G1 Conc#0" [stack: 0x000000c7c8a00000,0x000000c7c8b00000] [id=12264]
  0x0000023de5b7f800 ConcurrentGCThread "G1 Conc#1" [stack: 0x000000c7cad00000,0x000000c7cae00000] [id=3284]
  0x0000023de4326800 ConcurrentGCThread "G1 Refine#0" [stack: 0x000000c7c8b00000,0x000000c7c8c00000] [id=10656]
  0x0000023de4329000 ConcurrentGCThread "G1 Young RemSet Sampling" [stack: 0x000000c7c8c00000,0x000000c7c8d00000] [id=9748]

Threads with active compile tasks:
C2 CompilerThread07050095 19279       4       java.util.regex.Pattern::split (290 bytes)
C2 CompilerThread17050095 19116       4       java.lang.String::split (324 bytes)
C2 CompilerThread27050095 19315   !   4       java.lang.ClassLoader::checkCerts (195 bytes)

VM state:at safepoint (normal execution)

VM Mutex/Monitor currently owned by a thread:  ([mutex/lock_event])
[0x0000023dca00cc20] Threads_lock - owner thread: 0x0000023de44da800

Heap address: 0x0000000080000000, size: 2048 MB, Compressed Oops mode: 32-bit
Narrow klass base: 0x0000000000000000, Narrow klass shift: 3
Compressed class space size: 1073741824 Address: 0x0000000100000000

Heap:
 garbage-first heap   total 280576K, used 205884K [0x0000000080000000, 0x0000000100000000)
  region size 1024K, 40 young (40960K), 1 survivors (1024K)
 Metaspace       used 132157K, capacity 134853K, committed 135128K, reserved 1167360K
  class space    used 16007K, capacity 17046K, committed 17112K, reserved 1048576K
Heap Regions: E=young(eden), S=young(survivor), O=old, HS=humongous(starts), HC=humongous(continues), CS=collection set, F=free, A=archive, TAMS=top-at-mark-start (previous, next)
|   0|0x0000000080000000, 0x0000000080100000, 0x0000000080100000|100%|HS|  |TAMS 0x0000000080100000, 0x0000000080000000| Complete 
|   1|0x0000000080100000, 0x0000000080200000, 0x0000000080200000|100%|HC|  |TAMS 0x0000000080200000, 0x0000000080100000| Complete 
|   2|0x0000000080200000, 0x0000000080300000, 0x0000000080300000|100%| O|  |TAMS 0x0000000080300000, 0x0000000080200000| Untracked 
|   3|0x0000000080300000, 0x0000000080400000, 0x0000000080400000|100%|HS|  |TAMS 0x0000000080400000, 0x0000000080300000| Complete 
|   4|0x0000000080400000, 0x0000000080500000, 0x0000000080500000|100%|HC|  |TAMS 0x0000000080500000, 0x0000000080400000| Complete 
|   5|0x0000000080500000, 0x0000000080600000, 0x0000000080600000|100%|HC|  |TAMS 0x0000000080600000, 0x0000000080500000| Complete 
|   6|0x0000000080600000, 0x0000000080700000, 0x0000000080700000|100%| O|  |TAMS 0x0000000080700000, 0x0000000080600000| Untracked 
|   7|0x0000000080700000, 0x0000000080800000, 0x0000000080800000|100%| O|  |TAMS 0x0000000080800000, 0x0000000080700000| Untracked 
|   8|0x0000000080800000, 0x0000000080900000, 0x0000000080900000|100%| O|  |TAMS 0x0000000080900000, 0x0000000080800000| Untracked 
|   9|0x0000000080900000, 0x0000000080a00000, 0x0000000080a00000|100%| O|  |TAMS 0x0000000080a00000, 0x0000000080900000| Untracked 
|  10|0x0000000080a00000, 0x0000000080b00000, 0x0000000080b00000|100%|HS|  |TAMS 0x0000000080b00000, 0x0000000080a00000| Complete 
|  11|0x0000000080b00000, 0x0000000080c00000, 0x0000000080c00000|100%|HC|  |TAMS 0x0000000080c00000, 0x0000000080b00000| Complete 
|  12|0x0000000080c00000, 0x0000000080d00000, 0x0000000080d00000|100%|HC|  |TAMS 0x0000000080d00000, 0x0000000080c00000| Complete 
|  13|0x0000000080d00000, 0x0000000080e00000, 0x0000000080e00000|100%|HS|  |TAMS 0x0000000080e00000, 0x0000000080d00000| Complete 
|  14|0x0000000080e00000, 0x0000000080f00000, 0x0000000080f00000|100%|HC|  |TAMS 0x0000000080f00000, 0x0000000080e00000| Complete 
|  15|0x0000000080f00000, 0x0000000081000000, 0x0000000081000000|100%|HC|  |TAMS 0x0000000081000000, 0x0000000080f00000| Complete 
|  16|0x0000000081000000, 0x0000000081100000, 0x0000000081100000|100%|HC|  |TAMS 0x0000000081100000, 0x0000000081000000| Complete 
|  17|0x0000000081100000, 0x0000000081200000, 0x0000000081200000|100%|HC|  |TAMS 0x0000000081200000, 0x0000000081100000| Complete 
|  18|0x0000000081200000, 0x0000000081300000, 0x0000000081300000|100%| O|  |TAMS 0x0000000081300000, 0x0000000081200000| Untracked 
|  19|0x0000000081300000, 0x0000000081400000, 0x0000000081400000|100%| O|  |TAMS 0x0000000081400000, 0x0000000081300000| Untracked 
|  20|0x0000000081400000, 0x0000000081500000, 0x0000000081500000|100%| O|  |TAMS 0x0000000081500000, 0x0000000081400000| Untracked 
|  21|0x0000000081500000, 0x0000000081600000, 0x0000000081600000|100%| O|  |TAMS 0x0000000081600000, 0x0000000081500000| Untracked 
|  22|0x0000000081600000, 0x0000000081700000, 0x0000000081700000|100%| O|  |TAMS 0x0000000081700000, 0x0000000081600000| Untracked 
|  23|0x0000000081700000, 0x0000000081800000, 0x0000000081800000|100%| O|  |TAMS 0x0000000081800000, 0x0000000081700000| Untracked 
|  24|0x0000000081800000, 0x0000000081900000, 0x0000000081900000|100%| O|  |TAMS 0x0000000081900000, 0x0000000081800000| Untracked 
|  25|0x0000000081900000, 0x0000000081a00000, 0x0000000081a00000|100%| O|  |TAMS 0x0000000081a00000, 0x0000000081900000| Untracked 
|  26|0x0000000081a00000, 0x0000000081b00000, 0x0000000081b00000|100%| O|  |TAMS 0x0000000081b00000, 0x0000000081a00000| Untracked 
|  27|0x0000000081b00000, 0x0000000081c00000, 0x0000000081c00000|100%|HS|  |TAMS 0x0000000081c00000, 0x0000000081b00000| Complete 
|  28|0x0000000081c00000, 0x0000000081d00000, 0x0000000081d00000|100%|HC|  |TAMS 0x0000000081d00000, 0x0000000081c00000| Complete 
|  29|0x0000000081d00000, 0x0000000081e00000, 0x0000000081e00000|100%|HC|  |TAMS 0x0000000081e00000, 0x0000000081d00000| Complete 
|  30|0x0000000081e00000, 0x0000000081f00000, 0x0000000081f00000|100%|HS|  |TAMS 0x0000000081f00000, 0x0000000081e00000| Complete 
|  31|0x0000000081f00000, 0x0000000082000000, 0x0000000082000000|100%| O|  |TAMS 0x0000000082000000, 0x0000000081f00000| Untracked 
|  32|0x0000000082000000, 0x0000000082100000, 0x0000000082100000|100%| O|  |TAMS 0x0000000082100000, 0x0000000082000000| Untracked 
|  33|0x0000000082100000, 0x0000000082200000, 0x0000000082200000|100%| O|  |TAMS 0x0000000082200000, 0x0000000082100000| Untracked 
|  34|0x0000000082200000, 0x0000000082300000, 0x0000000082300000|100%| O|  |TAMS 0x0000000082300000, 0x0000000082200000| Untracked 
|  35|0x0000000082300000, 0x0000000082400000, 0x0000000082400000|100%| O|  |TAMS 0x0000000082400000, 0x0000000082300000| Untracked 
|  36|0x0000000082400000, 0x0000000082500000, 0x0000000082500000|100%| O|  |TAMS 0x0000000082500000, 0x0000000082400000| Untracked 
|  37|0x0000000082500000, 0x0000000082600000, 0x0000000082600000|100%| O|  |TAMS 0x0000000082600000, 0x0000000082500000| Untracked 
|  38|0x0000000082600000, 0x0000000082600000, 0x0000000082700000|  0%| F|  |TAMS 0x0000000082600000, 0x0000000082600000| Untracked 
|  39|0x0000000082700000, 0x0000000082800000, 0x0000000082800000|100%| O|  |TAMS 0x0000000082800000, 0x0000000082700000| Untracked 
|  40|0x0000000082800000, 0x0000000082900000, 0x0000000082900000|100%|HS|  |TAMS 0x0000000082900000, 0x0000000082800000| Complete 
|  41|0x0000000082900000, 0x0000000082a00000, 0x0000000082a00000|100%|HC|  |TAMS 0x0000000082a00000, 0x0000000082900000| Complete 
|  42|0x0000000082a00000, 0x0000000082b00000, 0x0000000082b00000|100%|HC|  |TAMS 0x0000000082b00000, 0x0000000082a00000| Complete 
|  43|0x0000000082b00000, 0x0000000082c00000, 0x0000000082c00000|100%|HC|  |TAMS 0x0000000082c00000, 0x0000000082b00000| Complete 
|  44|0x0000000082c00000, 0x0000000082d00000, 0x0000000082d00000|100%|HS|  |TAMS 0x0000000082d00000, 0x0000000082c00000| Complete 
|  45|0x0000000082d00000, 0x0000000082e00000, 0x0000000082e00000|100%|HC|  |TAMS 0x0000000082e00000, 0x0000000082d00000| Complete 
|  46|0x0000000082e00000, 0x0000000082f00000, 0x0000000082f00000|100%|HC|  |TAMS 0x0000000082f00000, 0x0000000082e00000| Complete 
|  47|0x0000000082f00000, 0x0000000083000000, 0x0000000083000000|100%|HS|  |TAMS 0x0000000083000000, 0x0000000082f00000| Complete 
|  48|0x0000000083000000, 0x0000000083100000, 0x0000000083100000|100%|HC|  |TAMS 0x0000000083100000, 0x0000000083000000| Complete 
|  49|0x0000000083100000, 0x0000000083200000, 0x0000000083200000|100%|HS|  |TAMS 0x0000000083200000, 0x0000000083100000| Complete 
|  50|0x0000000083200000, 0x0000000083300000, 0x0000000083300000|100%|HC|  |TAMS 0x0000000083300000, 0x0000000083200000| Complete 
|  51|0x0000000083300000, 0x0000000083400000, 0x0000000083400000|100%|HC|  |TAMS 0x0000000083400000, 0x0000000083300000| Complete 
|  52|0x0000000083400000, 0x0000000083500000, 0x0000000083500000|100%|HS|  |TAMS 0x0000000083500000, 0x0000000083400000| Complete 
|  53|0x0000000083500000, 0x0000000083500000, 0x0000000083600000|  0%| F|  |TAMS 0x0000000083500000, 0x0000000083500000| Untracked 
|  54|0x0000000083600000, 0x0000000083700000, 0x0000000083700000|100%| O|  |TAMS 0x0000000083700000, 0x0000000083600000| Untracked 
|  55|0x0000000083700000, 0x0000000083800000, 0x0000000083800000|100%| O|  |TAMS 0x0000000083800000, 0x0000000083700000| Untracked 
|  56|0x0000000083800000, 0x0000000083900000, 0x0000000083900000|100%| O|  |TAMS 0x0000000083900000, 0x0000000083800000| Untracked 
|  57|0x0000000083900000, 0x0000000083a00000, 0x0000000083a00000|100%| O|  |TAMS 0x0000000083a00000, 0x0000000083900000| Untracked 
|  58|0x0000000083a00000, 0x0000000083b00000, 0x0000000083b00000|100%|HS|  |TAMS 0x0000000083b00000, 0x0000000083a00000| Complete 
|  59|0x0000000083b00000, 0x0000000083c00000, 0x0000000083c00000|100%|HC|  |TAMS 0x0000000083c00000, 0x0000000083b00000| Complete 
|  60|0x0000000083c00000, 0x0000000083d00000, 0x0000000083d00000|100%|HC|  |TAMS 0x0000000083d00000, 0x0000000083c00000| Complete 
|  61|0x0000000083d00000, 0x0000000083e00000, 0x0000000083e00000|100%|HC|  |TAMS 0x0000000083e00000, 0x0000000083d00000| Complete 
|  62|0x0000000083e00000, 0x0000000083f00000, 0x0000000083f00000|100%|HC|  |TAMS 0x0000000083f00000, 0x0000000083e00000| Complete 
|  63|0x0000000083f00000, 0x0000000084000000, 0x0000000084000000|100%| O|  |TAMS 0x0000000084000000, 0x0000000083f00000| Untracked 
|  64|0x0000000084000000, 0x0000000084100000, 0x0000000084100000|100%| O|  |TAMS 0x0000000084100000, 0x0000000084000000| Untracked 
|  65|0x0000000084100000, 0x0000000084200000, 0x0000000084200000|100%| O|  |TAMS 0x0000000084200000, 0x0000000084100000| Untracked 
|  66|0x0000000084200000, 0x0000000084300000, 0x0000000084300000|100%| O|  |TAMS 0x0000000084300000, 0x0000000084200000| Untracked 
|  67|0x0000000084300000, 0x0000000084400000, 0x0000000084400000|100%|HS|  |TAMS 0x0000000084400000, 0x0000000084300000| Complete 
|  68|0x0000000084400000, 0x0000000084500000, 0x0000000084500000|100%|HS|  |TAMS 0x0000000084500000, 0x0000000084400000| Complete 
|  69|0x0000000084500000, 0x0000000084600000, 0x0000000084600000|100%|HS|  |TAMS 0x0000000084600000, 0x0000000084500000| Complete 
|  70|0x0000000084600000, 0x0000000084700000, 0x0000000084700000|100%|HC|  |TAMS 0x0000000084700000, 0x0000000084600000| Complete 
|  71|0x0000000084700000, 0x0000000084800000, 0x0000000084800000|100%|HC|  |TAMS 0x0000000084800000, 0x0000000084700000| Complete 
|  72|0x0000000084800000, 0x0000000084900000, 0x0000000084900000|100%| O|  |TAMS 0x0000000084900000, 0x0000000084800000| Untracked 
|  73|0x0000000084900000, 0x0000000084a00000, 0x0000000084a00000|100%|HS|  |TAMS 0x0000000084a00000, 0x0000000084900000| Complete 
|  74|0x0000000084a00000, 0x0000000084b00000, 0x0000000084b00000|100%|HC|  |TAMS 0x0000000084b00000, 0x0000000084a00000| Complete 
|  75|0x0000000084b00000, 0x0000000084c00000, 0x0000000084c00000|100%| O|  |TAMS 0x0000000084be8e00, 0x0000000084b00000| Untracked 
|  76|0x0000000084c00000, 0x0000000084d00000, 0x0000000084d00000|100%| O|  |TAMS 0x0000000084d00000, 0x0000000084c00000| Untracked 
|  77|0x0000000084d00000, 0x0000000084e00000, 0x0000000084e00000|100%| O|  |TAMS 0x0000000084e00000, 0x0000000084d00000| Untracked 
|  78|0x0000000084e00000, 0x0000000084f00000, 0x0000000084f00000|100%| O|  |TAMS 0x0000000084f00000, 0x0000000084e00000| Untracked 
|  79|0x0000000084f00000, 0x0000000085000000, 0x0000000085000000|100%| O|  |TAMS 0x0000000085000000, 0x0000000084f00000| Untracked 
|  80|0x0000000085000000, 0x0000000085100000, 0x0000000085100000|100%| O|  |TAMS 0x0000000085100000, 0x0000000085000000| Untracked 
|  81|0x0000000085100000, 0x0000000085200000, 0x0000000085200000|100%| O|  |TAMS 0x0000000085200000, 0x0000000085100000| Untracked 
|  82|0x0000000085200000, 0x0000000085300000, 0x0000000085300000|100%|HS|  |TAMS 0x0000000085300000, 0x0000000085200000| Complete 
|  83|0x0000000085300000, 0x0000000085400000, 0x0000000085400000|100%|HC|  |TAMS 0x0000000085400000, 0x0000000085300000| Complete 
|  84|0x0000000085400000, 0x0000000085500000, 0x0000000085500000|100%|HC|  |TAMS 0x0000000085500000, 0x0000000085400000| Complete 
|  85|0x0000000085500000, 0x0000000085600000, 0x0000000085600000|100%|HC|  |TAMS 0x0000000085600000, 0x0000000085500000| Complete 
|  86|0x0000000085600000, 0x0000000085700000, 0x0000000085700000|100%|HS|  |TAMS 0x0000000085700000, 0x0000000085600000| Complete 
|  87|0x0000000085700000, 0x0000000085800000, 0x0000000085800000|100%|HC|  |TAMS 0x0000000085800000, 0x0000000085700000| Complete 
|  88|0x0000000085800000, 0x0000000085900000, 0x0000000085900000|100%| O|  |TAMS 0x0000000085900000, 0x0000000085800000| Untracked 
|  89|0x0000000085900000, 0x0000000085a00000, 0x0000000085a00000|100%| O|  |TAMS 0x0000000085a00000, 0x0000000085900000| Untracked 
|  90|0x0000000085a00000, 0x0000000085b00000, 0x0000000085b00000|100%| O|  |TAMS 0x0000000085a00000, 0x0000000085a00000| Untracked 
|  91|0x0000000085b00000, 0x0000000085c00000, 0x0000000085c00000|100%| O|  |TAMS 0x0000000085b00000, 0x0000000085b00000| Untracked 
|  92|0x0000000085c00000, 0x0000000085d00000, 0x0000000085d00000|100%| O|  |TAMS 0x0000000085d00000, 0x0000000085c00000| Untracked 
|  93|0x0000000085d00000, 0x0000000085e00000, 0x0000000085e00000|100%| O|  |TAMS 0x0000000085e00000, 0x0000000085d00000| Untracked 
|  94|0x0000000085e00000, 0x0000000085f00000, 0x0000000085f00000|100%| O|  |TAMS 0x0000000085f00000, 0x0000000085e00000| Untracked 
|  95|0x0000000085f00000, 0x0000000086000000, 0x0000000086000000|100%| O|  |TAMS 0x0000000086000000, 0x0000000085f00000| Untracked 
|  96|0x0000000086000000, 0x0000000086100000, 0x0000000086100000|100%| O|  |TAMS 0x0000000086100000, 0x0000000086000000| Untracked 
|  97|0x0000000086100000, 0x0000000086200000, 0x0000000086200000|100%| O|  |TAMS 0x0000000086200000, 0x0000000086100000| Untracked 
|  98|0x0000000086200000, 0x0000000086300000, 0x0000000086300000|100%| O|  |TAMS 0x0000000086300000, 0x0000000086200000| Untracked 
|  99|0x0000000086300000, 0x0000000086400000, 0x0000000086400000|100%| O|  |TAMS 0x0000000086400000, 0x0000000086300000| Untracked 
| 100|0x0000000086400000, 0x0000000086500000, 0x0000000086500000|100%| O|  |TAMS 0x0000000086500000, 0x0000000086400000| Untracked 
| 101|0x0000000086500000, 0x0000000086600000, 0x0000000086600000|100%| O|  |TAMS 0x0000000086600000, 0x0000000086500000| Untracked 
| 102|0x0000000086600000, 0x0000000086700000, 0x0000000086700000|100%| O|  |TAMS 0x0000000086700000, 0x0000000086600000| Untracked 
| 103|0x0000000086700000, 0x0000000086800000, 0x0000000086800000|100%|HS|  |TAMS 0x0000000086800000, 0x0000000086700000| Complete 
| 104|0x0000000086800000, 0x0000000086900000, 0x0000000086900000|100%|HC|  |TAMS 0x0000000086900000, 0x0000000086800000| Complete 
| 105|0x0000000086900000, 0x0000000086a00000, 0x0000000086a00000|100%|HC|  |TAMS 0x0000000086a00000, 0x0000000086900000| Complete 
| 106|0x0000000086a00000, 0x0000000086b00000, 0x0000000086b00000|100%| O|  |TAMS 0x0000000086b00000, 0x0000000086a00000| Untracked 
| 107|0x0000000086b00000, 0x0000000086ba3e00, 0x0000000086c00000| 64%| O|  |TAMS 0x0000000086b00000, 0x0000000086b00000| Untracked 
| 108|0x0000000086c00000, 0x0000000086d00000, 0x0000000086d00000|100%| O|  |TAMS 0x0000000086d00000, 0x0000000086c00000| Untracked 
| 109|0x0000000086d00000, 0x0000000086e00000, 0x0000000086e00000|100%| O|  |TAMS 0x0000000086e00000, 0x0000000086d00000| Untracked 
| 110|0x0000000086e00000, 0x0000000086f00000, 0x0000000086f00000|100%| O|  |TAMS 0x0000000086f00000, 0x0000000086e00000| Untracked 
| 111|0x0000000086f00000, 0x0000000087000000, 0x0000000087000000|100%| O|  |TAMS 0x0000000087000000, 0x0000000086f00000| Untracked 
| 112|0x0000000087000000, 0x0000000087000000, 0x0000000087100000|  0%| F|  |TAMS 0x0000000087000000, 0x0000000087000000| Untracked 
| 113|0x0000000087100000, 0x0000000087200000, 0x0000000087200000|100%| O|  |TAMS 0x0000000087200000, 0x0000000087100000| Untracked 
| 114|0x0000000087200000, 0x0000000087300000, 0x0000000087300000|100%|HS|  |TAMS 0x0000000087300000, 0x0000000087200000| Complete 
| 115|0x0000000087300000, 0x0000000087400000, 0x0000000087400000|100%|HC|  |TAMS 0x0000000087400000, 0x0000000087300000| Complete 
| 116|0x0000000087400000, 0x0000000087500000, 0x0000000087500000|100%|HC|  |TAMS 0x0000000087500000, 0x0000000087400000| Complete 
| 117|0x0000000087500000, 0x0000000087600000, 0x0000000087600000|100%|HC|  |TAMS 0x0000000087600000, 0x0000000087500000| Complete 
| 118|0x0000000087600000, 0x0000000087700000, 0x0000000087700000|100%|HC|  |TAMS 0x0000000087700000, 0x0000000087600000| Complete 
| 119|0x0000000087700000, 0x0000000087800000, 0x0000000087800000|100%| O|  |TAMS 0x0000000087800000, 0x0000000087700000| Untracked 
| 120|0x0000000087800000, 0x0000000087900000, 0x0000000087900000|100%| O|  |TAMS 0x0000000087900000, 0x0000000087800000| Untracked 
| 121|0x0000000087900000, 0x0000000087a00000, 0x0000000087a00000|100%| O|  |TAMS 0x0000000087a00000, 0x0000000087900000| Untracked 
| 122|0x0000000087a00000, 0x0000000087b00000, 0x0000000087b00000|100%| O|  |TAMS 0x0000000087b00000, 0x0000000087a00000| Untracked 
| 123|0x0000000087b00000, 0x0000000087c00000, 0x0000000087c00000|100%| O|  |TAMS 0x0000000087c00000, 0x0000000087b00000| Untracked 
| 124|0x0000000087c00000, 0x0000000087c00000, 0x0000000087d00000|  0%| F|  |TAMS 0x0000000087c00000, 0x0000000087c00000| Untracked 
| 125|0x0000000087d00000, 0x0000000087d00000, 0x0000000087e00000|  0%| F|  |TAMS 0x0000000087d00000, 0x0000000087d00000| Untracked 
| 126|0x0000000087e00000, 0x0000000087e00000, 0x0000000087f00000|  0%| F|  |TAMS 0x0000000087e00000, 0x0000000087e00000| Untracked 
| 127|0x0000000087f00000, 0x0000000088000000, 0x0000000088000000|100%| O|  |TAMS 0x0000000088000000, 0x0000000087f00000| Untracked 
| 128|0x0000000088000000, 0x0000000088100000, 0x0000000088100000|100%|HS|  |TAMS 0x0000000088100000, 0x0000000088000000| Complete 
| 129|0x0000000088100000, 0x0000000088200000, 0x0000000088200000|100%|HC|  |TAMS 0x0000000088200000, 0x0000000088100000| Complete 
| 130|0x0000000088200000, 0x0000000088300000, 0x0000000088300000|100%|HC|  |TAMS 0x0000000088300000, 0x0000000088200000| Complete 
| 131|0x0000000088300000, 0x0000000088400000, 0x0000000088400000|100%|HS|  |TAMS 0x0000000088400000, 0x0000000088300000| Complete 
| 132|0x0000000088400000, 0x0000000088500000, 0x0000000088500000|100%|HS|  |TAMS 0x0000000088500000, 0x0000000088400000| Complete 
| 133|0x0000000088500000, 0x0000000088600000, 0x0000000088600000|100%|HC|  |TAMS 0x0000000088600000, 0x0000000088500000| Complete 
| 134|0x0000000088600000, 0x0000000088700000, 0x0000000088700000|100%|HC|  |TAMS 0x0000000088700000, 0x0000000088600000| Complete 
| 135|0x0000000088700000, 0x0000000088800000, 0x0000000088800000|100%|HC|  |TAMS 0x0000000088800000, 0x0000000088700000| Complete 
| 136|0x0000000088800000, 0x0000000088900000, 0x0000000088900000|100%| O|  |TAMS 0x0000000088900000, 0x0000000088800000| Untracked 
| 137|0x0000000088900000, 0x0000000088900000, 0x0000000088a00000|  0%| F|  |TAMS 0x0000000088900000, 0x0000000088900000| Untracked 
| 138|0x0000000088a00000, 0x0000000088b00000, 0x0000000088b00000|100%| O|  |TAMS 0x0000000088b00000, 0x0000000088a00000| Untracked 
| 139|0x0000000088b00000, 0x0000000088b00000, 0x0000000088c00000|  0%| F|  |TAMS 0x0000000088b00000, 0x0000000088b00000| Untracked 
| 140|0x0000000088c00000, 0x0000000088d00000, 0x0000000088d00000|100%| O|  |TAMS 0x0000000088d00000, 0x0000000088c00000| Untracked 
| 141|0x0000000088d00000, 0x0000000088d00000, 0x0000000088e00000|  0%| F|  |TAMS 0x0000000088d00000, 0x0000000088d00000| Untracked 
| 142|0x0000000088e00000, 0x0000000088f00000, 0x0000000088f00000|100%| O|  |TAMS 0x0000000088f00000, 0x0000000088e00000| Untracked 
| 143|0x0000000088f00000, 0x0000000089000000, 0x0000000089000000|100%| O|  |TAMS 0x0000000089000000, 0x0000000088f00000| Untracked 
| 144|0x0000000089000000, 0x0000000089100000, 0x0000000089100000|100%| O|  |TAMS 0x0000000089100000, 0x0000000089000000| Untracked 
| 145|0x0000000089100000, 0x0000000089200000, 0x0000000089200000|100%| O|  |TAMS 0x0000000089200000, 0x0000000089100000| Untracked 
| 146|0x0000000089200000, 0x0000000089200000, 0x0000000089300000|  0%| F|  |TAMS 0x0000000089200000, 0x0000000089200000| Untracked 
| 147|0x0000000089300000, 0x0000000089300000, 0x0000000089400000|  0%| F|  |TAMS 0x0000000089300000, 0x0000000089300000| Untracked 
| 148|0x0000000089400000, 0x0000000089500000, 0x0000000089500000|100%| O|  |TAMS 0x0000000089500000, 0x0000000089400000| Untracked 
| 149|0x0000000089500000, 0x0000000089500000, 0x0000000089600000|  0%| F|  |TAMS 0x0000000089500000, 0x0000000089500000| Untracked 
| 150|0x0000000089600000, 0x0000000089700000, 0x0000000089700000|100%| O|  |TAMS 0x0000000089700000, 0x0000000089600000| Untracked 
| 151|0x0000000089700000, 0x0000000089700000, 0x0000000089800000|  0%| F|  |TAMS 0x0000000089700000, 0x0000000089700000| Untracked 
| 152|0x0000000089800000, 0x0000000089900000, 0x0000000089900000|100%| O|  |TAMS 0x0000000089900000, 0x0000000089800000| Untracked 
| 153|0x0000000089900000, 0x0000000089900000, 0x0000000089a00000|  0%| F|  |TAMS 0x0000000089900000, 0x0000000089900000| Untracked 
| 154|0x0000000089a00000, 0x0000000089a00000, 0x0000000089b00000|  0%| F|  |TAMS 0x0000000089a00000, 0x0000000089a00000| Untracked 
| 155|0x0000000089b00000, 0x0000000089b00000, 0x0000000089c00000|  0%| F|  |TAMS 0x0000000089b00000, 0x0000000089b00000| Untracked 
| 156|0x0000000089c00000, 0x0000000089d00000, 0x0000000089d00000|100%| O|  |TAMS 0x0000000089d00000, 0x0000000089c00000| Untracked 
| 157|0x0000000089d00000, 0x0000000089e00000, 0x0000000089e00000|100%| O|  |TAMS 0x0000000089e00000, 0x0000000089d00000| Untracked 
| 158|0x0000000089e00000, 0x0000000089f00000, 0x0000000089f00000|100%| O|  |TAMS 0x0000000089f00000, 0x0000000089e00000| Untracked 
| 159|0x0000000089f00000, 0x000000008a000000, 0x000000008a000000|100%| O|  |TAMS 0x000000008a000000, 0x0000000089f00000| Untracked 
| 160|0x000000008a000000, 0x000000008a100000, 0x000000008a100000|100%| O|  |TAMS 0x000000008a100000, 0x000000008a000000| Untracked 
| 161|0x000000008a100000, 0x000000008a100000, 0x000000008a200000|  0%| F|  |TAMS 0x000000008a100000, 0x000000008a100000| Untracked 
| 162|0x000000008a200000, 0x000000008a300000, 0x000000008a300000|100%| O|  |TAMS 0x000000008a300000, 0x000000008a200000| Untracked 
| 163|0x000000008a300000, 0x000000008a400000, 0x000000008a400000|100%| O|  |TAMS 0x000000008a400000, 0x000000008a300000| Untracked 
| 164|0x000000008a400000, 0x000000008a500000, 0x000000008a500000|100%| O|  |TAMS 0x000000008a500000, 0x000000008a400000| Untracked 
| 165|0x000000008a500000, 0x000000008a600000, 0x000000008a600000|100%| O|  |TAMS 0x000000008a600000, 0x000000008a500000| Untracked 
| 166|0x000000008a600000, 0x000000008a700000, 0x000000008a700000|100%| O|  |TAMS 0x000000008a700000, 0x000000008a600000| Untracked 
| 167|0x000000008a700000, 0x000000008a700000, 0x000000008a800000|  0%| F|  |TAMS 0x000000008a700000, 0x000000008a700000| Untracked 
| 168|0x000000008a800000, 0x000000008a800000, 0x000000008a900000|  0%| F|  |TAMS 0x000000008a800000, 0x000000008a800000| Untracked 
| 169|0x000000008a900000, 0x000000008aa00000, 0x000000008aa00000|100%| O|  |TAMS 0x000000008aa00000, 0x000000008a900000| Untracked 
| 170|0x000000008aa00000, 0x000000008ab00000, 0x000000008ab00000|100%| O|  |TAMS 0x000000008ab00000, 0x000000008aa00000| Untracked 
| 171|0x000000008ab00000, 0x000000008ac00000, 0x000000008ac00000|100%| O|  |TAMS 0x000000008ac00000, 0x000000008ab00000| Untracked 
| 172|0x000000008ac00000, 0x000000008ad00000, 0x000000008ad00000|100%| O|  |TAMS 0x000000008ad00000, 0x000000008ac00000| Untracked 
| 173|0x000000008ad00000, 0x000000008ae00000, 0x000000008ae00000|100%| O|  |TAMS 0x000000008ae00000, 0x000000008ad00000| Untracked 
| 174|0x000000008ae00000, 0x000000008af00000, 0x000000008af00000|100%| O|  |TAMS 0x000000008af00000, 0x000000008ae00000| Untracked 
| 175|0x000000008af00000, 0x000000008b000000, 0x000000008b000000|100%| O|  |TAMS 0x000000008b000000, 0x000000008af00000| Untracked 
| 176|0x000000008b000000, 0x000000008b100000, 0x000000008b100000|100%| O|  |TAMS 0x000000008b100000, 0x000000008b000000| Untracked 
| 177|0x000000008b100000, 0x000000008b200000, 0x000000008b200000|100%| O|  |TAMS 0x000000008b200000, 0x000000008b100000| Untracked 
| 178|0x000000008b200000, 0x000000008b300000, 0x000000008b300000|100%| O|  |TAMS 0x000000008b300000, 0x000000008b200000| Untracked 
| 179|0x000000008b300000, 0x000000008b400000, 0x000000008b400000|100%| O|  |TAMS 0x000000008b400000, 0x000000008b300000| Untracked 
| 180|0x000000008b400000, 0x000000008b400000, 0x000000008b500000|  0%| F|  |TAMS 0x000000008b400000, 0x000000008b400000| Untracked 
| 181|0x000000008b500000, 0x000000008b500000, 0x000000008b600000|  0%| F|  |TAMS 0x000000008b500000, 0x000000008b500000| Untracked 
| 182|0x000000008b600000, 0x000000008b700000, 0x000000008b700000|100%| O|  |TAMS 0x000000008b700000, 0x000000008b600000| Untracked 
| 183|0x000000008b700000, 0x000000008b800000, 0x000000008b800000|100%| O|  |TAMS 0x000000008b800000, 0x000000008b700000| Untracked 
| 184|0x000000008b800000, 0x000000008b900000, 0x000000008b900000|100%| O|  |TAMS 0x000000008b900000, 0x000000008b800000| Untracked 
| 185|0x000000008b900000, 0x000000008b900000, 0x000000008ba00000|  0%| F|  |TAMS 0x000000008b900000, 0x000000008b900000| Untracked 
| 186|0x000000008ba00000, 0x000000008ba00000, 0x000000008bb00000|  0%| F|  |TAMS 0x000000008ba00000, 0x000000008ba00000| Untracked 
| 187|0x000000008bb00000, 0x000000008bb00000, 0x000000008bc00000|  0%| F|  |TAMS 0x000000008bb00000, 0x000000008bb00000| Untracked 
| 188|0x000000008bc00000, 0x000000008bc00000, 0x000000008bd00000|  0%| F|  |TAMS 0x000000008bc00000, 0x000000008bc00000| Untracked 
| 189|0x000000008bd00000, 0x000000008bd00000, 0x000000008be00000|  0%| F|  |TAMS 0x000000008bd00000, 0x000000008bd00000| Untracked 
| 190|0x000000008be00000, 0x000000008be00000, 0x000000008bf00000|  0%| F|  |TAMS 0x000000008be00000, 0x000000008be00000| Untracked 
| 191|0x000000008bf00000, 0x000000008bf00000, 0x000000008c000000|  0%| F|  |TAMS 0x000000008bf00000, 0x000000008bf00000| Untracked 
| 192|0x000000008c000000, 0x000000008c000000, 0x000000008c100000|  0%| F|  |TAMS 0x000000008c000000, 0x000000008c000000| Untracked 
| 193|0x000000008c100000, 0x000000008c100000, 0x000000008c200000|  0%| F|  |TAMS 0x000000008c100000, 0x000000008c100000| Untracked 
| 194|0x000000008c200000, 0x000000008c200000, 0x000000008c300000|  0%| F|  |TAMS 0x000000008c200000, 0x000000008c200000| Untracked 
| 195|0x000000008c300000, 0x000000008c300000, 0x000000008c400000|  0%| F|  |TAMS 0x000000008c300000, 0x000000008c300000| Untracked 
| 196|0x000000008c400000, 0x000000008c400000, 0x000000008c500000|  0%| F|  |TAMS 0x000000008c400000, 0x000000008c400000| Untracked 
| 197|0x000000008c500000, 0x000000008c500000, 0x000000008c600000|  0%| F|  |TAMS 0x000000008c500000, 0x000000008c500000| Untracked 
| 198|0x000000008c600000, 0x000000008c600000, 0x000000008c700000|  0%| F|  |TAMS 0x000000008c600000, 0x000000008c600000| Untracked 
| 199|0x000000008c700000, 0x000000008c700000, 0x000000008c800000|  0%| F|  |TAMS 0x000000008c700000, 0x000000008c700000| Untracked 
| 200|0x000000008c800000, 0x000000008c800000, 0x000000008c900000|  0%| F|  |TAMS 0x000000008c800000, 0x000000008c800000| Untracked 
| 201|0x000000008c900000, 0x000000008c900000, 0x000000008ca00000|  0%| F|  |TAMS 0x000000008c900000, 0x000000008c900000| Untracked 
| 202|0x000000008ca00000, 0x000000008ca00000, 0x000000008cb00000|  0%| F|  |TAMS 0x000000008ca00000, 0x000000008ca00000| Untracked 
| 203|0x000000008cb00000, 0x000000008cb00000, 0x000000008cc00000|  0%| F|  |TAMS 0x000000008cb00000, 0x000000008cb00000| Untracked 
| 204|0x000000008cc00000, 0x000000008cc00000, 0x000000008cd00000|  0%| F|  |TAMS 0x000000008cc00000, 0x000000008cc00000| Untracked 
| 205|0x000000008cd00000, 0x000000008cd00000, 0x000000008ce00000|  0%| F|  |TAMS 0x000000008cd00000, 0x000000008cd00000| Untracked 
| 206|0x000000008ce00000, 0x000000008ce00000, 0x000000008cf00000|  0%| F|  |TAMS 0x000000008ce00000, 0x000000008ce00000| Untracked 
| 207|0x000000008cf00000, 0x000000008cf00000, 0x000000008d000000|  0%| F|  |TAMS 0x000000008cf00000, 0x000000008cf00000| Untracked 
| 208|0x000000008d000000, 0x000000008d000000, 0x000000008d100000|  0%| F|  |TAMS 0x000000008d000000, 0x000000008d000000| Untracked 
| 209|0x000000008d100000, 0x000000008d100000, 0x000000008d200000|  0%| F|  |TAMS 0x000000008d100000, 0x000000008d100000| Untracked 
| 210|0x000000008d200000, 0x000000008d200000, 0x000000008d300000|  0%| F|  |TAMS 0x000000008d200000, 0x000000008d200000| Untracked 
| 211|0x000000008d300000, 0x000000008d300000, 0x000000008d400000|  0%| F|  |TAMS 0x000000008d300000, 0x000000008d300000| Untracked 
| 212|0x000000008d400000, 0x000000008d400000, 0x000000008d500000|  0%| F|  |TAMS 0x000000008d400000, 0x000000008d400000| Untracked 
| 213|0x000000008d500000, 0x000000008d500000, 0x000000008d600000|  0%| F|  |TAMS 0x000000008d500000, 0x000000008d500000| Untracked 
| 214|0x000000008d600000, 0x000000008d600000, 0x000000008d700000|  0%| F|  |TAMS 0x000000008d600000, 0x000000008d600000| Untracked 
| 215|0x000000008d700000, 0x000000008d700000, 0x000000008d800000|  0%| F|  |TAMS 0x000000008d700000, 0x000000008d700000| Untracked 
| 216|0x000000008d800000, 0x000000008d800000, 0x000000008d900000|  0%| F|  |TAMS 0x000000008d800000, 0x000000008d800000| Untracked 
| 217|0x000000008d900000, 0x000000008d900000, 0x000000008da00000|  0%| F|  |TAMS 0x000000008d900000, 0x000000008d900000| Untracked 
| 218|0x000000008da00000, 0x000000008da00000, 0x000000008db00000|  0%| F|  |TAMS 0x000000008da00000, 0x000000008da00000| Untracked 
| 219|0x000000008db00000, 0x000000008db00000, 0x000000008dc00000|  0%| F|  |TAMS 0x000000008db00000, 0x000000008db00000| Untracked 
| 220|0x000000008dc00000, 0x000000008dc00000, 0x000000008dd00000|  0%| F|  |TAMS 0x000000008dc00000, 0x000000008dc00000| Untracked 
| 221|0x000000008dd00000, 0x000000008dd00000, 0x000000008de00000|  0%| F|  |TAMS 0x000000008dd00000, 0x000000008dd00000| Untracked 
| 222|0x000000008de00000, 0x000000008de00000, 0x000000008df00000|  0%| F|  |TAMS 0x000000008de00000, 0x000000008de00000| Untracked 
| 223|0x000000008df00000, 0x000000008df00000, 0x000000008e000000|  0%| F|  |TAMS 0x000000008df00000, 0x000000008df00000| Untracked 
| 224|0x000000008e000000, 0x000000008e000000, 0x000000008e100000|  0%| F|  |TAMS 0x000000008e000000, 0x000000008e000000| Untracked 
| 225|0x000000008e100000, 0x000000008e100000, 0x000000008e200000|  0%| F|  |TAMS 0x000000008e100000, 0x000000008e100000| Untracked 
| 226|0x000000008e200000, 0x000000008e200000, 0x000000008e300000|  0%| F|  |TAMS 0x000000008e200000, 0x000000008e200000| Untracked 
| 227|0x000000008e300000, 0x000000008e300000, 0x000000008e400000|  0%| F|  |TAMS 0x000000008e300000, 0x000000008e300000| Untracked 
| 228|0x000000008e400000, 0x000000008e400000, 0x000000008e500000|  0%| F|  |TAMS 0x000000008e400000, 0x000000008e400000| Untracked 
| 229|0x000000008e500000, 0x000000008e500000, 0x000000008e600000|  0%| F|  |TAMS 0x000000008e500000, 0x000000008e500000| Untracked 
| 230|0x000000008e600000, 0x000000008e600000, 0x000000008e700000|  0%| F|  |TAMS 0x000000008e600000, 0x000000008e600000| Untracked 
| 231|0x000000008e700000, 0x000000008e700000, 0x000000008e800000|  0%| F|  |TAMS 0x000000008e700000, 0x000000008e700000| Untracked 
| 232|0x000000008e800000, 0x000000008e800000, 0x000000008e900000|  0%| F|  |TAMS 0x000000008e800000, 0x000000008e800000| Untracked 
| 233|0x000000008e900000, 0x000000008e9144d8, 0x000000008ea00000|  7%| E|  |TAMS 0x000000008e900000, 0x000000008e900000| Complete 
| 234|0x000000008ea00000, 0x000000008eb00000, 0x000000008eb00000|100%| E|CS|TAMS 0x000000008ea00000, 0x000000008ea00000| Complete 
| 235|0x000000008eb00000, 0x000000008ec00000, 0x000000008ec00000|100%| E|CS|TAMS 0x000000008eb00000, 0x000000008eb00000| Complete 
| 236|0x000000008ec00000, 0x000000008ed00000, 0x000000008ed00000|100%| E|CS|TAMS 0x000000008ec00000, 0x000000008ec00000| Complete 
| 237|0x000000008ed00000, 0x000000008ee00000, 0x000000008ee00000|100%| E|CS|TAMS 0x000000008ed00000, 0x000000008ed00000| Complete 
| 238|0x000000008ee00000, 0x000000008ef00000, 0x000000008ef00000|100%| E|CS|TAMS 0x000000008ee00000, 0x000000008ee00000| Complete 
| 239|0x000000008ef00000, 0x000000008f000000, 0x000000008f000000|100%| E|CS|TAMS 0x000000008ef00000, 0x000000008ef00000| Complete 
| 240|0x000000008f000000, 0x000000008f100000, 0x000000008f100000|100%| E|CS|TAMS 0x000000008f000000, 0x000000008f000000| Complete 
| 241|0x000000008f100000, 0x000000008f200000, 0x000000008f200000|100%| E|CS|TAMS 0x000000008f100000, 0x000000008f100000| Complete 
| 242|0x000000008f200000, 0x000000008f300000, 0x000000008f300000|100%| E|CS|TAMS 0x000000008f200000, 0x000000008f200000| Complete 
| 243|0x000000008f300000, 0x000000008f400000, 0x000000008f400000|100%| E|CS|TAMS 0x000000008f300000, 0x000000008f300000| Complete 
| 244|0x000000008f400000, 0x000000008f500000, 0x000000008f500000|100%| E|CS|TAMS 0x000000008f400000, 0x000000008f400000| Complete 
| 245|0x000000008f500000, 0x000000008f600000, 0x000000008f600000|100%| E|CS|TAMS 0x000000008f500000, 0x000000008f500000| Complete 
| 246|0x000000008f600000, 0x000000008f700000, 0x000000008f700000|100%| E|CS|TAMS 0x000000008f600000, 0x000000008f600000| Complete 
| 247|0x000000008f700000, 0x000000008f800000, 0x000000008f800000|100%| E|CS|TAMS 0x000000008f700000, 0x000000008f700000| Complete 
| 248|0x000000008f800000, 0x000000008f900000, 0x000000008f900000|100%| E|CS|TAMS 0x000000008f800000, 0x000000008f800000| Complete 
| 249|0x000000008f900000, 0x000000008fa00000, 0x000000008fa00000|100%| E|CS|TAMS 0x000000008f900000, 0x000000008f900000| Complete 
| 250|0x000000008fa00000, 0x000000008fb00000, 0x000000008fb00000|100%| E|CS|TAMS 0x000000008fa00000, 0x000000008fa00000| Complete 
| 251|0x000000008fb00000, 0x000000008fc00000, 0x000000008fc00000|100%| E|CS|TAMS 0x000000008fb00000, 0x000000008fb00000| Complete 
| 252|0x000000008fc00000, 0x000000008fd00000, 0x000000008fd00000|100%| E|CS|TAMS 0x000000008fc00000, 0x000000008fc00000| Complete 
| 253|0x000000008fd00000, 0x000000008fe00000, 0x000000008fe00000|100%| E|CS|TAMS 0x000000008fd00000, 0x000000008fd00000| Complete 
| 254|0x000000008fe00000, 0x000000008ff00000, 0x000000008ff00000|100%| E|CS|TAMS 0x000000008fe00000, 0x000000008fe00000| Complete 
| 255|0x000000008ff00000, 0x0000000090000000, 0x0000000090000000|100%| E|CS|TAMS 0x000000008ff00000, 0x000000008ff00000| Complete 
| 256|0x0000000090000000, 0x0000000090100000, 0x0000000090100000|100%| E|CS|TAMS 0x0000000090000000, 0x0000000090000000| Complete 
| 257|0x0000000090100000, 0x0000000090200000, 0x0000000090200000|100%| E|CS|TAMS 0x0000000090100000, 0x0000000090100000| Complete 
| 258|0x0000000090200000, 0x0000000090300000, 0x0000000090300000|100%| E|CS|TAMS 0x0000000090200000, 0x0000000090200000| Complete 
| 259|0x0000000090300000, 0x0000000090400000, 0x0000000090400000|100%| E|CS|TAMS 0x0000000090300000, 0x0000000090300000| Complete 
| 260|0x0000000090400000, 0x0000000090500000, 0x0000000090500000|100%| E|CS|TAMS 0x0000000090400000, 0x0000000090400000| Complete 
| 261|0x0000000090500000, 0x0000000090600000, 0x0000000090600000|100%| E|CS|TAMS 0x0000000090500000, 0x0000000090500000| Complete 
| 262|0x0000000090600000, 0x0000000090700000, 0x0000000090700000|100%| E|CS|TAMS 0x0000000090600000, 0x0000000090600000| Complete 
| 263|0x0000000090700000, 0x000000009076b400, 0x0000000090800000| 41%| S|CS|TAMS 0x0000000090700000, 0x0000000090700000| Complete 
| 264|0x0000000090800000, 0x0000000090900000, 0x0000000090900000|100%| E|  |TAMS 0x0000000090800000, 0x0000000090800000| Complete 
| 265|0x0000000090900000, 0x0000000090a00000, 0x0000000090a00000|100%| E|CS|TAMS 0x0000000090900000, 0x0000000090900000| Complete 
| 266|0x0000000090a00000, 0x0000000090b00000, 0x0000000090b00000|100%| E|CS|TAMS 0x0000000090a00000, 0x0000000090a00000| Complete 
| 267|0x0000000090b00000, 0x0000000090c00000, 0x0000000090c00000|100%| E|CS|TAMS 0x0000000090b00000, 0x0000000090b00000| Complete 
| 268|0x0000000090c00000, 0x0000000090d00000, 0x0000000090d00000|100%| E|CS|TAMS 0x0000000090c00000, 0x0000000090c00000| Complete 
| 269|0x0000000090d00000, 0x0000000090e00000, 0x0000000090e00000|100%| E|CS|TAMS 0x0000000090d00000, 0x0000000090d00000| Complete 
| 270|0x0000000090e00000, 0x0000000090f00000, 0x0000000090f00000|100%| E|CS|TAMS 0x0000000090e00000, 0x0000000090e00000| Complete 
| 271|0x0000000090f00000, 0x0000000091000000, 0x0000000091000000|100%| E|CS|TAMS 0x0000000090f00000, 0x0000000090f00000| Complete 
| 272|0x0000000091000000, 0x0000000091100000, 0x0000000091100000|100%| E|CS|TAMS 0x0000000091000000, 0x0000000091000000| Complete 
| 273|0x0000000091100000, 0x0000000091200000, 0x0000000091200000|100%| E|CS|TAMS 0x0000000091100000, 0x0000000091100000| Complete 

Card table byte_map: [0x0000023ddd260000,0x0000023ddd660000] _byte_map_base: 0x0000023ddce60000

Marking Bits (Prev, Next): (CMBitMap*) 0x0000023dca051560, (CMBitMap*) 0x0000023dca051528
 Prev Bits: [0x0000023ddfa60000, 0x0000023de1a60000)
 Next Bits: [0x0000023ddda60000, 0x0000023ddfa60000)

Polling page: 0x0000023dc7e10000

Metaspace:

Usage:
  Non-class:    115.05 MB capacity,   113.43 MB ( 99%) used,     1.29 MB (  1%) free+waste,   339.81 KB ( <1%) overhead. 
      Class:     16.65 MB capacity,    15.63 MB ( 94%) used,   894.41 KB (  5%) free+waste,   143.81 KB ( <1%) overhead. 
       Both:    131.69 MB capacity,   129.06 MB ( 98%) used,     2.16 MB (  2%) free+waste,   483.63 KB ( <1%) overhead. 

Virtual space:
  Non-class space:      116.00 MB reserved,     115.25 MB (>99%) committed 
      Class space:        1.00 GB reserved,      16.71 MB (  2%) committed 
             Both:        1.11 GB reserved,     131.96 MB ( 12%) committed 

Chunk freelists:
   Non-Class:  17.00 KB
       Class:  10.00 KB
        Both:  27.00 KB

MaxMetaspaceSize: 17179869184.00 GB
CompressedClassSpaceSize: 1.00 GB
Initial GC threshold: 20.80 MB
Current GC threshold: 215.77 MB
CDS: off

CodeHeap 'non-profiled nmethods': size=120000Kb used=13130Kb max_used=13130Kb free=106869Kb
 bounds [0x0000023dd5600000, 0x0000023dd62e0000, 0x0000023ddcb30000]
CodeHeap 'profiled nmethods': size=120000Kb used=41233Kb max_used=41233Kb free=78766Kb
 bounds [0x0000023dce0d0000, 0x0000023dd0920000, 0x0000023dd5600000]
CodeHeap 'non-nmethods': size=5760Kb used=2474Kb max_used=2538Kb free=3286Kb
 bounds [0x0000023dcdb30000, 0x0000023dcddb0000, 0x0000023dce0d0000]
 total_blobs=19459 nmethods=18456 adapters=914
 compilation: enabled
              stopped_count=0, restarted_count=0
 full_count=0

Compilation events (20 events):
Event: 7050.039 Thread 0x0000023de4d4a000 nmethod 19272 0x0000023dd08f8c10 code [0x0000023dd08f8e20, 0x0000023dd08f9268]
Event: 7050.039 Thread 0x0000023de4d4a000 19274       3       java.util.ArrayList$SubList::iterator (5 bytes)
Event: 7050.040 Thread 0x0000023de4d4a000 nmethod 19274 0x0000023dd08f9410 code [0x0000023dd08f9640, 0x0000023dd08f9c58]
Event: 7050.040 Thread 0x0000023de4d4a000 19275       3       java.util.ArrayList$SubList::listIterator (19 bytes)
Event: 7050.040 Thread 0x0000023de4d4a000 nmethod 19275 0x0000023dd08f9f10 code [0x0000023dd08fa120, 0x0000023dd08fa618]
Event: 7050.040 Thread 0x0000023de4d4a000 19276       3       java.util.ArrayList$SubList$1::<init> (39 bytes)
Event: 7050.040 Thread 0x0000023de4d4a000 nmethod 19276 0x0000023dd08fa890 code [0x0000023dd08faa40, 0x0000023dd08fac18]
Event: 7050.040 Thread 0x0000023de4d4a000 19281       1       kotlin.reflect.jvm.internal.impl.serialization.deserialization.descriptors.DeserializedClassDescriptor::getKind (5 bytes)
Event: 7050.040 Thread 0x0000023de4d4a000 nmethod 19281 0x0000023dd62cbf90 code [0x0000023dd62cc140, 0x0000023dd62cc1f8]
Event: 7050.040 Thread 0x0000023de4d4a000 19280       1       kotlin.reflect.jvm.internal.KClassImpl::getData (5 bytes)
Event: 7050.040 Thread 0x0000023de4d4a000 nmethod 19280 0x0000023dd62cc290 code [0x0000023dd62cc440, 0x0000023dd62cc4f8]
Event: 7050.040 Thread 0x0000023de4d4a000 19283       1       kotlin.reflect.jvm.internal.impl.serialization.deserialization.descriptors.DeserializedClassDescriptor::access$getEnumEntries$p (5 bytes)
Event: 7050.040 Thread 0x0000023de4d4a000 nmethod 19283 0x0000023dd62cc590 code [0x0000023dd62cc740, 0x0000023dd62cc7d8]
Event: 7050.040 Thread 0x0000023de4d4a000 19284       1       kotlin.reflect.jvm.internal.impl.serialization.deserialization.descriptors.DeserializedClassDescriptor::access$getClassId$p (5 bytes)
Event: 7050.040 Thread 0x0000023de4d4a000 nmethod 19284 0x0000023dd62cc890 code [0x0000023dd62cca40, 0x0000023dd62ccad8]
Event: 7050.040 Thread 0x0000023de4d4a000 19282       1       kotlin.reflect.jvm.internal.WeakClassLoaderBox::hashCode (5 bytes)
Event: 7050.040 Thread 0x0000023de4d4a000 nmethod 19282 0x0000023dd62ccb90 code [0x0000023dd62ccd40, 0x0000023dd62ccdf8]
Event: 7050.040 Thread 0x0000023de4d4a000 19288       3       kotlin.reflect.jvm.internal.impl.name.ClassId::createNestedClassId (33 bytes)
Event: 7050.041 Thread 0x0000023de4d4a000 nmethod 19288 0x0000023dd08fad10 code [0x0000023dd08faf40, 0x0000023dd08fb5d8]
Event: 7050.041 Thread 0x0000023de4d4a000 19289       3       kotlin.reflect.jvm.internal.impl.incremental.UtilsKt::record (132 bytes)

GC Heap History (20 events):
Event: 7047.903 GC heap before
{Heap before GC invocations=60 (full 0):
 garbage-first heap   total 233472K, used 216552K [0x0000000080000000, 0x0000000100000000)
  region size 1024K, 15 young (15360K), 1 survivors (1024K)
 Metaspace       used 124316K, capacity 126884K, committed 127320K, reserved 1161216K
  class space    used 15346K, capacity 16329K, committed 16472K, reserved 1048576K
}
Event: 7047.906 GC heap after
{Heap after GC invocations=61 (full 0):
 garbage-first heap   total 233472K, used 186450K [0x0000000080000000, 0x0000000100000000)
  region size 1024K, 1 young (1024K), 1 survivors (1024K)
 Metaspace       used 124316K, capacity 126884K, committed 127320K, reserved 1161216K
  class space    used 15346K, capacity 16329K, committed 16472K, reserved 1048576K
}
Event: 7047.944 GC heap before
{Heap before GC invocations=61 (full 0):
 garbage-first heap   total 233472K, used 196690K [0x0000000080000000, 0x0000000100000000)
  region size 1024K, 11 young (11264K), 1 survivors (1024K)
 Metaspace       used 124393K, capacity 127027K, committed 127320K, reserved 1161216K
  class space    used 15349K, capacity 16332K, committed 16472K, reserved 1048576K
}
Event: 7047.948 GC heap after
{Heap after GC invocations=62 (full 0):
 garbage-first heap   total 233472K, used 187714K [0x0000000080000000, 0x0000000100000000)
  region size 1024K, 2 young (2048K), 2 survivors (2048K)
 Metaspace       used 124393K, capacity 127027K, committed 127320K, reserved 1161216K
  class space    used 15349K, capacity 16332K, committed 16472K, reserved 1048576K
}
Event: 7048.051 GC heap before
{Heap before GC invocations=62 (full 0):
 garbage-first heap   total 233472K, used 200002K [0x0000000080000000, 0x0000000100000000)
  region size 1024K, 15 young (15360K), 2 survivors (2048K)
 Metaspace       used 125052K, capacity 127761K, committed 128088K, reserved 1161216K
  class space    used 15403K, capacity 16397K, committed 16472K, reserved 1048576K
}
Event: 7048.056 GC heap after
{Heap after GC invocations=63 (full 0):
 garbage-first heap   total 233472K, used 190378K [0x0000000080000000, 0x0000000100000000)
  region size 1024K, 2 young (2048K), 2 survivors (2048K)
 Metaspace       used 125052K, capacity 127761K, committed 128088K, reserved 1161216K
  class space    used 15403K, capacity 16397K, committed 16472K, reserved 1048576K
}
Event: 7048.247 GC heap before
{Heap before GC invocations=64 (full 0):
 garbage-first heap   total 233472K, used 191402K [0x0000000080000000, 0x0000000100000000)
  region size 1024K, 14 young (14336K), 2 survivors (2048K)
 Metaspace       used 126249K, capacity 128850K, committed 129240K, reserved 1161216K
  class space    used 15471K, capacity 16461K, committed 16600K, reserved 1048576K
}
Event: 7048.251 GC heap after
{Heap after GC invocations=65 (full 0):
 garbage-first heap   total 233472K, used 182015K [0x0000000080000000, 0x0000000100000000)
  region size 1024K, 2 young (2048K), 2 survivors (2048K)
 Metaspace       used 126249K, capacity 128850K, committed 129240K, reserved 1161216K
  class space    used 15471K, capacity 16461K, committed 16600K, reserved 1048576K
}
Event: 7048.294 GC heap before
{Heap before GC invocations=65 (full 0):
 garbage-first heap   total 233472K, used 190207K [0x0000000080000000, 0x0000000100000000)
  region size 1024K, 11 young (11264K), 2 survivors (2048K)
 Metaspace       used 127091K, capacity 129746K, committed 130008K, reserved 1163264K
  class space    used 15552K, capacity 16525K, committed 16600K, reserved 1048576K
}
Event: 7048.299 GC heap after
{Heap after GC invocations=66 (full 0):
 garbage-first heap   total 233472K, used 168770K [0x0000000080000000, 0x0000000100000000)
  region size 1024K, 2 young (2048K), 2 survivors (2048K)
 Metaspace       used 127091K, capacity 129746K, committed 130008K, reserved 1163264K
  class space    used 15552K, capacity 16525K, committed 16600K, reserved 1048576K
}
Event: 7048.396 GC heap before
{Heap before GC invocations=66 (full 0):
 garbage-first heap   total 233472K, used 188226K [0x0000000080000000, 0x0000000100000000)
  region size 1024K, 21 young (21504K), 2 survivors (2048K)
 Metaspace       used 127627K, capacity 130292K, committed 130648K, reserved 1163264K
  class space    used 15588K, capacity 16557K, committed 16728K, reserved 1048576K
}
Event: 7048.401 GC heap after
{Heap after GC invocations=67 (full 0):
 garbage-first heap   total 280576K, used 170319K [0x0000000080000000, 0x0000000100000000)
  region size 1024K, 3 young (3072K), 3 survivors (3072K)
 Metaspace       used 127627K, capacity 130292K, committed 130648K, reserved 1163264K
  class space    used 15588K, capacity 16557K, committed 16728K, reserved 1048576K
}
Event: 7048.621 GC heap before
{Heap before GC invocations=68 (full 0):
 garbage-first heap   total 280576K, used 209231K [0x0000000080000000, 0x0000000100000000)
  region size 1024K, 41 young (41984K), 3 survivors (3072K)
 Metaspace       used 128444K, capacity 131069K, committed 131416K, reserved 1163264K
  class space    used 15642K, capacity 16621K, committed 16728K, reserved 1048576K
}
Event: 7048.625 GC heap after
{Heap after GC invocations=69 (full 0):
 garbage-first heap   total 280576K, used 174146K [0x0000000080000000, 0x0000000100000000)
  region size 1024K, 6 young (6144K), 6 survivors (6144K)
 Metaspace       used 128444K, capacity 131069K, committed 131416K, reserved 1163264K
  class space    used 15642K, capacity 16621K, committed 16728K, reserved 1048576K
}
Event: 7048.853 GC heap before
{Heap before GC invocations=69 (full 0):
 garbage-first heap   total 280576K, used 213058K [0x0000000080000000, 0x0000000100000000)
  region size 1024K, 45 young (46080K), 6 survivors (6144K)
 Metaspace       used 129503K, capacity 132169K, committed 132568K, reserved 1165312K
  class space    used 15743K, capacity 16753K, committed 16856K, reserved 1048576K
}
Event: 7048.858 GC heap after
{Heap after GC invocations=70 (full 0):
 garbage-first heap   total 280576K, used 172584K [0x0000000080000000, 0x0000000100000000)
  region size 1024K, 2 young (2048K), 2 survivors (2048K)
 Metaspace       used 129503K, capacity 132169K, committed 132568K, reserved 1165312K
  class space    used 15743K, capacity 16753K, committed 16856K, reserved 1048576K
}
Event: 7049.588 GC heap before
{Heap before GC invocations=71 (full 0):
 garbage-first heap   total 280576K, used 215592K [0x0000000080000000, 0x0000000100000000)
  region size 1024K, 45 young (46080K), 2 survivors (2048K)
 Metaspace       used 130726K, capacity 133425K, committed 133720K, reserved 1165312K
  class space    used 15863K, capacity 16872K, committed 16984K, reserved 1048576K
}
Event: 7049.591 GC heap after
{Heap after GC invocations=72 (full 0):
 garbage-first heap   total 280576K, used 173310K [0x0000000080000000, 0x0000000100000000)
  region size 1024K, 3 young (3072K), 3 survivors (3072K)
 Metaspace       used 130726K, capacity 133425K, committed 133720K, reserved 1165312K
  class space    used 15863K, capacity 16872K, committed 16984K, reserved 1048576K
}
Event: 7049.617 GC heap before
{Heap before GC invocations=72 (full 0):
 garbage-first heap   total 280576K, used 182526K [0x0000000080000000, 0x0000000100000000)
  region size 1024K, 13 young (13312K), 3 survivors (3072K)
 Metaspace       used 130747K, capacity 133426K, committed 133720K, reserved 1165312K
  class space    used 15863K, capacity 16872K, committed 16984K, reserved 1048576K
}
Event: 7049.620 GC heap after
{Heap after GC invocations=73 (full 0):
 garbage-first heap   total 280576K, used 167996K [0x0000000080000000, 0x0000000100000000)
  region size 1024K, 1 young (1024K), 1 survivors (1024K)
 Metaspace       used 130747K, capacity 133426K, committed 133720K, reserved 1165312K
  class space    used 15863K, capacity 16872K, committed 16984K, reserved 1048576K
}

Deoptimization events (20 events):
Event: 7049.812 Thread 0x0000023de6821000 Uncommon trap: trap_request=0xffffffde fr.pc=0x0000023dd6104878 relative=0x00000000000006d8
Event: 7049.812 Thread 0x0000023de6821000 Uncommon trap: reason=class_check action=maybe_recompile pc=0x0000023dd6104878 method=org.apache.xerces.parsers.AbstractSAXParser.endElement(Lorg/apache/xerces/xni/QName;Lorg/apache/xerces/xni/Augmentations;)V @ 78 c2
Event: 7049.812 Thread 0x0000023de6821000 DEOPT PACKING pc=0x0000023dd6104878 sp=0x000000c7d16fa3a0
Event: 7049.812 Thread 0x0000023de6821000 DEOPT UNPACKING pc=0x0000023dcdb385af sp=0x000000c7d16fa340 mode 2
Event: 7049.837 Thread 0x0000023de6821000 Uncommon trap: trap_request=0xffffffcc fr.pc=0x0000023dd5e52e04 relative=0x0000000000002624
Event: 7049.837 Thread 0x0000023de6821000 Uncommon trap: reason=intrinsic_or_type_checked_inlining action=make_not_entrant pc=0x0000023dd5e52e04 method=java.util.ArrayList$SubList.toArray([Ljava/lang/Object;)[Ljava/lang/Object; @ 58 c2
Event: 7049.837 Thread 0x0000023de6821000 DEOPT PACKING pc=0x0000023dd5e52e04 sp=0x000000c7d16fa5b0
Event: 7049.837 Thread 0x0000023de6821000 DEOPT UNPACKING pc=0x0000023dcdb385af sp=0x000000c7d16fa568 mode 2
Event: 7049.855 Thread 0x0000023de6821000 Uncommon trap: trap_request=0xffffff4d fr.pc=0x0000023dd62ad814 relative=0x00000000000008f4
Event: 7049.855 Thread 0x0000023de6821000 Uncommon trap: reason=unstable_if action=reinterpret pc=0x0000023dd62ad814 method=com.google.common.collect.ImmutableMap.copyOf(Ljava/util/Map;)Lcom/google/common/collect/ImmutableMap; @ 4 c2
Event: 7049.855 Thread 0x0000023de6821000 DEOPT PACKING pc=0x0000023dd62ad814 sp=0x000000c7d16fa390
Event: 7049.855 Thread 0x0000023de6821000 DEOPT UNPACKING pc=0x0000023dcdb385af sp=0x000000c7d16fa368 mode 2
Event: 7049.963 Thread 0x0000023de6821000 Uncommon trap: trap_request=0xffffffc6 fr.pc=0x0000023dd623df98 relative=0x0000000000003ab8
Event: 7049.963 Thread 0x0000023de6821000 Uncommon trap: reason=bimorphic_or_optimized_type_check action=maybe_recompile pc=0x0000023dd623df98 method=org.gradle.internal.fingerprint.impl.RelativePathFingerprintingStrategy.lambda$collectFingerprints$0(Ljava/util/HashSet;Lcom/google/common/collect/
Event: 7049.963 Thread 0x0000023de6821000 DEOPT PACKING pc=0x0000023dd623df98 sp=0x000000c7d16fc9d0
Event: 7049.963 Thread 0x0000023de6821000 DEOPT UNPACKING pc=0x0000023dcdb385af sp=0x000000c7d16fc978 mode 2
Event: 7049.979 Thread 0x0000023de6821000 Uncommon trap: trap_request=0xffffffc6 fr.pc=0x0000023dd600d184 relative=0x0000000000000aa4
Event: 7049.979 Thread 0x0000023de6821000 Uncommon trap: reason=bimorphic_or_optimized_type_check action=maybe_recompile pc=0x0000023dd600d184 method=java.util.concurrent.ConcurrentHashMap.replaceNode(Ljava/lang/Object;Ljava/lang/Object;Ljava/lang/Object;)Ljava/lang/Object; @ 147 c2
Event: 7049.979 Thread 0x0000023de6821000 DEOPT PACKING pc=0x0000023dd600d184 sp=0x000000c7d16f93b0
Event: 7049.979 Thread 0x0000023de6821000 DEOPT UNPACKING pc=0x0000023dcdb385af sp=0x000000c7d16f9338 mode 2

Classes redefined (0 events):
No events

Internal exceptions (20 events):
Event: 7048.276 Thread 0x0000023de681e000 Exception <a 'sun/nio/fs/WindowsException'{0x000000008de5f1c8}> (0x000000008de5f1c8) thrown at [./src/hotspot/share/prims/jni.cpp, line 616]
Event: 7048.278 Thread 0x0000023de681e000 Exception <a 'sun/nio/fs/WindowsException'{0x000000008dd86ad8}> (0x000000008dd86ad8) thrown at [./src/hotspot/share/prims/jni.cpp, line 616]
Event: 7048.281 Thread 0x0000023de681e000 Exception <a 'sun/nio/fs/WindowsException'{0x000000008dc8a580}> (0x000000008dc8a580) thrown at [./src/hotspot/share/prims/jni.cpp, line 616]
Event: 7048.672 Thread 0x0000023de681e000 Exception <a 'sun/nio/fs/WindowsException'{0x00000000905e06e0}> (0x00000000905e06e0) thrown at [./src/hotspot/share/prims/jni.cpp, line 616]
Event: 7048.672 Thread 0x0000023de681e000 Exception <a 'sun/nio/fs/WindowsException'{0x00000000905e1550}> (0x00000000905e1550) thrown at [./src/hotspot/share/prims/jni.cpp, line 616]
Event: 7048.832 Thread 0x0000023ded817800 Implicit null exception at 0x0000023dd610e794 to 0x0000023dd610eed8
Event: 7048.832 Thread 0x0000023ded817800 Implicit null exception at 0x0000023dd610e794 to 0x0000023dd610eed8
Event: 7048.832 Thread 0x0000023ded817800 Implicit null exception at 0x0000023dd610e794 to 0x0000023dd610eed8
Event: 7048.833 Thread 0x0000023ded817800 Implicit null exception at 0x0000023dd610e794 to 0x0000023dd610eed8
Event: 7049.125 Thread 0x0000023de6821000 Exception <a 'java/lang/NoSuchMethodError'{0x0000000090a95188}: <clinit>> (0x0000000090a95188) thrown at [./src/hotspot/share/prims/jni.cpp, line 1366]
Event: 7049.144 Thread 0x0000023de681a800 Exception <a 'sun/nio/fs/WindowsException'{0x00000000907383d0}> (0x00000000907383d0) thrown at [./src/hotspot/share/prims/jni.cpp, line 616]
Event: 7049.144 Thread 0x0000023de681a800 Exception <a 'sun/nio/fs/WindowsException'{0x000000009073ee90}> (0x000000009073ee90) thrown at [./src/hotspot/share/prims/jni.cpp, line 616]
Event: 7049.189 Thread 0x0000023de6821000 Exception <a 'sun/nio/fs/WindowsException'{0x000000009055fff8}> (0x000000009055fff8) thrown at [./src/hotspot/share/prims/jni.cpp, line 616]
Event: 7049.189 Thread 0x0000023de6821000 Exception <a 'sun/nio/fs/WindowsException'{0x0000000090560e68}> (0x0000000090560e68) thrown at [./src/hotspot/share/prims/jni.cpp, line 616]
Event: 7049.312 Thread 0x0000023de6821000 Exception <a 'sun/nio/fs/WindowsException'{0x000000008fcb12f8}> (0x000000008fcb12f8) thrown at [./src/hotspot/share/prims/jni.cpp, line 616]
Event: 7049.312 Thread 0x0000023de6821000 Exception <a 'sun/nio/fs/WindowsException'{0x000000008fcb21a8}> (0x000000008fcb21a8) thrown at [./src/hotspot/share/prims/jni.cpp, line 616]
Event: 7049.312 Thread 0x0000023de6821000 Exception <a 'sun/nio/fs/WindowsException'{0x000000008fcb2470}> (0x000000008fcb2470) thrown at [./src/hotspot/share/prims/jni.cpp, line 616]
Event: 7049.313 Thread 0x0000023de6821000 Exception <a 'sun/nio/fs/WindowsException'{0x000000008fcb8e08}> (0x000000008fcb8e08) thrown at [./src/hotspot/share/prims/jni.cpp, line 616]
Event: 7049.313 Thread 0x0000023de6821000 Exception <a 'sun/nio/fs/WindowsException'{0x000000008fcb90a8}> (0x000000008fcb90a8) thrown at [./src/hotspot/share/prims/jni.cpp, line 616]
Event: 7049.313 Thread 0x0000023de6821000 Exception <a 'sun/nio/fs/WindowsException'{0x000000008fcb9f08}> (0x000000008fcb9f08) thrown at [./src/hotspot/share/prims/jni.cpp, line 616]

Events (20 events):
Event: 7049.926 loading class com/google/gson/internal/ConstructorConstructor$6
Event: 7049.926 loading class com/google/gson/internal/ConstructorConstructor$6 done
Event: 7049.928 loading class android/databinding/tool/store/GenClassInfoLog$GenClassImpl
Event: 7049.928 loading class android/databinding/tool/store/GenClassInfoLog$GenClassImpl done
Event: 7049.929 loading class android/databinding/tool/store/GenClassInfoLog$GenClassImpl$Companion
Event: 7049.929 loading class android/databinding/tool/store/GenClassInfoLog$GenClassImpl$Companion done
Event: 7049.948 Executing VM operation: RevokeBias
Event: 7049.950 Executing VM operation: RevokeBias done
Event: 7049.974 loading class com/android/build/api/variant/impl/BuiltArtifactsLoaderImpl
Event: 7049.974 loading class com/android/build/api/variant/impl/BuiltArtifactsLoaderImpl done
Event: 7049.975 loading class com/android/build/api/variant/BuiltArtifactsLoader
Event: 7049.975 loading class com/android/build/api/variant/BuiltArtifactsLoader done
Event: 7049.976 loading class com/android/build/api/variant/impl/BuiltArtifactsLoaderImpl$Companion
Event: 7049.976 loading class com/android/build/api/variant/impl/BuiltArtifactsLoaderImpl$Companion done
Event: 7049.977 loading class com/android/ide/common/build/ListingFileRedirect
Event: 7049.977 loading class com/android/ide/common/build/ListingFileRedirect done
Event: 7049.978 loading class com/android/build/gradle/internal/api/artifact/ArtifactTypeUtils
Event: 7049.978 loading class com/android/build/gradle/internal/api/artifact/ArtifactTypeUtils done
Event: 7049.986 loading class com/android/build/gradle/internal/api/artifact/SourceArtifactType$CUSTOMS
Event: 7049.986 loading class com/android/build/gradle/internal/api/artifact/SourceArtifactType$CUSTOMS done


Dynamic libraries:
0x00007ff7d9a00000 - 0x00007ff7d9a0a000 	D:\Program Files\Android\Android Studio\jre\bin\java.exe
0x00007ffb96480000 - 0x00007ffb96689000 	C:\Windows\SYSTEM32\ntdll.dll
0x00007ffb95490000 - 0x00007ffb9554d000 	C:\Windows\System32\KERNEL32.DLL
0x00007ffb93aa0000 - 0x00007ffb93e1b000 	C:\Windows\System32\KERNELBASE.dll
0x00007ffb93950000 - 0x00007ffb93a61000 	C:\Windows\System32\ucrtbase.dll
0x00007ffb6feb0000 - 0x00007ffb6fec9000 	D:\Program Files\Android\Android Studio\jre\bin\jli.dll
0x00007ffb6fe90000 - 0x00007ffb6fea7000 	D:\Program Files\Android\Android Studio\jre\bin\VCRUNTIME140.dll
0x00007ffb96220000 - 0x00007ffb963cd000 	C:\Windows\System32\USER32.dll
0x00007ffb93a70000 - 0x00007ffb93a96000 	C:\Windows\System32\win32u.dll
0x00007ffb7d390000 - 0x00007ffb7d635000 	C:\Windows\WinSxS\amd64_microsoft.windows.common-controls_6595b64144ccf1df_6.0.22000.120_none_9d947278b86cc467\COMCTL32.dll
0x00007ffb94300000 - 0x00007ffb94329000 	C:\Windows\System32\GDI32.dll
0x00007ffb94bc0000 - 0x00007ffb94c63000 	C:\Windows\System32\msvcrt.dll
0x00007ffb93f80000 - 0x00007ffb94098000 	C:\Windows\System32\gdi32full.dll
0x00007ffb93ee0000 - 0x00007ffb93f7d000 	C:\Windows\System32\msvcp_win.dll
0x00007ffb94340000 - 0x00007ffb94371000 	C:\Windows\System32\IMM32.DLL
0x00007ffb6fdf0000 - 0x00007ffb6fe8d000 	D:\Program Files\Android\Android Studio\jre\bin\msvcp140.dll
0x00007ffb36df0000 - 0x00007ffb378f2000 	D:\Program Files\Android\Android Studio\jre\bin\server\jvm.dll
0x00007ffb95900000 - 0x00007ffb959ae000 	C:\Windows\System32\ADVAPI32.dll
0x00007ffb96180000 - 0x00007ffb9621e000 	C:\Windows\System32\sechost.dll
0x00007ffb94d90000 - 0x00007ffb94eb0000 	C:\Windows\System32\RPCRT4.dll
0x00007ffb94330000 - 0x00007ffb94338000 	C:\Windows\System32\PSAPI.DLL
0x00007ffb7a9f0000 - 0x00007ffb7a9f9000 	C:\Windows\SYSTEM32\WSOCK32.dll
0x00007ffb8beb0000 - 0x00007ffb8beba000 	C:\Windows\SYSTEM32\VERSION.dll
0x00007ffb8d5b0000 - 0x00007ffb8d5e3000 	C:\Windows\SYSTEM32\WINMM.dll
0x00007ffb963d0000 - 0x00007ffb9643f000 	C:\Windows\System32\WS2_32.dll
0x00007ffb92ac0000 - 0x00007ffb92ad8000 	C:\Windows\SYSTEM32\kernel.appcore.dll
0x00007ffb8e480000 - 0x00007ffb8e491000 	D:\Program Files\Android\Android Studio\jre\bin\verify.dll
0x00007ffb912c0000 - 0x00007ffb914e1000 	C:\Windows\SYSTEM32\DBGHELP.DLL
0x00007ffb7a7c0000 - 0x00007ffb7a7f1000 	C:\Windows\SYSTEM32\dbgcore.DLL
0x00007ffb94210000 - 0x00007ffb9428f000 	C:\Windows\System32\bcryptPrimitives.dll
0x00007ffb8e450000 - 0x00007ffb8e479000 	D:\Program Files\Android\Android Studio\jre\bin\java.dll
0x00007ffb8e440000 - 0x00007ffb8e44b000 	D:\Program Files\Android\Android Studio\jre\bin\jimage.dll
0x00007ffb8e420000 - 0x00007ffb8e438000 	D:\Program Files\Android\Android Studio\jre\bin\zip.dll
0x00007ffb94400000 - 0x00007ffb94bb8000 	C:\Windows\System32\SHELL32.dll
0x00007ffb91a20000 - 0x00007ffb92285000 	C:\Windows\SYSTEM32\windows.storage.dll
0x00007ffb95570000 - 0x00007ffb958e7000 	C:\Windows\System32\combase.dll
0x00007ffb918b0000 - 0x00007ffb91a16000 	C:\Windows\SYSTEM32\wintypes.dll
0x00007ffb94f70000 - 0x00007ffb9505a000 	C:\Windows\System32\SHCORE.dll
0x00007ffb95270000 - 0x00007ffb952cd000 	C:\Windows\System32\shlwapi.dll
0x00007ffb93880000 - 0x00007ffb938a1000 	C:\Windows\SYSTEM32\profapi.dll
0x00007ffb648b0000 - 0x00007ffb648ca000 	D:\Program Files\Android\Android Studio\jre\bin\net.dll
0x00007ffb8f330000 - 0x00007ffb8f43c000 	C:\Windows\SYSTEM32\WINHTTP.dll
0x00007ffb92f60000 - 0x00007ffb92fc7000 	C:\Windows\system32\mswsock.dll
0x00007ffb63d80000 - 0x00007ffb63d94000 	D:\Program Files\Android\Android Studio\jre\bin\nio.dll
0x00007ffb6fed0000 - 0x00007ffb6fef7000 	C:\Users\sersu\.gradle\native\e1d6ef7f7dcc3fd88c89a11ec53ec762bb8ba0a96d01ffa2cd45eb1d1d8dd5c5\windows-amd64\native-platform.dll
0x00007ffb63690000 - 0x00007ffb637d4000 	C:\Users\sersu\.gradle\native\0d407fdbe67a94daf76414ababcb853783967236a71b16ec16e742cd7a986fd3\windows-amd64\native-platform-file-events.dll
0x00007ffb877e0000 - 0x00007ffb877ea000 	D:\Program Files\Android\Android Studio\jre\bin\management.dll
0x00007ffb6a930000 - 0x00007ffb6a93d000 	D:\Program Files\Android\Android Studio\jre\bin\management_ext.dll
0x00007ffb931a0000 - 0x00007ffb931b8000 	C:\Windows\SYSTEM32\CRYPTSP.dll
0x00007ffb92a20000 - 0x00007ffb92a55000 	C:\Windows\system32\rsaenh.dll
0x00007ffb93050000 - 0x00007ffb93079000 	C:\Windows\SYSTEM32\USERENV.dll
0x00007ffb93330000 - 0x00007ffb93357000 	C:\Windows\SYSTEM32\bcrypt.dll
0x00007ffb931c0000 - 0x00007ffb931cc000 	C:\Windows\SYSTEM32\CRYPTBASE.dll
0x00007ffb92540000 - 0x00007ffb9256d000 	C:\Windows\SYSTEM32\IPHLPAPI.DLL
0x00007ffb95250000 - 0x00007ffb95259000 	C:\Windows\System32\NSI.dll
0x00007ffb8dad0000 - 0x00007ffb8dae9000 	C:\Windows\SYSTEM32\dhcpcsvc6.DLL
0x00007ffb8dfa0000 - 0x00007ffb8dfbe000 	C:\Windows\SYSTEM32\dhcpcsvc.DLL
0x00007ffb92570000 - 0x00007ffb92658000 	C:\Windows\SYSTEM32\DNSAPI.dll
0x00007ffb92ae0000 - 0x00007ffb92b14000 	C:\Windows\SYSTEM32\ntmarta.dll

dbghelp: loaded successfully - version: 4.0.5 - missing functions: none
symbol engine: initialized successfully - sym options: 0x614 - pdb path: .;D:\Program Files\Android\Android Studio\jre\bin;C:\Windows\SYSTEM32;C:\Windows\WinSxS\amd64_microsoft.windows.common-controls_6595b64144ccf1df_6.0.22000.120_none_9d947278b86cc467;D:\Program Files\Android\Android Studio\jre\bin\server;C:\Users\sersu\.gradle\native\e1d6ef7f7dcc3fd88c89a11ec53ec762bb8ba0a96d01ffa2cd45eb1d1d8dd5c5\windows-amd64;C:\Users\sersu\.gradle\native\0d407fdbe67a94daf76414ababcb853783967236a71b16ec16e742cd7a986fd3\windows-amd64

VM Arguments:
jvm_args: --add-opens=java.base/java.util=ALL-UNNAMED --add-opens=java.base/java.lang=ALL-UNNAMED --add-opens=java.base/java.lang.invoke=ALL-UNNAMED --add-opens=java.base/java.util=ALL-UNNAMED --add-opens=java.prefs/java.util.prefs=ALL-UNNAMED --add-opens=java.prefs/java.util.prefs=ALL-UNNAMED --add-opens=java.base/java.nio.charset=ALL-UNNAMED --add-opens=java.base/java.net=ALL-UNNAMED --add-opens=java.base/java.util.concurrent.atomic=ALL-UNNAMED -Xmx2048m -Dfile.encoding=UTF-8 -Duser.country=GB -Duser.language=en -Duser.variant 
java_command: org.gradle.launcher.daemon.bootstrap.GradleDaemon 7.4
java_class_path (initial): C:\Users\sersu\.gradle\wrapper\dists\gradle-7.4-bin\c0gwcg53nkjbqw7r0h0umtfvt\gradle-7.4\lib\gradle-launcher-7.4.jar
Launcher Type: SUN_STANDARD

[Global flags]
     intx CICompilerCount                          = 4                                         {product} {ergonomic}
     uint ConcGCThreads                            = 2                                         {product} {ergonomic}
     uint G1ConcRefinementThreads                  = 8                                         {product} {ergonomic}
   size_t G1HeapRegionSize                         = 1048576                                   {product} {ergonomic}
    uintx GCDrainStackTargetSize                   = 64                                        {product} {ergonomic}
   size_t InitialHeapSize                          = 199229440                                 {product} {ergonomic}
   size_t MarkStackSize                            = 4194304                                   {product} {ergonomic}
   size_t MaxHeapSize                              = 2147483648                                {product} {command line}
   size_t MaxNewSize                               = 1287651328                                {product} {ergonomic}
   size_t MinHeapDeltaBytes                        = 1048576                                   {product} {ergonomic}
    uintx NonNMethodCodeHeapSize                   = 5836300                                {pd product} {ergonomic}
    uintx NonProfiledCodeHeapSize                  = 122910970                              {pd product} {ergonomic}
    uintx ProfiledCodeHeapSize                     = 122910970                              {pd product} {ergonomic}
    uintx ReservedCodeCacheSize                    = 251658240                              {pd product} {ergonomic}
     bool SegmentedCodeCache                       = true                                      {product} {ergonomic}
     bool UseCompressedClassPointers               = true                                 {lp64_product} {ergonomic}
     bool UseCompressedOops                        = true                                 {lp64_product} {ergonomic}
     bool UseG1GC                                  = true                                      {product} {ergonomic}
     bool UseLargePagesIndividualAllocation        = false                                  {pd product} {ergonomic}

Logging:
Log output configuration:
 #0: stdout all=warning uptime,level,tags
 #1: stderr all=off uptime,level,tags

Environment Variables:
PATH=C:\Program Files (x86)\Common Files\Oracle\Java\javapath;D:\oraclexe\app\oracle\product\11.2.0\server\bin;C:\Windows\system32;C:\Windows;C:\Windows\System32\Wbem;C:\Windows\System32\WindowsPowerShell\v1.0\;C:\Windows\System32\OpenSSH\;C:\Program Files\Microsoft SQL Server\150\Tools\Binn\;D:\Program Files\Gpg4win\..\GnuPG\bin;D:\Program Files\Java\jdk-14.0.2;D:\Program Files\php;D:\Program Files\nodejs\;D:\Program Files\dart-sass;C:\Program Files\Microsoft SQL Server\Client SDK\ODBC\170\Tools\Binn\;D:\Program Files\Git\cmd;D:\Program Files\dotnet\;D:\Program Files\Python\Scripts\;D:\Program Files\Python\;D:\Program Files\MySQL\MySQL Shell 8.0\bin\;C:\Users\sersu\AppData\Local\Microsoft\WindowsApps;C:\Users\sersu\.dotnet\tools;C:\Users\sersu\AppData\Local\atom\bin;C:\Users\sersu\.dotnet\tools;C:\Users\sersu\AppData\Local\GitHubDesktop\bin;D:\Program Files\Java\jdk-17.0.1\bin;D:\Program Files\atom\bin;D:\Program Files\R\R-4.1.3\bin;C:\Users\sersu\AppData\Roaming\npm;C:\Users\sersu\.dotnet\tools
USERNAME=sersu
OS=Windows_NT
PROCESSOR_IDENTIFIER=Intel64 Family 6 Model 140 Stepping 1, GenuineIntel



---------------  S Y S T E M  ---------------

OS: Windows 11 , 64 bit Build 22000 (10.0.22000.708)
OS uptime: 0 days 4:10 hours

CPU:total 8 (initial active 8) (4 cores per cpu, 2 threads per core) family 6 model 140 stepping 1 microcode 0xa4, cmov, cx8, fxsr, mmx, sse, sse2, sse3, ssse3, sse4.1, sse4.2, popcnt, avx, avx2, aes, clmul, erms, 3dnowpref, lzcnt, ht, tsc, tscinvbit, bmi1, bmi2, adx, evex, sha, fma

Memory: 4k page, system-wide physical 12087M (734M free)
TotalPageFile size 12087M (AvailPageFile size 1M)
current process WorkingSet (physical memory assigned to process): 621M, peak: 623M
current process commit charge ("private bytes"): 683M, peak: 686M

vm_info: OpenJDK 64-Bit Server VM (11.0.13+0-b1751.21-8125866) for windows-amd64 JRE (11.0.13+0-b1751.21-8125866), built on Feb  2 2022 03:00:22 by "builder" with MS VC++ 14.0 (VS2015)

END.
