#
# There is insufficient memory for the Java Runtime Environment to continue.
# Native memory allocation (malloc) failed to allocate 2013776 bytes for Chunk::new
# Possible reasons:
#   The system is out of physical RAM or swap space
#   The process is running with CompressedOops enabled, and the Java Heap may be blocking the growth of the native heap
# Possible solutions:
#   Reduce memory load on the system
#   Increase physical memory or swap space
#   Check if swap backing store is full
#   Decrease Java heap size (-Xmx/-Xms)
#   Decrease number of Java threads
#   Decrease Java thread stack sizes (-Xss)
#   Set larger code cache with -XX:ReservedCodeCacheSize=
#   JVM is running with Unscaled Compressed Oops mode in which the Java heap is
#     placed in the first 4GB address space. The Java Heap base address is the
#     maximum limit for the native heap growth. Please use -XX:HeapBaseMinAddress
#     to set the Java Heap base and to place the Java Heap above 4GB virtual address.
# This output file may be truncated or incomplete.
#
#  Out of Memory Error (./src/hotspot/share/memory/arena.cpp:197), pid=14200, tid=2568
#
# JRE version: OpenJDK Runtime Environment (11.0.13) (build 11.0.13+0-b1751.21-8125866)
# Java VM: OpenJDK 64-Bit Server VM (11.0.13+0-b1751.21-8125866, mixed mode, tiered, compressed oops, g1 gc, windows-amd64)
# No core dump will be written. Minidumps are not enabled by default on client versions of Windows
#

---------------  S U M M A R Y ------------

Command Line: --add-opens=java.base/java.util=ALL-UNNAMED --add-opens=java.base/java.lang=ALL-UNNAMED --add-opens=java.base/java.lang.invoke=ALL-UNNAMED --add-opens=java.base/java.util=ALL-UNNAMED --add-opens=java.prefs/java.util.prefs=ALL-UNNAMED --add-opens=java.prefs/java.util.prefs=ALL-UNNAMED --add-opens=java.base/java.nio.charset=ALL-UNNAMED --add-opens=java.base/java.net=ALL-UNNAMED --add-opens=java.base/java.util.concurrent.atomic=ALL-UNNAMED -Xmx2048m -Dfile.encoding=UTF-8 -Duser.country=GB -Duser.language=en -Duser.variant org.gradle.launcher.daemon.bootstrap.GradleDaemon 7.4

Host: 11th Gen Intel(R) Core(TM) i7-1165G7 @ 2.80GHz, 8 cores, 11G,  Windows 11 , 64 bit Build 22000 (10.0.22000.708)
Time: Thu Oct 27 19:16:49 2022 Romance Summer Time elapsed time: 3.116615 seconds (0d 0h 0m 3s)

---------------  T H R E A D  ---------------

Current thread (0x000001dd204e4800):  JavaThread "C2 CompilerThread0" daemon [_thread_in_native, id=2568, stack(0x0000005d05b00000,0x0000005d05c00000)]


Current CompileTask:
C2:   3116 2547       4       jdk.internal.loader.URLClassPath::getResource (74 bytes)

Stack: [0x0000005d05b00000,0x0000005d05c00000]
Native frames: (J=compiled Java code, j=interpreted, Vv=VM code, C=native code)
V  [jvm.dll+0x6100fa]
V  [jvm.dll+0x747090]
V  [jvm.dll+0x7486ad]
V  [jvm.dll+0x748d83]
V  [jvm.dll+0x24ab48]
V  [jvm.dll+0xc04dc]
V  [jvm.dll+0xc0a0c]
V  [jvm.dll+0x35eb5b]
V  [jvm.dll+0x32b833]
V  [jvm.dll+0x32ad2a]
V  [jvm.dll+0x2032b2]
V  [jvm.dll+0x202437]
V  [jvm.dll+0x188e01]
V  [jvm.dll+0x21106b]
V  [jvm.dll+0x20f8c1]
V  [jvm.dll+0x70de0f]
V  [jvm.dll+0x706a75]
V  [jvm.dll+0x60ed66]
C  [ucrtbase.dll+0x26c0c]
C  [KERNEL32.DLL+0x154e0]
C  [ntdll.dll+0x485b]


---------------  P R O C E S S  ---------------

Threads class SMR info:
_java_thread_list=0x000001dd20edc900, length=30, elements={
0x000001dd0578f800, 0x000001dd20482800, 0x000001dd20486000, 0x000001dd204e1800,
0x000001dd204e2800, 0x000001dd204e3800, 0x000001dd204e4800, 0x000001dd204ed800,
0x000001dd204f2800, 0x000001dd20653000, 0x000001dd23256000, 0x000001dd22388800,
0x000001dd21567800, 0x000001dd21f3e000, 0x000001dd22892800, 0x000001dd21df4800,
0x000001dd23748800, 0x000001dd22bf1000, 0x000001dd22e87800, 0x000001dd224f4000,
0x000001dd22fc8800, 0x000001dd22fc9800, 0x000001dd22fc7000, 0x000001dd22fc8000,
0x000001dd22fca800, 0x000001dd22fc6000, 0x000001dd22fc4800, 0x000001dd22fcb000,
0x000001dd22fc5800, 0x000001dd23c72000
}

Java Threads: ( => current thread )
  0x000001dd0578f800 JavaThread "main" [_thread_blocked, id=10740, stack(0x0000005d04f00000,0x0000005d05000000)]
  0x000001dd20482800 JavaThread "Reference Handler" daemon [_thread_blocked, id=16180, stack(0x0000005d05600000,0x0000005d05700000)]
  0x000001dd20486000 JavaThread "Finalizer" daemon [_thread_blocked, id=15936, stack(0x0000005d05700000,0x0000005d05800000)]
  0x000001dd204e1800 JavaThread "Signal Dispatcher" daemon [_thread_blocked, id=15808, stack(0x0000005d05800000,0x0000005d05900000)]
  0x000001dd204e2800 JavaThread "Attach Listener" daemon [_thread_blocked, id=14516, stack(0x0000005d05900000,0x0000005d05a00000)]
  0x000001dd204e3800 JavaThread "Service Thread" daemon [_thread_blocked, id=10760, stack(0x0000005d05a00000,0x0000005d05b00000)]
=>0x000001dd204e4800 JavaThread "C2 CompilerThread0" daemon [_thread_in_native, id=2568, stack(0x0000005d05b00000,0x0000005d05c00000)]
  0x000001dd204ed800 JavaThread "C1 CompilerThread0" daemon [_thread_blocked, id=15520, stack(0x0000005d05c00000,0x0000005d05d00000)]
  0x000001dd204f2800 JavaThread "Sweeper thread" daemon [_thread_blocked, id=8124, stack(0x0000005d05d00000,0x0000005d05e00000)]
  0x000001dd20653000 JavaThread "Common-Cleaner" daemon [_thread_blocked, id=11684, stack(0x0000005d05e00000,0x0000005d05f00000)]
  0x000001dd23256000 JavaThread "Daemon health stats" [_thread_blocked, id=12956, stack(0x0000005d06500000,0x0000005d06600000)]
  0x000001dd22388800 JavaThread "Incoming local TCP Connector on port 51222" [_thread_in_native, id=4160, stack(0x0000005d06600000,0x0000005d06700000)]
  0x000001dd21567800 JavaThread "Daemon periodic checks" [_thread_blocked, id=10904, stack(0x0000005d06700000,0x0000005d06800000)]
  0x000001dd21f3e000 JavaThread "Daemon" [_thread_blocked, id=3904, stack(0x0000005d06800000,0x0000005d06900000)]
  0x000001dd22892800 JavaThread "Handler for socket connection from /127.0.0.1:51222 to /127.0.0.1:51223" [_thread_in_native, id=5380, stack(0x0000005d06900000,0x0000005d06a00000)]
  0x000001dd21df4800 JavaThread "Cancel handler" [_thread_blocked, id=2816, stack(0x0000005d06a00000,0x0000005d06b00000)]
  0x000001dd23748800 JavaThread "Daemon worker" [_thread_in_vm, id=4440, stack(0x0000005d06b00000,0x0000005d06c00000)]
  0x000001dd22bf1000 JavaThread "Asynchronous log dispatcher for DefaultDaemonConnection: socket connection from /127.0.0.1:51222 to /127.0.0.1:51223" [_thread_blocked, id=3568, stack(0x0000005d06c00000,0x0000005d06d00000)]
  0x000001dd22e87800 JavaThread "Stdin handler" [_thread_blocked, id=7432, stack(0x0000005d06d00000,0x0000005d06e00000)]
  0x000001dd224f4000 JavaThread "Daemon client event forwarder" [_thread_blocked, id=12208, stack(0x0000005d06e00000,0x0000005d06f00000)]
  0x000001dd22fc8800 JavaThread "Cache worker for journal cache (C:\Users\sersu\.gradle\caches\journal-1)" [_thread_blocked, id=8756, stack(0x0000005d06f00000,0x0000005d07000000)]
  0x000001dd22fc9800 JavaThread "File lock request listener" [_thread_in_native, id=9932, stack(0x0000005d07000000,0x0000005d07100000)]
  0x000001dd22fc7000 JavaThread "Cache worker for file hash cache (C:\Users\sersu\.gradle\caches\7.4\fileHashes)" [_thread_blocked, id=8888, stack(0x0000005d07100000,0x0000005d07200000)]
  0x000001dd22fc8000 JavaThread "File watcher server" daemon [_thread_in_native, id=10728, stack(0x0000005d07700000,0x0000005d07800000)]
  0x000001dd22fca800 JavaThread "File watcher consumer" daemon [_thread_blocked, id=588, stack(0x0000005d07800000,0x0000005d07900000)]
  0x000001dd22fc6000 JavaThread "Cache worker for checksums cache (D:\Users\sersu\android\3Raya\.gradle\7.4\checksums)" [_thread_blocked, id=7636, stack(0x0000005d06100000,0x0000005d06200000)]
  0x000001dd22fc4800 JavaThread "Cache worker for cache directory md-rule (C:\Users\sersu\.gradle\caches\7.4\md-rule)" [_thread_blocked, id=15320, stack(0x0000005d07900000,0x0000005d07a00000)]
  0x000001dd22fcb000 JavaThread "Cache worker for file hash cache (D:\Users\sersu\android\3Raya\.gradle\7.4\fileHashes)" [_thread_blocked, id=13668, stack(0x0000005d07a00000,0x0000005d07b00000)]
  0x000001dd22fc5800 JavaThread "Cache worker for cache directory md-supplier (C:\Users\sersu\.gradle\caches\7.4\md-supplier)" [_thread_blocked, id=1032, stack(0x0000005d07b00000,0x0000005d07c00000)]
  0x000001dd23c72000 JavaThread "Cache worker for execution history cache (C:\Users\sersu\.gradle\caches\7.4\executionHistory)" [_thread_blocked, id=15632, stack(0x0000005d07c00000,0x0000005d07d00000)]

Other Threads:
  0x000001dd1fc78000 VMThread "VM Thread" [stack: 0x0000005d05500000,0x0000005d05600000] [id=9712]
  0x000001dd20666000 WatcherThread [stack: 0x0000005d05f00000,0x0000005d06000000] [id=12424]
  0x000001dd057a9000 GCTaskThread "GC Thread#0" [stack: 0x0000005d05000000,0x0000005d05100000] [id=15688]
  0x000001dd213e0800 GCTaskThread "GC Thread#1" [stack: 0x0000005d06200000,0x0000005d06300000] [id=15896]
  0x000001dd21aed800 GCTaskThread "GC Thread#2" [stack: 0x0000005d06300000,0x0000005d06400000] [id=15488]
  0x000001dd21b42800 GCTaskThread "GC Thread#3" [stack: 0x0000005d06400000,0x0000005d06500000] [id=10152]
  0x000001dd219a3800 GCTaskThread "GC Thread#4" [stack: 0x0000005d07200000,0x0000005d07300000] [id=5368]
  0x000001dd23692800 GCTaskThread "GC Thread#5" [stack: 0x0000005d07300000,0x0000005d07400000] [id=15232]
  0x000001dd231cd800 GCTaskThread "GC Thread#6" [stack: 0x0000005d07400000,0x0000005d07500000] [id=6408]
  0x000001dd22453800 GCTaskThread "GC Thread#7" [stack: 0x0000005d07500000,0x0000005d07600000] [id=14412]
  0x000001dd057da800 ConcurrentGCThread "G1 Main Marker" [stack: 0x0000005d05100000,0x0000005d05200000] [id=4140]
  0x000001dd057dc800 ConcurrentGCThread "G1 Conc#0" [stack: 0x0000005d05200000,0x0000005d05300000] [id=13768]
  0x000001dd22ade000 ConcurrentGCThread "G1 Conc#1" [stack: 0x0000005d07600000,0x0000005d07700000] [id=5484]
  0x000001dd1fac2800 ConcurrentGCThread "G1 Refine#0" [stack: 0x0000005d05300000,0x0000005d05400000] [id=2672]
  0x000001dd1fac5800 ConcurrentGCThread "G1 Young RemSet Sampling" [stack: 0x0000005d05400000,0x0000005d05500000] [id=15464]

Threads with active compile tasks:
C2 CompilerThread0   3182 2547       4       jdk.internal.loader.URLClassPath::getResource (74 bytes)

VM state:not at safepoint (normal execution)

VM Mutex/Monitor currently owned by a thread: None

Heap address: 0x0000000080000000, size: 2048 MB, Compressed Oops mode: 32-bit
Narrow klass base: 0x0000000000000000, Narrow klass shift: 3
Compressed class space size: 1073741824 Address: 0x0000000100000000

Heap:
 garbage-first heap   total 194560K, used 96521K [0x0000000080000000, 0x0000000100000000)
  region size 1024K, 79 young (80896K), 2 survivors (2048K)
 Metaspace       used 32071K, capacity 32843K, committed 33024K, reserved 1077248K
  class space    used 4243K, capacity 4519K, committed 4608K, reserved 1048576K
Heap Regions: E=young(eden), S=young(survivor), O=old, HS=humongous(starts), HC=humongous(continues), CS=collection set, F=free, A=archive, TAMS=top-at-mark-start (previous, next)
|   0|0x0000000080000000, 0x0000000080100000, 0x0000000080100000|100%| O|  |TAMS 0x0000000080000000, 0x0000000080000000| Untracked 
|   1|0x0000000080100000, 0x0000000080200000, 0x0000000080200000|100%| O|  |TAMS 0x0000000080100000, 0x0000000080100000| Untracked 
|   2|0x0000000080200000, 0x0000000080300000, 0x0000000080300000|100%| O|  |TAMS 0x0000000080200000, 0x0000000080200000| Untracked 
|   3|0x0000000080300000, 0x0000000080400000, 0x0000000080400000|100%|HS|  |TAMS 0x0000000080400000, 0x0000000080300000| Complete 
|   4|0x0000000080400000, 0x0000000080500000, 0x0000000080500000|100%|HC|  |TAMS 0x0000000080500000, 0x0000000080400000| Complete 
|   5|0x0000000080500000, 0x0000000080600000, 0x0000000080600000|100%|HC|  |TAMS 0x0000000080600000, 0x0000000080500000| Complete 
|   6|0x0000000080600000, 0x0000000080700000, 0x0000000080700000|100%| O|  |TAMS 0x0000000080700000, 0x0000000080600000| Untracked 
|   7|0x0000000080700000, 0x0000000080800000, 0x0000000080800000|100%| O|  |TAMS 0x0000000080800000, 0x0000000080700000| Untracked 
|   8|0x0000000080800000, 0x0000000080900000, 0x0000000080900000|100%| O|  |TAMS 0x0000000080900000, 0x0000000080800000| Untracked 
|   9|0x0000000080900000, 0x0000000080a00000, 0x0000000080a00000|100%| O|  |TAMS 0x0000000080933800, 0x0000000080900000| Untracked 
|  10|0x0000000080a00000, 0x0000000080b00000, 0x0000000080b00000|100%| O|  |TAMS 0x0000000080a00000, 0x0000000080a00000| Untracked 
|  11|0x0000000080b00000, 0x0000000080c00000, 0x0000000080c00000|100%| O|  |TAMS 0x0000000080b00000, 0x0000000080b00000| Untracked 
|  12|0x0000000080c00000, 0x0000000080d00000, 0x0000000080d00000|100%| O|  |TAMS 0x0000000080c00000, 0x0000000080c00000| Untracked 
|  13|0x0000000080d00000, 0x0000000080e00000, 0x0000000080e00000|100%| O|  |TAMS 0x0000000080d00000, 0x0000000080d00000| Untracked 
|  14|0x0000000080e00000, 0x0000000080f00000, 0x0000000080f00000|100%| O|  |TAMS 0x0000000080e00000, 0x0000000080e00000| Untracked 
|  15|0x0000000080f00000, 0x0000000081000000, 0x0000000081000000|100%| O|  |TAMS 0x0000000080f00000, 0x0000000080f00000| Untracked 
|  16|0x0000000081000000, 0x00000000810b4e00, 0x0000000081100000| 70%| O|  |TAMS 0x0000000081000000, 0x0000000081000000| Untracked 
|  17|0x0000000081100000, 0x0000000081100000, 0x0000000081200000|  0%| F|  |TAMS 0x0000000081100000, 0x0000000081100000| Untracked 
|  18|0x0000000081200000, 0x0000000081200000, 0x0000000081300000|  0%| F|  |TAMS 0x0000000081200000, 0x0000000081200000| Untracked 
|  19|0x0000000081300000, 0x0000000081300000, 0x0000000081400000|  0%| F|  |TAMS 0x0000000081300000, 0x0000000081300000| Untracked 
|  20|0x0000000081400000, 0x0000000081400000, 0x0000000081500000|  0%| F|  |TAMS 0x0000000081400000, 0x0000000081400000| Untracked 
|  21|0x0000000081500000, 0x0000000081500000, 0x0000000081600000|  0%| F|  |TAMS 0x0000000081500000, 0x0000000081500000| Untracked 
|  22|0x0000000081600000, 0x0000000081600000, 0x0000000081700000|  0%| F|  |TAMS 0x0000000081600000, 0x0000000081600000| Untracked 
|  23|0x0000000081700000, 0x0000000081700000, 0x0000000081800000|  0%| F|  |TAMS 0x0000000081700000, 0x0000000081700000| Untracked 
|  24|0x0000000081800000, 0x0000000081800000, 0x0000000081900000|  0%| F|  |TAMS 0x0000000081800000, 0x0000000081800000| Untracked 
|  25|0x0000000081900000, 0x0000000081900000, 0x0000000081a00000|  0%| F|  |TAMS 0x0000000081900000, 0x0000000081900000| Untracked 
|  26|0x0000000081a00000, 0x0000000081a00000, 0x0000000081b00000|  0%| F|  |TAMS 0x0000000081a00000, 0x0000000081a00000| Untracked 
|  27|0x0000000081b00000, 0x0000000081b00000, 0x0000000081c00000|  0%| F|  |TAMS 0x0000000081b00000, 0x0000000081b00000| Untracked 
|  28|0x0000000081c00000, 0x0000000081c00000, 0x0000000081d00000|  0%| F|  |TAMS 0x0000000081c00000, 0x0000000081c00000| Untracked 
|  29|0x0000000081d00000, 0x0000000081d00000, 0x0000000081e00000|  0%| F|  |TAMS 0x0000000081d00000, 0x0000000081d00000| Untracked 
|  30|0x0000000081e00000, 0x0000000081e00000, 0x0000000081f00000|  0%| F|  |TAMS 0x0000000081e00000, 0x0000000081e00000| Untracked 
|  31|0x0000000081f00000, 0x0000000081f00000, 0x0000000082000000|  0%| F|  |TAMS 0x0000000081f00000, 0x0000000081f00000| Untracked 
|  32|0x0000000082000000, 0x0000000082000000, 0x0000000082100000|  0%| F|  |TAMS 0x0000000082000000, 0x0000000082000000| Untracked 
|  33|0x0000000082100000, 0x0000000082100000, 0x0000000082200000|  0%| F|  |TAMS 0x0000000082100000, 0x0000000082100000| Untracked 
|  34|0x0000000082200000, 0x0000000082200000, 0x0000000082300000|  0%| F|  |TAMS 0x0000000082200000, 0x0000000082200000| Untracked 
|  35|0x0000000082300000, 0x0000000082300000, 0x0000000082400000|  0%| F|  |TAMS 0x0000000082300000, 0x0000000082300000| Untracked 
|  36|0x0000000082400000, 0x0000000082400000, 0x0000000082500000|  0%| F|  |TAMS 0x0000000082400000, 0x0000000082400000| Untracked 
|  37|0x0000000082500000, 0x0000000082500000, 0x0000000082600000|  0%| F|  |TAMS 0x0000000082500000, 0x0000000082500000| Untracked 
|  38|0x0000000082600000, 0x0000000082600000, 0x0000000082700000|  0%| F|  |TAMS 0x0000000082600000, 0x0000000082600000| Untracked 
|  39|0x0000000082700000, 0x0000000082700000, 0x0000000082800000|  0%| F|  |TAMS 0x0000000082700000, 0x0000000082700000| Untracked 
|  40|0x0000000082800000, 0x0000000082800000, 0x0000000082900000|  0%| F|  |TAMS 0x0000000082800000, 0x0000000082800000| Untracked 
|  41|0x0000000082900000, 0x0000000082900000, 0x0000000082a00000|  0%| F|  |TAMS 0x0000000082900000, 0x0000000082900000| Untracked 
|  42|0x0000000082a00000, 0x0000000082a00000, 0x0000000082b00000|  0%| F|  |TAMS 0x0000000082a00000, 0x0000000082a00000| Untracked 
|  43|0x0000000082b00000, 0x0000000082b00000, 0x0000000082c00000|  0%| F|  |TAMS 0x0000000082b00000, 0x0000000082b00000| Untracked 
|  44|0x0000000082c00000, 0x0000000082c00000, 0x0000000082d00000|  0%| F|  |TAMS 0x0000000082c00000, 0x0000000082c00000| Untracked 
|  45|0x0000000082d00000, 0x0000000082d00000, 0x0000000082e00000|  0%| F|  |TAMS 0x0000000082d00000, 0x0000000082d00000| Untracked 
|  46|0x0000000082e00000, 0x0000000082e00000, 0x0000000082f00000|  0%| F|  |TAMS 0x0000000082e00000, 0x0000000082e00000| Untracked 
|  47|0x0000000082f00000, 0x0000000082f00000, 0x0000000083000000|  0%| F|  |TAMS 0x0000000082f00000, 0x0000000082f00000| Untracked 
|  48|0x0000000083000000, 0x0000000083000000, 0x0000000083100000|  0%| F|  |TAMS 0x0000000083000000, 0x0000000083000000| Untracked 
|  49|0x0000000083100000, 0x0000000083100000, 0x0000000083200000|  0%| F|  |TAMS 0x0000000083100000, 0x0000000083100000| Untracked 
|  50|0x0000000083200000, 0x0000000083200000, 0x0000000083300000|  0%| F|  |TAMS 0x0000000083200000, 0x0000000083200000| Untracked 
|  51|0x0000000083300000, 0x0000000083300000, 0x0000000083400000|  0%| F|  |TAMS 0x0000000083300000, 0x0000000083300000| Untracked 
|  52|0x0000000083400000, 0x0000000083400000, 0x0000000083500000|  0%| F|  |TAMS 0x0000000083400000, 0x0000000083400000| Untracked 
|  53|0x0000000083500000, 0x0000000083500000, 0x0000000083600000|  0%| F|  |TAMS 0x0000000083500000, 0x0000000083500000| Untracked 
|  54|0x0000000083600000, 0x0000000083600000, 0x0000000083700000|  0%| F|  |TAMS 0x0000000083600000, 0x0000000083600000| Untracked 
|  55|0x0000000083700000, 0x0000000083700000, 0x0000000083800000|  0%| F|  |TAMS 0x0000000083700000, 0x0000000083700000| Untracked 
|  56|0x0000000083800000, 0x0000000083800000, 0x0000000083900000|  0%| F|  |TAMS 0x0000000083800000, 0x0000000083800000| Untracked 
|  57|0x0000000083900000, 0x0000000083900000, 0x0000000083a00000|  0%| F|  |TAMS 0x0000000083900000, 0x0000000083900000| Untracked 
|  58|0x0000000083a00000, 0x0000000083a00000, 0x0000000083b00000|  0%| F|  |TAMS 0x0000000083a00000, 0x0000000083a00000| Untracked 
|  59|0x0000000083b00000, 0x0000000083b00000, 0x0000000083c00000|  0%| F|  |TAMS 0x0000000083b00000, 0x0000000083b00000| Untracked 
|  60|0x0000000083c00000, 0x0000000083c00000, 0x0000000083d00000|  0%| F|  |TAMS 0x0000000083c00000, 0x0000000083c00000| Untracked 
|  61|0x0000000083d00000, 0x0000000083d00000, 0x0000000083e00000|  0%| F|  |TAMS 0x0000000083d00000, 0x0000000083d00000| Untracked 
|  62|0x0000000083e00000, 0x0000000083e00000, 0x0000000083f00000|  0%| F|  |TAMS 0x0000000083e00000, 0x0000000083e00000| Untracked 
|  63|0x0000000083f00000, 0x0000000083f00000, 0x0000000084000000|  0%| F|  |TAMS 0x0000000083f00000, 0x0000000083f00000| Untracked 
|  64|0x0000000084000000, 0x0000000084000000, 0x0000000084100000|  0%| F|  |TAMS 0x0000000084000000, 0x0000000084000000| Untracked 
|  65|0x0000000084100000, 0x0000000084100000, 0x0000000084200000|  0%| F|  |TAMS 0x0000000084100000, 0x0000000084100000| Untracked 
|  66|0x0000000084200000, 0x0000000084200000, 0x0000000084300000|  0%| F|  |TAMS 0x0000000084200000, 0x0000000084200000| Untracked 
|  67|0x0000000084300000, 0x0000000084300000, 0x0000000084400000|  0%| F|  |TAMS 0x0000000084300000, 0x0000000084300000| Untracked 
|  68|0x0000000084400000, 0x0000000084400000, 0x0000000084500000|  0%| F|  |TAMS 0x0000000084400000, 0x0000000084400000| Untracked 
|  69|0x0000000084500000, 0x0000000084500000, 0x0000000084600000|  0%| F|  |TAMS 0x0000000084500000, 0x0000000084500000| Untracked 
|  70|0x0000000084600000, 0x0000000084600000, 0x0000000084700000|  0%| F|  |TAMS 0x0000000084600000, 0x0000000084600000| Untracked 
|  71|0x0000000084700000, 0x0000000084700000, 0x0000000084800000|  0%| F|  |TAMS 0x0000000084700000, 0x0000000084700000| Untracked 
|  72|0x0000000084800000, 0x0000000084800000, 0x0000000084900000|  0%| F|  |TAMS 0x0000000084800000, 0x0000000084800000| Untracked 
|  73|0x0000000084900000, 0x0000000084900000, 0x0000000084a00000|  0%| F|  |TAMS 0x0000000084900000, 0x0000000084900000| Untracked 
|  74|0x0000000084a00000, 0x0000000084a00000, 0x0000000084b00000|  0%| F|  |TAMS 0x0000000084a00000, 0x0000000084a00000| Untracked 
|  75|0x0000000084b00000, 0x0000000084b00000, 0x0000000084c00000|  0%| F|  |TAMS 0x0000000084b00000, 0x0000000084b00000| Untracked 
|  76|0x0000000084c00000, 0x0000000084c00000, 0x0000000084d00000|  0%| F|  |TAMS 0x0000000084c00000, 0x0000000084c00000| Untracked 
|  77|0x0000000084d00000, 0x0000000084d00000, 0x0000000084e00000|  0%| F|  |TAMS 0x0000000084d00000, 0x0000000084d00000| Untracked 
|  78|0x0000000084e00000, 0x0000000084e00000, 0x0000000084f00000|  0%| F|  |TAMS 0x0000000084e00000, 0x0000000084e00000| Untracked 
|  79|0x0000000084f00000, 0x0000000084f00000, 0x0000000085000000|  0%| F|  |TAMS 0x0000000084f00000, 0x0000000084f00000| Untracked 
|  80|0x0000000085000000, 0x0000000085000000, 0x0000000085100000|  0%| F|  |TAMS 0x0000000085000000, 0x0000000085000000| Untracked 
|  81|0x0000000085100000, 0x0000000085100000, 0x0000000085200000|  0%| F|  |TAMS 0x0000000085100000, 0x0000000085100000| Untracked 
|  82|0x0000000085200000, 0x0000000085200000, 0x0000000085300000|  0%| F|  |TAMS 0x0000000085200000, 0x0000000085200000| Untracked 
|  83|0x0000000085300000, 0x0000000085300000, 0x0000000085400000|  0%| F|  |TAMS 0x0000000085300000, 0x0000000085300000| Untracked 
|  84|0x0000000085400000, 0x0000000085400000, 0x0000000085500000|  0%| F|  |TAMS 0x0000000085400000, 0x0000000085400000| Untracked 
|  85|0x0000000085500000, 0x0000000085500000, 0x0000000085600000|  0%| F|  |TAMS 0x0000000085500000, 0x0000000085500000| Untracked 
|  86|0x0000000085600000, 0x0000000085600000, 0x0000000085700000|  0%| F|  |TAMS 0x0000000085600000, 0x0000000085600000| Untracked 
|  87|0x0000000085700000, 0x0000000085700000, 0x0000000085800000|  0%| F|  |TAMS 0x0000000085700000, 0x0000000085700000| Untracked 
|  88|0x0000000085800000, 0x0000000085800000, 0x0000000085900000|  0%| F|  |TAMS 0x0000000085800000, 0x0000000085800000| Untracked 
|  89|0x0000000085900000, 0x0000000085900000, 0x0000000085a00000|  0%| F|  |TAMS 0x0000000085900000, 0x0000000085900000| Untracked 
|  90|0x0000000085a00000, 0x0000000085a00000, 0x0000000085b00000|  0%| F|  |TAMS 0x0000000085a00000, 0x0000000085a00000| Untracked 
|  91|0x0000000085b00000, 0x0000000085b00000, 0x0000000085c00000|  0%| F|  |TAMS 0x0000000085b00000, 0x0000000085b00000| Untracked 
|  92|0x0000000085c00000, 0x0000000085c00000, 0x0000000085d00000|  0%| F|  |TAMS 0x0000000085c00000, 0x0000000085c00000| Untracked 
|  93|0x0000000085d00000, 0x0000000085d00000, 0x0000000085e00000|  0%| F|  |TAMS 0x0000000085d00000, 0x0000000085d00000| Untracked 
|  94|0x0000000085e00000, 0x0000000085e00000, 0x0000000085f00000|  0%| F|  |TAMS 0x0000000085e00000, 0x0000000085e00000| Untracked 
|  95|0x0000000085f00000, 0x0000000085f00000, 0x0000000086000000|  0%| F|  |TAMS 0x0000000085f00000, 0x0000000085f00000| Untracked 
|  96|0x0000000086000000, 0x0000000086000000, 0x0000000086100000|  0%| F|  |TAMS 0x0000000086000000, 0x0000000086000000| Untracked 
|  97|0x0000000086100000, 0x0000000086100000, 0x0000000086200000|  0%| F|  |TAMS 0x0000000086100000, 0x0000000086100000| Untracked 
|  98|0x0000000086200000, 0x0000000086200000, 0x0000000086300000|  0%| F|  |TAMS 0x0000000086200000, 0x0000000086200000| Untracked 
|  99|0x0000000086300000, 0x0000000086300000, 0x0000000086400000|  0%| F|  |TAMS 0x0000000086300000, 0x0000000086300000| Untracked 
| 100|0x0000000086400000, 0x0000000086400000, 0x0000000086500000|  0%| F|  |TAMS 0x0000000086400000, 0x0000000086400000| Untracked 
| 101|0x0000000086500000, 0x0000000086500000, 0x0000000086600000|  0%| F|  |TAMS 0x0000000086500000, 0x0000000086500000| Untracked 
| 102|0x0000000086600000, 0x0000000086600000, 0x0000000086700000|  0%| F|  |TAMS 0x0000000086600000, 0x0000000086600000| Untracked 
| 103|0x0000000086700000, 0x0000000086700000, 0x0000000086800000|  0%| F|  |TAMS 0x0000000086700000, 0x0000000086700000| Untracked 
| 104|0x0000000086800000, 0x0000000086800000, 0x0000000086900000|  0%| F|  |TAMS 0x0000000086800000, 0x0000000086800000| Untracked 
| 105|0x0000000086900000, 0x0000000086900000, 0x0000000086a00000|  0%| F|  |TAMS 0x0000000086900000, 0x0000000086900000| Untracked 
| 106|0x0000000086a00000, 0x0000000086a00000, 0x0000000086b00000|  0%| F|  |TAMS 0x0000000086a00000, 0x0000000086a00000| Untracked 
| 107|0x0000000086b00000, 0x0000000086b00000, 0x0000000086c00000|  0%| F|  |TAMS 0x0000000086b00000, 0x0000000086b00000| Untracked 
| 108|0x0000000086c00000, 0x0000000086c00000, 0x0000000086d00000|  0%| F|  |TAMS 0x0000000086c00000, 0x0000000086c00000| Untracked 
| 109|0x0000000086d00000, 0x0000000086d00000, 0x0000000086e00000|  0%| F|  |TAMS 0x0000000086d00000, 0x0000000086d00000| Untracked 
| 110|0x0000000086e00000, 0x0000000086e00000, 0x0000000086f00000|  0%| F|  |TAMS 0x0000000086e00000, 0x0000000086e00000| Untracked 
| 111|0x0000000086f00000, 0x0000000087000000, 0x0000000087000000|100%| E|  |TAMS 0x0000000086f00000, 0x0000000086f00000| Complete 
| 112|0x0000000087000000, 0x0000000087100000, 0x0000000087100000|100%| E|CS|TAMS 0x0000000087000000, 0x0000000087000000| Complete 
| 113|0x0000000087100000, 0x0000000087200000, 0x0000000087200000|100%| E|CS|TAMS 0x0000000087100000, 0x0000000087100000| Complete 
| 114|0x0000000087200000, 0x0000000087300000, 0x0000000087300000|100%| E|CS|TAMS 0x0000000087200000, 0x0000000087200000| Complete 
| 115|0x0000000087300000, 0x0000000087400000, 0x0000000087400000|100%| E|CS|TAMS 0x0000000087300000, 0x0000000087300000| Complete 
| 116|0x0000000087400000, 0x0000000087500000, 0x0000000087500000|100%| E|CS|TAMS 0x0000000087400000, 0x0000000087400000| Complete 
| 117|0x0000000087500000, 0x0000000087600000, 0x0000000087600000|100%| E|CS|TAMS 0x0000000087500000, 0x0000000087500000| Complete 
| 118|0x0000000087600000, 0x0000000087700000, 0x0000000087700000|100%| E|CS|TAMS 0x0000000087600000, 0x0000000087600000| Complete 
| 119|0x0000000087700000, 0x0000000087800000, 0x0000000087800000|100%| E|CS|TAMS 0x0000000087700000, 0x0000000087700000| Complete 
| 120|0x0000000087800000, 0x0000000087900000, 0x0000000087900000|100%| E|CS|TAMS 0x0000000087800000, 0x0000000087800000| Complete 
| 121|0x0000000087900000, 0x0000000087a00000, 0x0000000087a00000|100%| E|CS|TAMS 0x0000000087900000, 0x0000000087900000| Complete 
| 122|0x0000000087a00000, 0x0000000087b00000, 0x0000000087b00000|100%| E|CS|TAMS 0x0000000087a00000, 0x0000000087a00000| Complete 
| 123|0x0000000087b00000, 0x0000000087c00000, 0x0000000087c00000|100%| E|CS|TAMS 0x0000000087b00000, 0x0000000087b00000| Complete 
| 124|0x0000000087c00000, 0x0000000087d00000, 0x0000000087d00000|100%| E|CS|TAMS 0x0000000087c00000, 0x0000000087c00000| Complete 
| 125|0x0000000087d00000, 0x0000000087e00000, 0x0000000087e00000|100%| E|CS|TAMS 0x0000000087d00000, 0x0000000087d00000| Complete 
| 126|0x0000000087e00000, 0x0000000087f00000, 0x0000000087f00000|100%| E|CS|TAMS 0x0000000087e00000, 0x0000000087e00000| Complete 
| 127|0x0000000087f00000, 0x0000000088000000, 0x0000000088000000|100%| E|CS|TAMS 0x0000000087f00000, 0x0000000087f00000| Complete 
| 128|0x0000000088000000, 0x0000000088100000, 0x0000000088100000|100%| E|CS|TAMS 0x0000000088000000, 0x0000000088000000| Complete 
| 129|0x0000000088100000, 0x0000000088200000, 0x0000000088200000|100%| E|CS|TAMS 0x0000000088100000, 0x0000000088100000| Complete 
| 130|0x0000000088200000, 0x0000000088300000, 0x0000000088300000|100%| E|CS|TAMS 0x0000000088200000, 0x0000000088200000| Complete 
| 131|0x0000000088300000, 0x0000000088400000, 0x0000000088400000|100%| E|CS|TAMS 0x0000000088300000, 0x0000000088300000| Complete 
| 132|0x0000000088400000, 0x0000000088500000, 0x0000000088500000|100%| E|CS|TAMS 0x0000000088400000, 0x0000000088400000| Complete 
| 133|0x0000000088500000, 0x0000000088600000, 0x0000000088600000|100%| E|CS|TAMS 0x0000000088500000, 0x0000000088500000| Complete 
| 134|0x0000000088600000, 0x0000000088700000, 0x0000000088700000|100%| E|CS|TAMS 0x0000000088600000, 0x0000000088600000| Complete 
| 135|0x0000000088700000, 0x0000000088800000, 0x0000000088800000|100%| E|CS|TAMS 0x0000000088700000, 0x0000000088700000| Complete 
| 136|0x0000000088800000, 0x0000000088900000, 0x0000000088900000|100%| E|CS|TAMS 0x0000000088800000, 0x0000000088800000| Complete 
| 137|0x0000000088900000, 0x0000000088a00000, 0x0000000088a00000|100%| E|CS|TAMS 0x0000000088900000, 0x0000000088900000| Complete 
| 138|0x0000000088a00000, 0x0000000088b00000, 0x0000000088b00000|100%| E|CS|TAMS 0x0000000088a00000, 0x0000000088a00000| Complete 
| 139|0x0000000088b00000, 0x0000000088c00000, 0x0000000088c00000|100%| E|CS|TAMS 0x0000000088b00000, 0x0000000088b00000| Complete 
| 140|0x0000000088c00000, 0x0000000088d00000, 0x0000000088d00000|100%| E|CS|TAMS 0x0000000088c00000, 0x0000000088c00000| Complete 
| 141|0x0000000088d00000, 0x0000000088e00000, 0x0000000088e00000|100%| E|CS|TAMS 0x0000000088d00000, 0x0000000088d00000| Complete 
| 142|0x0000000088e00000, 0x0000000088f00000, 0x0000000088f00000|100%| E|CS|TAMS 0x0000000088e00000, 0x0000000088e00000| Complete 
| 143|0x0000000088f00000, 0x0000000089000000, 0x0000000089000000|100%| E|CS|TAMS 0x0000000088f00000, 0x0000000088f00000| Complete 
| 144|0x0000000089000000, 0x0000000089100000, 0x0000000089100000|100%| E|CS|TAMS 0x0000000089000000, 0x0000000089000000| Complete 
| 145|0x0000000089100000, 0x0000000089200000, 0x0000000089200000|100%| E|CS|TAMS 0x0000000089100000, 0x0000000089100000| Complete 
| 146|0x0000000089200000, 0x0000000089300000, 0x0000000089300000|100%| E|CS|TAMS 0x0000000089200000, 0x0000000089200000| Complete 
| 147|0x0000000089300000, 0x0000000089400000, 0x0000000089400000|100%| E|CS|TAMS 0x0000000089300000, 0x0000000089300000| Complete 
| 148|0x0000000089400000, 0x0000000089500000, 0x0000000089500000|100%| E|CS|TAMS 0x0000000089400000, 0x0000000089400000| Complete 
| 149|0x0000000089500000, 0x0000000089600000, 0x0000000089600000|100%| E|CS|TAMS 0x0000000089500000, 0x0000000089500000| Complete 
| 150|0x0000000089600000, 0x0000000089700000, 0x0000000089700000|100%| E|CS|TAMS 0x0000000089600000, 0x0000000089600000| Complete 
| 151|0x0000000089700000, 0x0000000089800000, 0x0000000089800000|100%| E|CS|TAMS 0x0000000089700000, 0x0000000089700000| Complete 
| 152|0x0000000089800000, 0x0000000089900000, 0x0000000089900000|100%| E|CS|TAMS 0x0000000089800000, 0x0000000089800000| Complete 
| 153|0x0000000089900000, 0x0000000089a00000, 0x0000000089a00000|100%| E|CS|TAMS 0x0000000089900000, 0x0000000089900000| Complete 
| 154|0x0000000089a00000, 0x0000000089b00000, 0x0000000089b00000|100%| E|CS|TAMS 0x0000000089a00000, 0x0000000089a00000| Complete 
| 155|0x0000000089b00000, 0x0000000089c00000, 0x0000000089c00000|100%| E|CS|TAMS 0x0000000089b00000, 0x0000000089b00000| Complete 
| 156|0x0000000089c00000, 0x0000000089c8d860, 0x0000000089d00000| 55%| S|CS|TAMS 0x0000000089c00000, 0x0000000089c00000| Complete 
| 157|0x0000000089d00000, 0x0000000089e00000, 0x0000000089e00000|100%| S|CS|TAMS 0x0000000089d00000, 0x0000000089d00000| Complete 
| 158|0x0000000089e00000, 0x0000000089f00000, 0x0000000089f00000|100%| E|CS|TAMS 0x0000000089e00000, 0x0000000089e00000| Complete 
| 159|0x0000000089f00000, 0x000000008a000000, 0x000000008a000000|100%| E|CS|TAMS 0x0000000089f00000, 0x0000000089f00000| Complete 
| 160|0x000000008a000000, 0x000000008a100000, 0x000000008a100000|100%| E|CS|TAMS 0x000000008a000000, 0x000000008a000000| Complete 
| 161|0x000000008a100000, 0x000000008a200000, 0x000000008a200000|100%| E|CS|TAMS 0x000000008a100000, 0x000000008a100000| Complete 
| 162|0x000000008a200000, 0x000000008a300000, 0x000000008a300000|100%| E|CS|TAMS 0x000000008a200000, 0x000000008a200000| Complete 
| 163|0x000000008a300000, 0x000000008a400000, 0x000000008a400000|100%| E|CS|TAMS 0x000000008a300000, 0x000000008a300000| Complete 
| 164|0x000000008a400000, 0x000000008a500000, 0x000000008a500000|100%| E|CS|TAMS 0x000000008a400000, 0x000000008a400000| Complete 
| 165|0x000000008a500000, 0x000000008a600000, 0x000000008a600000|100%| E|CS|TAMS 0x000000008a500000, 0x000000008a500000| Complete 
| 166|0x000000008a600000, 0x000000008a700000, 0x000000008a700000|100%| E|CS|TAMS 0x000000008a600000, 0x000000008a600000| Complete 
| 167|0x000000008a700000, 0x000000008a800000, 0x000000008a800000|100%| E|CS|TAMS 0x000000008a700000, 0x000000008a700000| Complete 
| 168|0x000000008a800000, 0x000000008a900000, 0x000000008a900000|100%| E|CS|TAMS 0x000000008a800000, 0x000000008a800000| Complete 
| 169|0x000000008a900000, 0x000000008aa00000, 0x000000008aa00000|100%| E|CS|TAMS 0x000000008a900000, 0x000000008a900000| Complete 
| 170|0x000000008aa00000, 0x000000008ab00000, 0x000000008ab00000|100%| E|CS|TAMS 0x000000008aa00000, 0x000000008aa00000| Complete 
| 171|0x000000008ab00000, 0x000000008ac00000, 0x000000008ac00000|100%| E|CS|TAMS 0x000000008ab00000, 0x000000008ab00000| Complete 
| 172|0x000000008ac00000, 0x000000008ad00000, 0x000000008ad00000|100%| E|CS|TAMS 0x000000008ac00000, 0x000000008ac00000| Complete 
| 173|0x000000008ad00000, 0x000000008ae00000, 0x000000008ae00000|100%| E|CS|TAMS 0x000000008ad00000, 0x000000008ad00000| Complete 
| 174|0x000000008ae00000, 0x000000008af00000, 0x000000008af00000|100%| E|CS|TAMS 0x000000008ae00000, 0x000000008ae00000| Complete 
| 175|0x000000008af00000, 0x000000008b000000, 0x000000008b000000|100%| E|CS|TAMS 0x000000008af00000, 0x000000008af00000| Complete 
| 176|0x000000008b000000, 0x000000008b100000, 0x000000008b100000|100%| E|CS|TAMS 0x000000008b000000, 0x000000008b000000| Complete 
| 177|0x000000008b100000, 0x000000008b200000, 0x000000008b200000|100%| E|CS|TAMS 0x000000008b100000, 0x000000008b100000| Complete 
| 178|0x000000008b200000, 0x000000008b300000, 0x000000008b300000|100%| E|CS|TAMS 0x000000008b200000, 0x000000008b200000| Complete 
| 179|0x000000008b300000, 0x000000008b400000, 0x000000008b400000|100%| E|CS|TAMS 0x000000008b300000, 0x000000008b300000| Complete 
| 180|0x000000008b400000, 0x000000008b500000, 0x000000008b500000|100%| E|CS|TAMS 0x000000008b400000, 0x000000008b400000| Complete 
| 181|0x000000008b500000, 0x000000008b600000, 0x000000008b600000|100%| E|CS|TAMS 0x000000008b500000, 0x000000008b500000| Complete 
| 182|0x000000008b600000, 0x000000008b700000, 0x000000008b700000|100%| E|CS|TAMS 0x000000008b600000, 0x000000008b600000| Complete 
| 183|0x000000008b700000, 0x000000008b800000, 0x000000008b800000|100%| E|CS|TAMS 0x000000008b700000, 0x000000008b700000| Complete 
| 184|0x000000008b800000, 0x000000008b900000, 0x000000008b900000|100%| E|CS|TAMS 0x000000008b800000, 0x000000008b800000| Complete 
| 185|0x000000008b900000, 0x000000008ba00000, 0x000000008ba00000|100%| E|CS|TAMS 0x000000008b900000, 0x000000008b900000| Complete 
| 186|0x000000008ba00000, 0x000000008bb00000, 0x000000008bb00000|100%| E|CS|TAMS 0x000000008ba00000, 0x000000008ba00000| Complete 
| 187|0x000000008bb00000, 0x000000008bc00000, 0x000000008bc00000|100%| E|CS|TAMS 0x000000008bb00000, 0x000000008bb00000| Complete 
| 188|0x000000008bc00000, 0x000000008bd00000, 0x000000008bd00000|100%| E|CS|TAMS 0x000000008bc00000, 0x000000008bc00000| Complete 
| 189|0x000000008bd00000, 0x000000008be00000, 0x000000008be00000|100%| E|CS|TAMS 0x000000008bd00000, 0x000000008bd00000| Complete 

Card table byte_map: [0x000001dd189e0000,0x000001dd18de0000] _byte_map_base: 0x000001dd185e0000

Marking Bits (Prev, Next): (CMBitMap*) 0x000001dd057d1cf0, (CMBitMap*) 0x000001dd057d1cb8
 Prev Bits: [0x000001dd1b1e0000, 0x000001dd1d1e0000)
 Next Bits: [0x000001dd191e0000, 0x000001dd1b1e0000)

Polling page: 0x000001dd036f0000

Metaspace:

Usage:
  Non-class:     27.66 MB capacity,    27.18 MB ( 98%) used,   427.51 KB (  2%) free+waste,    69.06 KB ( <1%) overhead. 
      Class:      4.41 MB capacity,     4.14 MB ( 94%) used,   241.01 KB (  5%) free+waste,    34.31 KB ( <1%) overhead. 
       Both:     32.07 MB capacity,    31.32 MB ( 98%) used,   668.52 KB (  2%) free+waste,   103.38 KB ( <1%) overhead. 

Virtual space:
  Non-class space:       28.00 MB reserved,      27.75 MB (>99%) committed 
      Class space:        1.00 GB reserved,       4.50 MB ( <1%) committed 
             Both:        1.03 GB reserved,      32.25 MB (  3%) committed 

Chunk freelists:
   Non-Class:  28.00 KB
       Class:  0 bytes
        Both:  28.00 KB

MaxMetaspaceSize: 17179869184.00 GB
CompressedClassSpaceSize: 1.00 GB
Initial GC threshold: 20.80 MB
Current GC threshold: 35.20 MB
CDS: off

CodeHeap 'non-profiled nmethods': size=120000Kb used=1519Kb max_used=1519Kb free=118480Kb
 bounds [0x000001dd10d80000, 0x000001dd10ff0000, 0x000001dd182b0000]
CodeHeap 'profiled nmethods': size=120000Kb used=5623Kb max_used=5623Kb free=114377Kb
 bounds [0x000001dd09850000, 0x000001dd09dd0000, 0x000001dd10d80000]
CodeHeap 'non-nmethods': size=5760Kb used=1238Kb max_used=1276Kb free=4522Kb
 bounds [0x000001dd092b0000, 0x000001dd09520000, 0x000001dd09850000]
 total_blobs=3177 nmethods=2669 adapters=420
 compilation: enabled
              stopped_count=0, restarted_count=0
 full_count=0

Compilation events (20 events):
Event: 3.048 Thread 0x000001dd204ed800 2660       3       java.util.WeakHashMap::eq (19 bytes)
Event: 3.048 Thread 0x000001dd23b2d000 nmethod 2659 0x000001dd10ef2b90 code [0x000001dd10ef2d40, 0x000001dd10ef3128]
Event: 3.048 Thread 0x000001dd204ed800 nmethod 2660 0x000001dd09dc8f10 code [0x000001dd09dc90e0, 0x000001dd09dc9308]
Event: 3.048 Thread 0x000001dd204ed800 2662       3       java.lang.ClassValue$Entry::version (8 bytes)
Event: 3.048 Thread 0x000001dd204ed800 nmethod 2662 0x000001dd09dc9410 code [0x000001dd09dc95c0, 0x000001dd09dc9858]
Event: 3.048 Thread 0x000001dd204ed800 2661       1       java.lang.ClassValue::version (5 bytes)
Event: 3.048 Thread 0x000001dd204ed800 nmethod 2661 0x000001dd10ef3210 code [0x000001dd10ef33c0, 0x000001dd10ef3478]
Event: 3.049 Thread 0x000001dd204ed800 2663       3       java.lang.Class::getDeclaredMethods (27 bytes)
Event: 3.049 Thread 0x000001dd204ed800 nmethod 2663 0x000001dd09dc9910 code [0x000001dd09dc9b00, 0x000001dd09dc9d98]
Event: 3.049 Thread 0x000001dd204ed800 2664       3       java.lang.PublicMethods$MethodList::getMostSpecific (63 bytes)
Event: 3.050 Thread 0x000001dd204ed800 nmethod 2664 0x000001dd09dc9e90 code [0x000001dd09dca060, 0x000001dd09dca368]
Event: 3.050 Thread 0x000001dd204ed800 2665       3       org.codehaus.groovy.util.ManagedReference::<init> (40 bytes)
Event: 3.050 Thread 0x000001dd204ed800 nmethod 2665 0x000001dd09dca510 code [0x000001dd09dca700, 0x000001dd09dcab98]
Event: 3.050 Thread 0x000001dd204ed800 2666       3       org.codehaus.groovy.util.ManagedReference::<init> (14 bytes)
Event: 3.050 Thread 0x000001dd204ed800 nmethod 2666 0x000001dd09dcad10 code [0x000001dd09dcaee0, 0x000001dd09dcb068]
Event: 3.050 Thread 0x000001dd204ed800 2668   !   3       org.codehaus.groovy.util.LazyReference::getLocked (85 bytes)
Event: 3.051 Thread 0x000001dd204ed800 nmethod 2668 0x000001dd09dcb190 code [0x000001dd09dcb4c0, 0x000001dd09dcc5f8]
Event: 3.051 Thread 0x000001dd204ed800 2669       3       org.codehaus.groovy.util.LockableObject::tryRelease (45 bytes)
Event: 3.051 Thread 0x000001dd204ed800 nmethod 2669 0x000001dd09dccc90 code [0x000001dd09dcce60, 0x000001dd09dcd128]
Event: 3.052 Thread 0x000001dd22e7e800 nmethod 2546 0x000001dd10ef3910 code [0x000001dd10ef3d20, 0x000001dd10ef8c00]

GC Heap History (6 events):
Event: 0.411 GC heap before
{Heap before GC invocations=0 (full 0):
 garbage-first heap   total 194560K, used 29696K [0x0000000080000000, 0x0000000100000000)
  region size 1024K, 24 young (24576K), 0 survivors (0K)
 Metaspace       used 10151K, capacity 10325K, committed 10624K, reserved 1058816K
  class space    used 1047K, capacity 1108K, committed 1152K, reserved 1048576K
}
Event: 0.414 GC heap after
{Heap after GC invocations=1 (full 0):
 garbage-first heap   total 194560K, used 9422K [0x0000000080000000, 0x0000000100000000)
  region size 1024K, 3 young (3072K), 3 survivors (3072K)
 Metaspace       used 10151K, capacity 10325K, committed 10624K, reserved 1058816K
  class space    used 1047K, capacity 1108K, committed 1152K, reserved 1048576K
}
Event: 1.480 GC heap before
{Heap before GC invocations=1 (full 0):
 garbage-first heap   total 194560K, used 113870K [0x0000000080000000, 0x0000000100000000)
  region size 1024K, 106 young (108544K), 3 survivors (3072K)
 Metaspace       used 20780K, capacity 21189K, committed 21296K, reserved 1069056K
  class space    used 2528K, capacity 2688K, committed 2688K, reserved 1048576K
}
Event: 1.486 GC heap after
{Heap after GC invocations=2 (full 0):
 garbage-first heap   total 194560K, used 17200K [0x0000000080000000, 0x0000000100000000)
  region size 1024K, 11 young (11264K), 11 survivors (11264K)
 Metaspace       used 20780K, capacity 21189K, committed 21296K, reserved 1069056K
  class space    used 2528K, capacity 2688K, committed 2688K, reserved 1048576K
}
Event: 1.812 GC heap before
{Heap before GC invocations=3 (full 0):
 garbage-first heap   total 194560K, used 49968K [0x0000000080000000, 0x0000000100000000)
  region size 1024K, 43 young (44032K), 11 survivors (11264K)
 Metaspace       used 23952K, capacity 24507K, committed 24832K, reserved 1071104K
  class space    used 3035K, capacity 3223K, committed 3328K, reserved 1048576K
}
Event: 1.830 GC heap after
{Heap after GC invocations=4 (full 0):
 garbage-first heap   total 194560K, used 18697K [0x0000000080000000, 0x0000000100000000)
  region size 1024K, 2 young (2048K), 2 survivors (2048K)
 Metaspace       used 23952K, capacity 24507K, committed 24832K, reserved 1071104K
  class space    used 3035K, capacity 3223K, committed 3328K, reserved 1048576K
}

Deoptimization events (20 events):
Event: 2.093 Thread 0x000001dd23748800 DEOPT PACKING pc=0x000001dd10e9d39c sp=0x0000005d06bfb480
Event: 2.093 Thread 0x000001dd23748800 DEOPT UNPACKING pc=0x000001dd092b85af sp=0x0000005d06bfb410 mode 2
Event: 2.131 Thread 0x000001dd23748800 Uncommon trap: trap_request=0xffffff4d fr.pc=0x000001dd10e3b884 relative=0x0000000000001444
Event: 2.131 Thread 0x000001dd23748800 Uncommon trap: reason=unstable_if action=reinterpret pc=0x000001dd10e3b884 method=java.util.concurrent.ConcurrentHashMap.putVal(Ljava/lang/Object;Ljava/lang/Object;Z)Ljava/lang/Object; @ 231 c2
Event: 2.131 Thread 0x000001dd23748800 DEOPT PACKING pc=0x000001dd10e3b884 sp=0x0000005d06bfc6e0
Event: 2.131 Thread 0x000001dd23748800 DEOPT UNPACKING pc=0x000001dd092b85af sp=0x0000005d06bfc660 mode 2
Event: 2.437 Thread 0x000001dd23748800 Uncommon trap: trap_request=0xffffff4d fr.pc=0x000001dd10e6c14c relative=0x000000000000020c
Event: 2.437 Thread 0x000001dd23748800 Uncommon trap: reason=unstable_if action=reinterpret pc=0x000001dd10e6c14c method=java.util.HashMap.hash(Ljava/lang/Object;)I @ 1 c2
Event: 2.437 Thread 0x000001dd23748800 DEOPT PACKING pc=0x000001dd10e6c14c sp=0x0000005d06bf7720
Event: 2.437 Thread 0x000001dd23748800 DEOPT UNPACKING pc=0x000001dd092b85af sp=0x0000005d06bf7658 mode 2
Event: 2.437 Thread 0x000001dd23748800 Uncommon trap: trap_request=0xffffff4d fr.pc=0x000001dd10d999ac relative=0x000000000000008c
Event: 2.437 Thread 0x000001dd23748800 Uncommon trap: reason=unstable_if action=reinterpret pc=0x000001dd10d999ac method=java.util.HashMap.hash(Ljava/lang/Object;)I @ 1 c2
Event: 2.437 Thread 0x000001dd23748800 DEOPT PACKING pc=0x000001dd10d999ac sp=0x0000005d06bf7490
Event: 2.437 Thread 0x000001dd23748800 DEOPT UNPACKING pc=0x000001dd092b85af sp=0x0000005d06bf7428 mode 2
Event: 2.609 Thread 0x000001dd23748800 DEOPT PACKING pc=0x000001dd09c3f279 sp=0x0000005d06bf6520
Event: 2.609 Thread 0x000001dd23748800 DEOPT UNPACKING pc=0x000001dd092f9d0e sp=0x0000005d06bf5a68 mode 0
Event: 2.758 Thread 0x000001dd23748800 Uncommon trap: trap_request=0xffffff4d fr.pc=0x000001dd10e9bfd0 relative=0x00000000000001f0
Event: 2.758 Thread 0x000001dd23748800 Uncommon trap: reason=unstable_if action=reinterpret pc=0x000001dd10e9bfd0 method=java.util.HashMap.putVal(ILjava/lang/Object;Ljava/lang/Object;ZZ)Ljava/lang/Object; @ 162 c2
Event: 2.758 Thread 0x000001dd23748800 DEOPT PACKING pc=0x000001dd10e9bfd0 sp=0x0000005d06bfa250
Event: 2.758 Thread 0x000001dd23748800 DEOPT UNPACKING pc=0x000001dd092b85af sp=0x0000005d06bfa1d0 mode 2

Classes redefined (0 events):
No events

Internal exceptions (20 events):
Event: 2.158 Thread 0x000001dd23748800 Exception <a 'java/lang/NoSuchMethodError'{0x000000008ac10718}: 'int java.lang.invoke.DirectMethodHandle$Holder.invokeVirtual(java.lang.Object, java.lang.Object)'> (0x000000008ac10718) thrown at [./src/hotspot/share/interpreter/linkResolver.cpp, line 773]
Event: 2.160 Thread 0x000001dd23748800 Exception <a 'java/lang/NoSuchMethodError'{0x000000008ac29288}: 'java.lang.Object java.lang.invoke.DirectMethodHandle$Holder.invokeVirtual(java.lang.Object, java.lang.Object, java.lang.Object)'> (0x000000008ac29288) thrown at [./src/hotspot/share/interpreter/linkResolver.cpp, line 773]
Event: 2.162 Thread 0x000001dd23748800 Exception <a 'java/lang/NoSuchMethodError'{0x000000008ac464f0}: 'int java.lang.invoke.DirectMethodHandle$Holder.invokeVirtual(java.lang.Object, java.lang.Object, java.lang.Object)'> (0x000000008ac464f0) thrown at [./src/hotspot/share/interpreter/linkResolver.cpp, line 773]
Event: 2.224 Thread 0x000001dd23748800 Exception <a 'java/lang/NoSuchMethodError'{0x000000008aa94d58}: 'void java.lang.invoke.DirectMethodHandle$Holder.invokeSpecial(java.lang.Object, java.lang.Object)'> (0x000000008aa94d58) thrown at [./src/hotspot/share/interpreter/linkResolver.cpp, line 773]
Event: 2.355 Thread 0x000001dd23748800 Exception <a 'java/lang/NoSuchMethodError'{0x0000000089af0fa8}: 'java.lang.Object java.lang.invoke.DirectMethodHandle$Holder.invokeSpecialIFC(java.lang.Object, java.lang.Object, java.lang.Object, java.lang.Object)'> (0x0000000089af0fa8) thrown at [./src/hotspot/share/interpreter/linkResolver.cpp, line 773]
Event: 2.437 Thread 0x000001dd23748800 Implicit null exception at 0x000001dd10e6bf75 to 0x000001dd10e6c13c
Event: 2.437 Thread 0x000001dd23748800 Implicit null exception at 0x000001dd10d9992f to 0x000001dd10d9999d
Event: 2.479 Thread 0x000001dd23748800 Exception <a 'java/lang/NoSuchMethodError'{0x0000000088fce130}: 'java.lang.Object java.lang.invoke.DirectMethodHandle$Holder.invokeSpecial(java.lang.Object, java.lang.Object, java.lang.Object, java.lang.Object, java.lang.Object, java.lang.Object, java.lang.Object, java.lang.Object, java.lang.Object, java.lang.Object, java.lang.Object, java.lang.Object, java.lang.Object)'> (0x0000000088fce130) thrown at [./src/hotspot/share/interpreter/linkResolver.cpp, line 773]
Event: 2.480 Thread 0x000001dd23748800 Exception <a 'java/lang/NoSuchMethodError'{0x0000000088fdf238}: 'java.lang.Object java.lang.invoke.DirectMethodHandle$Holder.invokeSpecial(java.lang.Object, java.lang.Object, java.lang.Object, java.lang.Object, java.lang.Object, java.lang.Object, java.lang.Object, java.lang.Object, java.lang.Object, java.lang.Object, java.lang.Object, java.lang.Object)'> (0x0000000088fdf238) thrown at [./src/hotspot/share/interpreter/linkResolver.cpp, line 773]
Event: 2.481 Thread 0x000001dd23748800 Exception <a 'java/lang/NoSuchMethodError'{0x0000000088fe4608}: 'java.lang.Object java.lang.invoke.Invokers$Holder.linkToTargetMethod(java.lang.Object, java.lang.Object, java.lang.Object, java.lang.Object, java.lang.Object, java.lang.Object, java.lang.Object, java.lang.Object, java.lang.Object, java.lang.Object, java.lang.Object)'> (0x0000000088fe4608) thrown at [./src/hotspot/share/interpreter/linkResolver.cpp, line 773]
Event: 2.486 Thread 0x000001dd23748800 Exception <a 'java/lang/NoSuchMethodError'{0x0000000088e8aa20}: 'java.lang.Object java.lang.invoke.DirectMethodHandle$Holder.invokeSpecial(java.lang.Object, java.lang.Object, java.lang.Object, java.lang.Object, java.lang.Object, java.lang.Object, java.lang.Object, java.lang.Object, java.lang.Object, java.lang.Object, java.lang.Object, java.lang.Object, java.lang.Object, java.lang.Object)'> (0x0000000088e8aa20) thrown at [./src/hotspot/share/interpreter/linkResolver.cpp, line 773]
Event: 2.487 Thread 0x000001dd23748800 Exception <a 'java/lang/NoSuchMethodError'{0x0000000088e9c340}: 'java.lang.Object java.lang.invoke.Invokers$Holder.linkToTargetMethod(java.lang.Object, java.lang.Object, java.lang.Object, java.lang.Object, java.lang.Object, java.lang.Object, java.lang.Object, java.lang.Object, java.lang.Object, java.lang.Object, java.lang.Object, java.lang.Object)'> (0x0000000088e9c340) thrown at [./src/hotspot/share/interpreter/linkResolver.cpp, line 773]
Event: 2.504 Thread 0x000001dd23748800 Exception <a 'java/lang/NoSuchMethodError'{0x0000000088de8810}: 'java.lang.Object java.lang.invoke.DirectMethodHandle$Holder.invokeStaticInit(java.lang.Object, java.lang.Object, java.lang.Object, java.lang.Object)'> (0x0000000088de8810) thrown at [./src/hotspot/share/interpreter/linkResolver.cpp, line 773]
Event: 2.606 Thread 0x000001dd23748800 Exception <a 'java/lang/NoSuchMethodError'{0x00000000884da6a8}: 'java.lang.Object java.lang.invoke.Invokers$Holder.linkToTargetMethod(java.lang.Object, java.lang.Object, java.lang.Object, java.lang.Object, java.lang.Object, java.lang.Object, java.lang.Object, java.lang.Object)'> (0x00000000884da6a8) thrown at [./src/hotspot/share/interpreter/linkResolver.cpp, line 773]
Event: 2.608 Thread 0x000001dd23748800 Exception <a 'java/lang/NoSuchMethodError'{0x00000000883318b8}: 'java.lang.Object java.lang.invoke.Invokers$Holder.linkToTargetMethod(java.lang.Object, java.lang.Object, java.lang.Object, java.lang.Object, java.lang.Object, java.lang.Object, java.lang.Object)'> (0x00000000883318b8) thrown at [./src/hotspot/share/interpreter/linkResolver.cpp, line 773]
Event: 2.611 Thread 0x000001dd23748800 Exception <a 'java/lang/IncompatibleClassChangeError'{0x00000000883862f0}: Found class java.lang.Object, but interface was expected> (0x00000000883862f0) thrown at [./src/hotspot/share/interpreter/linkResolver.cpp, line 839]
Event: 3.003 Thread 0x000001dd23748800 Exception <a 'java/lang/NoSuchMethodError'{0x0000000087062440}: 'void java.lang.invoke.DirectMethodHandle$Holder.invokeStaticInit(java.lang.Object, java.lang.Object, java.lang.Object)'> (0x0000000087062440) thrown at [./src/hotspot/share/interpreter/linkResolver.cpp, line 773]
Event: 3.004 Thread 0x000001dd23748800 Exception <a 'java/lang/NoSuchMethodError'{0x00000000870695f0}: 'void java.lang.invoke.DirectMethodHandle$Holder.invokeStaticInit(java.lang.Object, java.lang.Object, java.lang.Object, java.lang.Object)'> (0x00000000870695f0) thrown at [./src/hotspot/share/interpreter/linkResolver.cpp, line 773]
Event: 3.008 Thread 0x000001dd23748800 Exception <a 'java/lang/NoSuchMethodError'{0x000000008708bf90}: 'void java.lang.invoke.DirectMethodHandle$Holder.invokeStaticInit(java.lang.Object, java.lang.Object, java.lang.Object, java.lang.Object, java.lang.Object)'> (0x000000008708bf90) thrown at [./src/hotspot/share/interpreter/linkResolver.cpp, line 773]
Event: 3.036 Thread 0x000001dd23748800 Exception <a 'java/lang/NoSuchMethodError'{0x00000000870ea780}: 'int java.lang.invoke.DirectMethodHandle$Holder.invokeStaticInit(java.lang.Object, java.lang.Object, java.lang.Object, java.lang.Object)'> (0x00000000870ea780) thrown at [./src/hotspot/share/interpreter/linkResolver.cpp, line 773]

Events (20 events):
Event: 2.963 loading class org/codehaus/groovy/vmplugin/v8/PluginDefaultGroovyMethods
Event: 2.963 loading class org/codehaus/groovy/vmplugin/v8/PluginDefaultGroovyMethods done
Event: 2.964 loading class org/codehaus/groovy/runtime/DefaultGroovyMethodsSupport
Event: 2.964 loading class org/codehaus/groovy/runtime/DefaultGroovyMethodsSupport done
Event: 2.969 loading class jdk/internal/module/SystemModules$all
Event: 2.992 loading class jdk/internal/module/SystemModules$all done
Event: 2.995 loading class java/util/Spliterators$IteratorSpliterator
Event: 3.003 loading class java/util/Spliterators$IteratorSpliterator done
Event: 3.020 Thread 0x000001dd23b2d000 Thread added: 0x000001dd23b2d000
Event: 3.035 loading class org/codehaus/groovy/reflection/ReflectionUtils$ClassContextHelper
Event: 3.035 loading class org/codehaus/groovy/reflection/ReflectionUtils$ClassContextHelper done
Event: 3.041 loading class org/codehaus/groovy/reflection/CachedMethod$MyComparator
Event: 3.041 loading class org/codehaus/groovy/reflection/CachedMethod$MyComparator done
Event: 3.043 loading class org/codehaus/groovy/reflection/CachedClass$CachedMethodComparatorByName
Event: 3.043 loading class org/codehaus/groovy/reflection/CachedClass$CachedMethodComparatorByName done
Event: 3.045 loading class java/lang/ClassFormatError
Event: 3.045 loading class java/lang/ClassFormatError done
Event: 3.051 loading class java/lang/ProcessHandle$Info
Event: 3.051 loading class java/lang/ProcessHandle$Info done
Event: 3.051 loading class java/util/concurrent/CompletableFuture


Dynamic libraries:
0x00007ff6a1180000 - 0x00007ff6a118a000 	D:\Program Files\Android\Android Studio\jre\bin\java.exe
0x00007ffb96480000 - 0x00007ffb96689000 	C:\Windows\SYSTEM32\ntdll.dll
0x00007ffb95490000 - 0x00007ffb9554d000 	C:\Windows\System32\KERNEL32.DLL
0x00007ffb93aa0000 - 0x00007ffb93e1b000 	C:\Windows\System32\KERNELBASE.dll
0x00007ffb93950000 - 0x00007ffb93a61000 	C:\Windows\System32\ucrtbase.dll
0x00007ffb67e80000 - 0x00007ffb67e99000 	D:\Program Files\Android\Android Studio\jre\bin\jli.dll
0x00007ffb67c00000 - 0x00007ffb67c17000 	D:\Program Files\Android\Android Studio\jre\bin\VCRUNTIME140.dll
0x00007ffb96220000 - 0x00007ffb963cd000 	C:\Windows\System32\USER32.dll
0x00007ffb93a70000 - 0x00007ffb93a96000 	C:\Windows\System32\win32u.dll
0x00007ffb94300000 - 0x00007ffb94329000 	C:\Windows\System32\GDI32.dll
0x00007ffb7d390000 - 0x00007ffb7d635000 	C:\Windows\WinSxS\amd64_microsoft.windows.common-controls_6595b64144ccf1df_6.0.22000.120_none_9d947278b86cc467\COMCTL32.dll
0x00007ffb93f80000 - 0x00007ffb94098000 	C:\Windows\System32\gdi32full.dll
0x00007ffb94bc0000 - 0x00007ffb94c63000 	C:\Windows\System32\msvcrt.dll
0x00007ffb93ee0000 - 0x00007ffb93f7d000 	C:\Windows\System32\msvcp_win.dll
0x00007ffb94340000 - 0x00007ffb94371000 	C:\Windows\System32\IMM32.DLL
0x00007ffb51870000 - 0x00007ffb5190d000 	D:\Program Files\Android\Android Studio\jre\bin\msvcp140.dll
0x00007ffb36df0000 - 0x00007ffb378f2000 	D:\Program Files\Android\Android Studio\jre\bin\server\jvm.dll
0x00007ffb95900000 - 0x00007ffb959ae000 	C:\Windows\System32\ADVAPI32.dll
0x00007ffb96180000 - 0x00007ffb9621e000 	C:\Windows\System32\sechost.dll
0x00007ffb94d90000 - 0x00007ffb94eb0000 	C:\Windows\System32\RPCRT4.dll
0x00007ffb94330000 - 0x00007ffb94338000 	C:\Windows\System32\PSAPI.DLL
0x00007ffb7a9f0000 - 0x00007ffb7a9f9000 	C:\Windows\SYSTEM32\WSOCK32.dll
0x00007ffb963d0000 - 0x00007ffb9643f000 	C:\Windows\System32\WS2_32.dll
0x00007ffb8d5b0000 - 0x00007ffb8d5e3000 	C:\Windows\SYSTEM32\WINMM.dll
0x00007ffb8beb0000 - 0x00007ffb8beba000 	C:\Windows\SYSTEM32\VERSION.dll
0x00007ffb92ac0000 - 0x00007ffb92ad8000 	C:\Windows\SYSTEM32\kernel.appcore.dll
0x00007ffb8e480000 - 0x00007ffb8e491000 	D:\Program Files\Android\Android Studio\jre\bin\verify.dll
0x00007ffb912c0000 - 0x00007ffb914e1000 	C:\Windows\SYSTEM32\DBGHELP.DLL
0x00007ffb7a7c0000 - 0x00007ffb7a7f1000 	C:\Windows\SYSTEM32\dbgcore.DLL
0x00007ffb94210000 - 0x00007ffb9428f000 	C:\Windows\System32\bcryptPrimitives.dll
0x00007ffb8e450000 - 0x00007ffb8e479000 	D:\Program Files\Android\Android Studio\jre\bin\java.dll
0x00007ffb8e440000 - 0x00007ffb8e44b000 	D:\Program Files\Android\Android Studio\jre\bin\jimage.dll
0x00007ffb8e420000 - 0x00007ffb8e438000 	D:\Program Files\Android\Android Studio\jre\bin\zip.dll
0x00007ffb94400000 - 0x00007ffb94bb8000 	C:\Windows\System32\SHELL32.dll
0x00007ffb91a20000 - 0x00007ffb92285000 	C:\Windows\SYSTEM32\windows.storage.dll
0x00007ffb95570000 - 0x00007ffb958e7000 	C:\Windows\System32\combase.dll
0x00007ffb918b0000 - 0x00007ffb91a16000 	C:\Windows\SYSTEM32\wintypes.dll
0x00007ffb94f70000 - 0x00007ffb9505a000 	C:\Windows\System32\SHCORE.dll
0x00007ffb95270000 - 0x00007ffb952cd000 	C:\Windows\System32\shlwapi.dll
0x00007ffb93880000 - 0x00007ffb938a1000 	C:\Windows\SYSTEM32\profapi.dll
0x00007ffb648b0000 - 0x00007ffb648ca000 	D:\Program Files\Android\Android Studio\jre\bin\net.dll
0x00007ffb8f330000 - 0x00007ffb8f43c000 	C:\Windows\SYSTEM32\WINHTTP.dll
0x00007ffb92f60000 - 0x00007ffb92fc7000 	C:\Windows\system32\mswsock.dll
0x00007ffb63d80000 - 0x00007ffb63d94000 	D:\Program Files\Android\Android Studio\jre\bin\nio.dll
0x00007ffb6fed0000 - 0x00007ffb6fef7000 	C:\Users\sersu\.gradle\native\e1d6ef7f7dcc3fd88c89a11ec53ec762bb8ba0a96d01ffa2cd45eb1d1d8dd5c5\windows-amd64\native-platform.dll
0x00007ffb46a90000 - 0x00007ffb46bd4000 	C:\Users\sersu\.gradle\native\0d407fdbe67a94daf76414ababcb853783967236a71b16ec16e742cd7a986fd3\windows-amd64\native-platform-file-events.dll
0x00007ffb877e0000 - 0x00007ffb877ea000 	D:\Program Files\Android\Android Studio\jre\bin\management.dll
0x00007ffb6a930000 - 0x00007ffb6a93d000 	D:\Program Files\Android\Android Studio\jre\bin\management_ext.dll
0x00007ffb931a0000 - 0x00007ffb931b8000 	C:\Windows\SYSTEM32\CRYPTSP.dll
0x00007ffb92a20000 - 0x00007ffb92a55000 	C:\Windows\system32\rsaenh.dll
0x00007ffb93050000 - 0x00007ffb93079000 	C:\Windows\SYSTEM32\USERENV.dll
0x00007ffb93330000 - 0x00007ffb93357000 	C:\Windows\SYSTEM32\bcrypt.dll
0x00007ffb931c0000 - 0x00007ffb931cc000 	C:\Windows\SYSTEM32\CRYPTBASE.dll
0x00007ffb92540000 - 0x00007ffb9256d000 	C:\Windows\SYSTEM32\IPHLPAPI.DLL
0x00007ffb95250000 - 0x00007ffb95259000 	C:\Windows\System32\NSI.dll
0x00007ffb8dad0000 - 0x00007ffb8dae9000 	C:\Windows\SYSTEM32\dhcpcsvc6.DLL
0x00007ffb8dfa0000 - 0x00007ffb8dfbe000 	C:\Windows\SYSTEM32\dhcpcsvc.DLL
0x00007ffb92570000 - 0x00007ffb92658000 	C:\Windows\SYSTEM32\DNSAPI.dll

dbghelp: loaded successfully - version: 4.0.5 - missing functions: none
symbol engine: initialized successfully - sym options: 0x614 - pdb path: .;D:\Program Files\Android\Android Studio\jre\bin;C:\Windows\SYSTEM32;C:\Windows\WinSxS\amd64_microsoft.windows.common-controls_6595b64144ccf1df_6.0.22000.120_none_9d947278b86cc467;D:\Program Files\Android\Android Studio\jre\bin\server;C:\Users\sersu\.gradle\native\e1d6ef7f7dcc3fd88c89a11ec53ec762bb8ba0a96d01ffa2cd45eb1d1d8dd5c5\windows-amd64;C:\Users\sersu\.gradle\native\0d407fdbe67a94daf76414ababcb853783967236a71b16ec16e742cd7a986fd3\windows-amd64

VM Arguments:
jvm_args: --add-opens=java.base/java.util=ALL-UNNAMED --add-opens=java.base/java.lang=ALL-UNNAMED --add-opens=java.base/java.lang.invoke=ALL-UNNAMED --add-opens=java.base/java.util=ALL-UNNAMED --add-opens=java.prefs/java.util.prefs=ALL-UNNAMED --add-opens=java.prefs/java.util.prefs=ALL-UNNAMED --add-opens=java.base/java.nio.charset=ALL-UNNAMED --add-opens=java.base/java.net=ALL-UNNAMED --add-opens=java.base/java.util.concurrent.atomic=ALL-UNNAMED -Xmx2048m -Dfile.encoding=UTF-8 -Duser.country=GB -Duser.language=en -Duser.variant 
java_command: org.gradle.launcher.daemon.bootstrap.GradleDaemon 7.4
java_class_path (initial): C:\Users\sersu\.gradle\wrapper\dists\gradle-7.4-bin\c0gwcg53nkjbqw7r0h0umtfvt\gradle-7.4\lib\gradle-launcher-7.4.jar
Launcher Type: SUN_STANDARD

[Global flags]
     intx CICompilerCount                          = 4                                         {product} {ergonomic}
     uint ConcGCThreads                            = 2                                         {product} {ergonomic}
     uint G1ConcRefinementThreads                  = 8                                         {product} {ergonomic}
   size_t G1HeapRegionSize                         = 1048576                                   {product} {ergonomic}
    uintx GCDrainStackTargetSize                   = 64                                        {product} {ergonomic}
   size_t InitialHeapSize                          = 199229440                                 {product} {ergonomic}
   size_t MarkStackSize                            = 4194304                                   {product} {ergonomic}
   size_t MaxHeapSize                              = 2147483648                                {product} {command line}
   size_t MaxNewSize                               = 1287651328                                {product} {ergonomic}
   size_t MinHeapDeltaBytes                        = 1048576                                   {product} {ergonomic}
    uintx NonNMethodCodeHeapSize                   = 5836300                                {pd product} {ergonomic}
    uintx NonProfiledCodeHeapSize                  = 122910970                              {pd product} {ergonomic}
    uintx ProfiledCodeHeapSize                     = 122910970                              {pd product} {ergonomic}
    uintx ReservedCodeCacheSize                    = 251658240                              {pd product} {ergonomic}
     bool SegmentedCodeCache                       = true                                      {product} {ergonomic}
     bool UseCompressedClassPointers               = true                                 {lp64_product} {ergonomic}
     bool UseCompressedOops                        = true                                 {lp64_product} {ergonomic}
     bool UseG1GC                                  = true                                      {product} {ergonomic}
     bool UseLargePagesIndividualAllocation        = false                                  {pd product} {ergonomic}

Logging:
Log output configuration:
 #0: stdout all=warning uptime,level,tags
 #1: stderr all=off uptime,level,tags

Environment Variables:
PATH=C:\Program Files (x86)\Common Files\Oracle\Java\javapath;D:\oraclexe\app\oracle\product\11.2.0\server\bin;C:\Windows\system32;C:\Windows;C:\Windows\System32\Wbem;C:\Windows\System32\WindowsPowerShell\v1.0\;C:\Windows\System32\OpenSSH\;C:\Program Files\Microsoft SQL Server\150\Tools\Binn\;D:\Program Files\Gpg4win\..\GnuPG\bin;D:\Program Files\Java\jdk-14.0.2;D:\Program Files\php;D:\Program Files\nodejs\;D:\Program Files\dart-sass;C:\Program Files\Microsoft SQL Server\Client SDK\ODBC\170\Tools\Binn\;D:\Program Files\Git\cmd;D:\Program Files\dotnet\;D:\Program Files\Python\Scripts\;D:\Program Files\Python\;D:\Program Files\MySQL\MySQL Shell 8.0\bin\;C:\Users\sersu\AppData\Local\Microsoft\WindowsApps;C:\Users\sersu\.dotnet\tools;C:\Users\sersu\AppData\Local\atom\bin;C:\Users\sersu\.dotnet\tools;C:\Users\sersu\AppData\Local\GitHubDesktop\bin;D:\Program Files\Java\jdk-17.0.1\bin;D:\Program Files\atom\bin;D:\Program Files\R\R-4.1.3\bin;C:\Users\sersu\AppData\Roaming\npm;C:\Users\sersu\.dotnet\tools
USERNAME=sersu
OS=Windows_NT
PROCESSOR_IDENTIFIER=Intel64 Family 6 Model 140 Stepping 1, GenuineIntel



---------------  S Y S T E M  ---------------

OS: Windows 11 , 64 bit Build 22000 (10.0.22000.708)
OS uptime: 0 days 4:32 hours

CPU:total 8 (initial active 8) (4 cores per cpu, 2 threads per core) family 6 model 140 stepping 1 microcode 0xa4, cmov, cx8, fxsr, mmx, sse, sse2, sse3, ssse3, sse4.1, sse4.2, popcnt, avx, avx2, aes, clmul, erms, 3dnowpref, lzcnt, ht, tsc, tscinvbit, bmi1, bmi2, adx, evex, sha, fma

Memory: 4k page, system-wide physical 12087M (2233M free)
TotalPageFile size 12087M (AvailPageFile size 1252M)
current process WorkingSet (physical memory assigned to process): 272M, peak: 272M
current process commit charge ("private bytes"): 368M, peak: 369M

vm_info: OpenJDK 64-Bit Server VM (11.0.13+0-b1751.21-8125866) for windows-amd64 JRE (11.0.13+0-b1751.21-8125866), built on Feb  2 2022 03:00:22 by "builder" with MS VC++ 14.0 (VS2015)

END.
