#
# There is insufficient memory for the Java Runtime Environment to continue.
# Native memory allocation (mmap) failed to map 117440512 bytes for Failed to commit area from 0x0000000091200000 to 0x0000000098200000 of length 117440512.
# Possible reasons:
#   The system is out of physical RAM or swap space
#   The process is running with CompressedOops enabled, and the Java Heap may be blocking the growth of the native heap
# Possible solutions:
#   Reduce memory load on the system
#   Increase physical memory or swap space
#   Check if swap backing store is full
#   Decrease Java heap size (-Xmx/-Xms)
#   Decrease number of Java threads
#   Decrease Java thread stack sizes (-Xss)
#   Set larger code cache with -XX:ReservedCodeCacheSize=
#   JVM is running with Unscaled Compressed Oops mode in which the Java heap is
#     placed in the first 4GB address space. The Java Heap base address is the
#     maximum limit for the native heap growth. Please use -XX:HeapBaseMinAddress
#     to set the Java Heap base and to place the Java Heap above 4GB virtual address.
# This output file may be truncated or incomplete.
#
#  Out of Memory Error (./src/hotspot/os/windows/os_windows.cpp:3619), pid=4628, tid=9404
#
# JRE version: OpenJDK Runtime Environment (11.0.13) (build 11.0.13+0-b1751.21-8125866)
# Java VM: OpenJDK 64-Bit Server VM (11.0.13+0-b1751.21-8125866, mixed mode, tiered, compressed oops, g1 gc, windows-amd64)
# No core dump will be written. Minidumps are not enabled by default on client versions of Windows
#

---------------  S U M M A R Y ------------

Command Line: --add-opens=java.base/java.util=ALL-UNNAMED --add-opens=java.base/java.lang=ALL-UNNAMED --add-opens=java.base/java.lang.invoke=ALL-UNNAMED --add-opens=java.base/java.util=ALL-UNNAMED --add-opens=java.prefs/java.util.prefs=ALL-UNNAMED --add-opens=java.prefs/java.util.prefs=ALL-UNNAMED --add-opens=java.base/java.nio.charset=ALL-UNNAMED --add-opens=java.base/java.net=ALL-UNNAMED --add-opens=java.base/java.util.concurrent.atomic=ALL-UNNAMED -Xmx2048m -Dfile.encoding=UTF-8 -Duser.country=GB -Duser.language=en -Duser.variant org.gradle.launcher.daemon.bootstrap.GradleDaemon 7.4

Host: 11th Gen Intel(R) Core(TM) i7-1165G7 @ 2.80GHz, 8 cores, 11G,  Windows 11 , 64 bit Build 22000 (10.0.22000.708)
Time: Thu Oct 27 18:56:46 2022 Romance Summer Time elapsed time: 31.316972 seconds (0d 0h 0m 31s)

---------------  T H R E A D  ---------------

Current thread (0x00000186cc078000):  VMThread "VM Thread" [stack: 0x0000007aa1a00000,0x0000007aa1b00000] [id=9404]

Stack: [0x0000007aa1a00000,0x0000007aa1b00000]
[error occurred during error reporting (printing stack bounds), id 0xc0000005, EXCEPTION_ACCESS_VIOLATION (0xc0000005) at pc=0x00000186b4e912e7]

Native frames: (J=compiled Java code, j=interpreted, Vv=VM code, C=native code)
V  [jvm.dll+0x6100fa]
V  [jvm.dll+0x747090]
V  [jvm.dll+0x7486ad]
V  [jvm.dll+0x748ce5]
V  [jvm.dll+0x748c9b]
V  [jvm.dll+0x60f224]
V  [jvm.dll+0x60f9b8]
C  [ntdll.dll+0xa8b1f]
C  [ntdll.dll+0x35b9a]
C  [ntdll.dll+0xa7b2e]
C  0x00000186b4e912e7

VM_Operation (0x0000007aa35fe030): G1CollectForAllocation, mode: safepoint, requested by thread 0x00000186cea9b000


---------------  P R O C E S S  ---------------

Threads class SMR info:
_java_thread_list=0x00000186d44ea1f0, length=152, elements={
0x00000186b1372800, 0x00000186cb836000, 0x00000186cb83b000, 0x00000186cc0ca800,
0x00000186cc0cb800, 0x00000186cc0cc800, 0x00000186cc0cf000, 0x00000186cc0e1800,
0x00000186cc0e2800, 0x00000186cc25e800, 0x00000186cea64800, 0x00000186cc276000,
0x00000186cdf7c800, 0x00000186cd8f0000, 0x00000186cd8f1000, 0x00000186cdd07000,
0x00000186ceae4000, 0x00000186ce86b800, 0x00000186cf703000, 0x00000186cea9a000,
0x00000186ceaa0800, 0x00000186ceaa0000, 0x00000186cea9b000, 0x00000186cea9b800,
0x00000186cea9c800, 0x00000186cea9d800, 0x00000186cea9e000, 0x00000186cea9f000,
0x00000186cf864800, 0x00000186cf862000, 0x00000186cf863800, 0x00000186cf865800,
0x00000186cf867000, 0x00000186cf863000, 0x00000186cf861800, 0x00000186cf86b000,
0x00000186cf869800, 0x00000186cf868800, 0x00000186cf86c800, 0x00000186cf86a800,
0x00000186cf86d800, 0x00000186cf86c000, 0x00000186cf868000, 0x00000186cf86e800,
0x00000186cf86f000, 0x00000186cf870000, 0x00000186ce689000, 0x00000186ce687800,
0x00000186ce686000, 0x00000186ce686800, 0x00000186ce684000, 0x00000186ce688000,
0x00000186ce68a000, 0x00000186ce68a800, 0x00000186ce685000, 0x00000186ccf8d000,
0x00000186ccf8c000, 0x00000186ccf8e800, 0x00000186ccf88800, 0x00000186ccf8f000,
0x00000186ccf8a800, 0x00000186ccf8d800, 0x00000186ccf89800, 0x00000186ccf90000,
0x00000186ccf91000, 0x00000186ccf8b000, 0x00000186ccf95000, 0x00000186ccf97800,
0x00000186ccf96800, 0x00000186ccf96000, 0x00000186ccf92800, 0x00000186ccf93800,
0x00000186ccf94000, 0x00000186ccf91800, 0x00000186cf2a2000, 0x00000186cf2a5800,
0x00000186cf2a6800, 0x00000186cf2a7000, 0x00000186cf2a4800, 0x00000186cf2a8000,
0x00000186cf2a8800, 0x00000186cf2a3000, 0x00000186cf2a9800, 0x00000186cf2a4000,
0x00000186cf2aa800, 0x00000186cf2ac000, 0x00000186cf2ae800, 0x00000186cf2b0000,
0x00000186cf2af000, 0x00000186cf2b1000, 0x00000186cf2ad800, 0x00000186cf2ad000,
0x00000186cf2ab000, 0x00000186cf423800, 0x00000186cf422800, 0x00000186cf424000,
0x00000186cf425000, 0x00000186cf426800, 0x00000186cf425800, 0x00000186cf421000,
0x00000186cf427800, 0x00000186cf421800, 0x00000186cf428000, 0x00000186cf42e800,
0x00000186cf42c800, 0x00000186cf42a800, 0x00000186cf42b800, 0x00000186cf42e000,
0x00000186cf429000, 0x00000186cf42f800, 0x00000186cf42a000, 0x00000186cf42d000,
0x00000186cd29d800, 0x00000186cd298800, 0x00000186cd29a000, 0x00000186cd297800,
0x00000186cd29c000, 0x00000186cd29f000, 0x00000186cd29b000, 0x00000186cd299800,
0x00000186cd2a2800, 0x00000186cd29c800, 0x00000186cd2a0800, 0x00000186cd2a3000,
0x00000186cd2a4000, 0x00000186cd2a0000, 0x00000186cd2a1800, 0x00000186cd29e000,
0x00000186cd2a5000, 0x00000186cd2a5800, 0x00000186cd2a6800, 0x00000186d4954000,
0x00000186d4955800, 0x00000186d4955000, 0x00000186d0572800, 0x00000186d4958000,
0x00000186d0579000, 0x00000186d4957800, 0x00000186d4959000, 0x00000186d495b800,
0x00000186d4956800, 0x00000186d495e800, 0x00000186d495a000, 0x00000186d4960800,
0x00000186d495a800, 0x00000186d495c000, 0x00000186d4962000, 0x00000186d4961000,
0x00000186d4962800, 0x00000186d495e000, 0x00000186d495d000, 0x00000186d7cea800
}

Java Threads: ( => current thread )
  0x00000186b1372800 JavaThread "main" [_thread_blocked, id=8208, stack(0x0000007aa1400000,0x0000007aa1500000)]
  0x00000186cb836000 JavaThread "Reference Handler" daemon [_thread_blocked, id=796, stack(0x0000007aa1b00000,0x0000007aa1c00000)]
  0x00000186cb83b000 JavaThread "Finalizer" daemon [_thread_blocked, id=3084, stack(0x0000007aa1c00000,0x0000007aa1d00000)]
  0x00000186cc0ca800 JavaThread "Signal Dispatcher" daemon [_thread_blocked, id=9512, stack(0x0000007aa1d00000,0x0000007aa1e00000)]
  0x00000186cc0cb800 JavaThread "Attach Listener" daemon [_thread_blocked, id=9820, stack(0x0000007aa1e00000,0x0000007aa1f00000)]
  0x00000186cc0cc800 JavaThread "Service Thread" daemon [_thread_blocked, id=14920, stack(0x0000007aa1f00000,0x0000007aa2000000)]
  0x00000186cc0cf000 JavaThread "C2 CompilerThread0" daemon [_thread_blocked, id=15076, stack(0x0000007aa2000000,0x0000007aa2100000)]
  0x00000186cc0e1800 JavaThread "C1 CompilerThread0" daemon [_thread_blocked, id=5660, stack(0x0000007aa2100000,0x0000007aa2200000)]
  0x00000186cc0e2800 JavaThread "Sweeper thread" daemon [_thread_blocked, id=9328, stack(0x0000007aa2200000,0x0000007aa2300000)]
  0x00000186cc25e800 JavaThread "Common-Cleaner" daemon [_thread_blocked, id=3008, stack(0x0000007aa2300000,0x0000007aa2400000)]
  0x00000186cea64800 JavaThread "Daemon health stats" [_thread_blocked, id=14068, stack(0x0000007aa2a00000,0x0000007aa2b00000)]
  0x00000186cc276000 JavaThread "Incoming local TCP Connector on port 50910" [_thread_in_native, id=10704, stack(0x0000007aa2600000,0x0000007aa2700000)]
  0x00000186cdf7c800 JavaThread "Daemon periodic checks" [_thread_blocked, id=15196, stack(0x0000007aa2b00000,0x0000007aa2c00000)]
  0x00000186cd8f0000 JavaThread "Daemon" [_thread_blocked, id=7264, stack(0x0000007aa2c00000,0x0000007aa2d00000)]
  0x00000186cd8f1000 JavaThread "Handler for socket connection from /127.0.0.1:50910 to /127.0.0.1:50911" [_thread_in_native, id=7376, stack(0x0000007aa2d00000,0x0000007aa2e00000)]
  0x00000186cdd07000 JavaThread "Cancel handler" [_thread_blocked, id=9316, stack(0x0000007aa2e00000,0x0000007aa2f00000)]
  0x00000186ceae4000 JavaThread "Daemon worker" [_thread_blocked, id=9248, stack(0x0000007aa2f00000,0x0000007aa3000000)]
  0x00000186ce86b800 JavaThread "Asynchronous log dispatcher for DefaultDaemonConnection: socket connection from /127.0.0.1:50910 to /127.0.0.1:50911" [_thread_blocked, id=13428, stack(0x0000007aa3000000,0x0000007aa3100000)]
  0x00000186cf703000 JavaThread "Stdin handler" [_thread_blocked, id=11548, stack(0x0000007aa3100000,0x0000007aa3200000)]
  0x00000186cea9a000 JavaThread "Daemon client event forwarder" [_thread_blocked, id=3532, stack(0x0000007aa3200000,0x0000007aa3300000)]
  0x00000186ceaa0800 JavaThread "Cache worker for journal cache (C:\Users\sersu\.gradle\caches\journal-1)" [_thread_blocked, id=3992, stack(0x0000007aa3300000,0x0000007aa3400000)]
  0x00000186ceaa0000 JavaThread "File lock request listener" [_thread_in_native, id=10940, stack(0x0000007aa3400000,0x0000007aa3500000)]
  0x00000186cea9b000 JavaThread "Cache worker for file hash cache (C:\Users\sersu\.gradle\caches\7.4\fileHashes)" [_thread_blocked, id=5036, stack(0x0000007aa3500000,0x0000007aa3600000)]
  0x00000186cea9b800 JavaThread "File watcher server" daemon [_thread_blocked, id=14732, stack(0x0000007aa3b00000,0x0000007aa3c00000)]
  0x00000186cea9c800 JavaThread "File watcher consumer" daemon [_thread_blocked, id=6340, stack(0x0000007aa3c00000,0x0000007aa3d00000)]
  0x00000186cea9d800 JavaThread "Cache worker for checksums cache (D:\Users\sersu\android\3Raya\.gradle\7.4\checksums)" [_thread_blocked, id=8440, stack(0x0000007aa3e00000,0x0000007aa3f00000)]
  0x00000186cea9e000 JavaThread "Cache worker for cache directory md-rule (C:\Users\sersu\.gradle\caches\7.4\md-rule)" [_thread_blocked, id=8600, stack(0x0000007aa3f00000,0x0000007aa4000000)]
  0x00000186cea9f000 JavaThread "Cache worker for file hash cache (D:\Users\sersu\android\3Raya\.gradle\7.4\fileHashes)" [_thread_blocked, id=12732, stack(0x0000007aa4000000,0x0000007aa4100000)]
  0x00000186cf864800 JavaThread "Cache worker for cache directory md-supplier (C:\Users\sersu\.gradle\caches\7.4\md-supplier)" [_thread_blocked, id=12636, stack(0x0000007aa4100000,0x0000007aa4200000)]
  0x00000186cf862000 JavaThread "Cache worker for execution history cache (C:\Users\sersu\.gradle\caches\7.4\executionHistory)" [_thread_blocked, id=13792, stack(0x0000007aa4200000,0x0000007aa4300000)]
  0x00000186cf863800 JavaThread "jar transforms" [_thread_blocked, id=8260, stack(0x0000007aa4300000,0x0000007aa4400000)]
  0x00000186cf865800 JavaThread "Cache worker for file content cache (C:\Users\sersu\.gradle\caches\7.4\fileContent)" [_thread_blocked, id=1444, stack(0x0000007aa4400000,0x0000007aa4500000)]
  0x00000186cf867000 JavaThread "jar transforms Thread 2" [_thread_blocked, id=4648, stack(0x0000007aa4500000,0x0000007aa4600000)]
  0x00000186cf863000 JavaThread "Cache worker for dependencies-accessors (D:\Users\sersu\android\3Raya\.gradle\7.4\dependencies-accessors)" [_thread_blocked, id=8928, stack(0x0000007aa4600000,0x0000007aa4700000)]
  0x00000186cf861800 JavaThread "jar transforms Thread 3" [_thread_blocked, id=3476, stack(0x0000007aa4700000,0x0000007aa4800000)]
  0x00000186cf86b000 JavaThread "Cache worker for Build Output Cleanup Cache (D:\Users\sersu\android\3Raya\.gradle\buildOutputCleanup)" [_thread_blocked, id=5452, stack(0x0000007aa4800000,0x0000007aa4900000)]
  0x00000186cf869800 JavaThread "Unconstrained build operations" [_thread_blocked, id=4504, stack(0x0000007aa4900000,0x0000007aa4a00000)]
  0x00000186cf868800 JavaThread "Unconstrained build operations Thread 2" [_thread_blocked, id=5688, stack(0x0000007aa4a00000,0x0000007aa4b00000)]
  0x00000186cf86c800 JavaThread "Unconstrained build operations Thread 3" [_thread_blocked, id=4328, stack(0x0000007aa4b00000,0x0000007aa4c00000)]
  0x00000186cf86a800 JavaThread "Unconstrained build operations Thread 4" [_thread_blocked, id=15232, stack(0x0000007aa4c00000,0x0000007aa4d00000)]
  0x00000186cf86d800 JavaThread "Unconstrained build operations Thread 5" [_thread_blocked, id=1660, stack(0x0000007aa4d00000,0x0000007aa4e00000)]
  0x00000186cf86c000 JavaThread "Unconstrained build operations Thread 6" [_thread_blocked, id=2396, stack(0x0000007aa4e00000,0x0000007aa4f00000)]
  0x00000186cf868000 JavaThread "Unconstrained build operations Thread 7" [_thread_blocked, id=14344, stack(0x0000007aa4f00000,0x0000007aa5000000)]
  0x00000186cf86e800 JavaThread "Unconstrained build operations Thread 8" [_thread_blocked, id=592, stack(0x0000007aa5000000,0x0000007aa5100000)]
  0x00000186cf86f000 JavaThread "Unconstrained build operations Thread 9" [_thread_blocked, id=7956, stack(0x0000007aa5100000,0x0000007aa5200000)]
  0x00000186cf870000 JavaThread "Unconstrained build operations Thread 10" [_thread_blocked, id=10516, stack(0x0000007aa5200000,0x0000007aa5300000)]
  0x00000186ce689000 JavaThread "Unconstrained build operations Thread 11" [_thread_blocked, id=8604, stack(0x0000007aa5300000,0x0000007aa5400000)]
  0x00000186ce687800 JavaThread "Unconstrained build operations Thread 12" [_thread_blocked, id=4460, stack(0x0000007aa5400000,0x0000007aa5500000)]
  0x00000186ce686000 JavaThread "Unconstrained build operations Thread 13" [_thread_blocked, id=13532, stack(0x0000007aa5500000,0x0000007aa5600000)]
  0x00000186ce686800 JavaThread "Unconstrained build operations Thread 14" [_thread_blocked, id=13956, stack(0x0000007aa5600000,0x0000007aa5700000)]
  0x00000186ce684000 JavaThread "Unconstrained build operations Thread 15" [_thread_blocked, id=14236, stack(0x0000007aa5700000,0x0000007aa5800000)]
  0x00000186ce688000 JavaThread "Unconstrained build operations Thread 16" [_thread_blocked, id=4384, stack(0x0000007aa5800000,0x0000007aa5900000)]
  0x00000186ce68a000 JavaThread "Unconstrained build operations Thread 17" [_thread_blocked, id=11160, stack(0x0000007aa5900000,0x0000007aa5a00000)]
  0x00000186ce68a800 JavaThread "Unconstrained build operations Thread 18" [_thread_blocked, id=5824, stack(0x0000007aa5a00000,0x0000007aa5b00000)]
  0x00000186ce685000 JavaThread "Unconstrained build operations Thread 19" [_thread_blocked, id=5928, stack(0x0000007aa5b00000,0x0000007aa5c00000)]
  0x00000186ccf8d000 JavaThread "Unconstrained build operations Thread 20" [_thread_blocked, id=14320, stack(0x0000007aa5c00000,0x0000007aa5d00000)]
  0x00000186ccf8c000 JavaThread "Unconstrained build operations Thread 21" [_thread_blocked, id=2776, stack(0x0000007aa5d00000,0x0000007aa5e00000)]
  0x00000186ccf8e800 JavaThread "Unconstrained build operations Thread 22" [_thread_blocked, id=12576, stack(0x0000007aa5e00000,0x0000007aa5f00000)]
  0x00000186ccf88800 JavaThread "Unconstrained build operations Thread 23" [_thread_blocked, id=15704, stack(0x0000007aa5f00000,0x0000007aa6000000)]
  0x00000186ccf8f000 JavaThread "Unconstrained build operations Thread 24" [_thread_blocked, id=2816, stack(0x0000007aa6000000,0x0000007aa6100000)]
  0x00000186ccf8a800 JavaThread "Unconstrained build operations Thread 25" [_thread_blocked, id=8364, stack(0x0000007aa6100000,0x0000007aa6200000)]
  0x00000186ccf8d800 JavaThread "Unconstrained build operations Thread 26" [_thread_blocked, id=12404, stack(0x0000007aa6200000,0x0000007aa6300000)]
  0x00000186ccf89800 JavaThread "Unconstrained build operations Thread 27" [_thread_blocked, id=15500, stack(0x0000007aa6300000,0x0000007aa6400000)]
  0x00000186ccf90000 JavaThread "Unconstrained build operations Thread 28" [_thread_blocked, id=10520, stack(0x0000007aa6400000,0x0000007aa6500000)]
  0x00000186ccf91000 JavaThread "Unconstrained build operations Thread 29" [_thread_blocked, id=3164, stack(0x0000007aa6500000,0x0000007aa6600000)]
  0x00000186ccf8b000 JavaThread "Unconstrained build operations Thread 30" [_thread_blocked, id=4472, stack(0x0000007aa6600000,0x0000007aa6700000)]
  0x00000186ccf95000 JavaThread "Unconstrained build operations Thread 31" [_thread_blocked, id=15112, stack(0x0000007aa6700000,0x0000007aa6800000)]
  0x00000186ccf97800 JavaThread "Unconstrained build operations Thread 32" [_thread_blocked, id=9500, stack(0x0000007aa6800000,0x0000007aa6900000)]
  0x00000186ccf96800 JavaThread "Unconstrained build operations Thread 33" [_thread_blocked, id=15460, stack(0x0000007aa6900000,0x0000007aa6a00000)]
  0x00000186ccf96000 JavaThread "Unconstrained build operations Thread 34" [_thread_blocked, id=13880, stack(0x0000007aa6a00000,0x0000007aa6b00000)]
  0x00000186ccf92800 JavaThread "Unconstrained build operations Thread 35" [_thread_blocked, id=15192, stack(0x0000007aa6b00000,0x0000007aa6c00000)]
  0x00000186ccf93800 JavaThread "Unconstrained build operations Thread 36" [_thread_blocked, id=11144, stack(0x0000007aa6c00000,0x0000007aa6d00000)]
  0x00000186ccf94000 JavaThread "Unconstrained build operations Thread 37" [_thread_blocked, id=14928, stack(0x0000007aa6d00000,0x0000007aa6e00000)]
  0x00000186ccf91800 JavaThread "Unconstrained build operations Thread 38" [_thread_blocked, id=1588, stack(0x0000007aa6e00000,0x0000007aa6f00000)]
  0x00000186cf2a2000 JavaThread "Unconstrained build operations Thread 39" [_thread_blocked, id=1972, stack(0x0000007aa6f00000,0x0000007aa7000000)]
  0x00000186cf2a5800 JavaThread "Unconstrained build operations Thread 40" [_thread_blocked, id=2336, stack(0x0000007aa7000000,0x0000007aa7100000)]
  0x00000186cf2a6800 JavaThread "Unconstrained build operations Thread 41" [_thread_blocked, id=16308, stack(0x0000007aa7100000,0x0000007aa7200000)]
  0x00000186cf2a7000 JavaThread "Unconstrained build operations Thread 42" [_thread_blocked, id=7408, stack(0x0000007aa7200000,0x0000007aa7300000)]
  0x00000186cf2a4800 JavaThread "Unconstrained build operations Thread 43" [_thread_blocked, id=7940, stack(0x0000007aa7300000,0x0000007aa7400000)]
  0x00000186cf2a8000 JavaThread "Unconstrained build operations Thread 44" [_thread_blocked, id=4160, stack(0x0000007aa7400000,0x0000007aa7500000)]
  0x00000186cf2a8800 JavaThread "Unconstrained build operations Thread 45" [_thread_blocked, id=14308, stack(0x0000007aa7500000,0x0000007aa7600000)]
  0x00000186cf2a3000 JavaThread "Unconstrained build operations Thread 46" [_thread_blocked, id=15936, stack(0x0000007aa7600000,0x0000007aa7700000)]
  0x00000186cf2a9800 JavaThread "Unconstrained build operations Thread 47" [_thread_blocked, id=2300, stack(0x0000007aa7700000,0x0000007aa7800000)]
  0x00000186cf2a4000 JavaThread "Unconstrained build operations Thread 48" [_thread_blocked, id=10180, stack(0x0000007aa7800000,0x0000007aa7900000)]
  0x00000186cf2aa800 JavaThread "Unconstrained build operations Thread 49" [_thread_blocked, id=12588, stack(0x0000007aa7900000,0x0000007aa7a00000)]
  0x00000186cf2ac000 JavaThread "Unconstrained build operations Thread 50" [_thread_blocked, id=8800, stack(0x0000007aa7a00000,0x0000007aa7b00000)]
  0x00000186cf2ae800 JavaThread "Unconstrained build operations Thread 51" [_thread_blocked, id=9776, stack(0x0000007aa7b00000,0x0000007aa7c00000)]
  0x00000186cf2b0000 JavaThread "Unconstrained build operations Thread 52" [_thread_blocked, id=296, stack(0x0000007aa7c00000,0x0000007aa7d00000)]
  0x00000186cf2af000 JavaThread "Unconstrained build operations Thread 53" [_thread_blocked, id=2664, stack(0x0000007aa7d00000,0x0000007aa7e00000)]
  0x00000186cf2b1000 JavaThread "Unconstrained build operations Thread 54" [_thread_blocked, id=3468, stack(0x0000007aa7e00000,0x0000007aa7f00000)]
  0x00000186cf2ad800 JavaThread "Unconstrained build operations Thread 55" [_thread_blocked, id=14424, stack(0x0000007aa7f00000,0x0000007aa8000000)]
  0x00000186cf2ad000 JavaThread "Unconstrained build operations Thread 56" [_thread_blocked, id=13260, stack(0x0000007aa8000000,0x0000007aa8100000)]
  0x00000186cf2ab000 JavaThread "Unconstrained build operations Thread 57" [_thread_blocked, id=3088, stack(0x0000007aa8100000,0x0000007aa8200000)]
  0x00000186cf423800 JavaThread "Unconstrained build operations Thread 58" [_thread_blocked, id=13272, stack(0x0000007aa8200000,0x0000007aa8300000)]
  0x00000186cf422800 JavaThread "Unconstrained build operations Thread 59" [_thread_blocked, id=13832, stack(0x0000007aa8300000,0x0000007aa8400000)]
  0x00000186cf424000 JavaThread "Unconstrained build operations Thread 60" [_thread_blocked, id=5380, stack(0x0000007aa8400000,0x0000007aa8500000)]
  0x00000186cf425000 JavaThread "Unconstrained build operations Thread 61" [_thread_blocked, id=11320, stack(0x0000007aa8500000,0x0000007aa8600000)]
  0x00000186cf426800 JavaThread "Unconstrained build operations Thread 62" [_thread_blocked, id=11556, stack(0x0000007aa8600000,0x0000007aa8700000)]
  0x00000186cf425800 JavaThread "Unconstrained build operations Thread 63" [_thread_blocked, id=6300, stack(0x0000007aa8700000,0x0000007aa8800000)]
  0x00000186cf421000 JavaThread "Unconstrained build operations Thread 64" [_thread_blocked, id=6996, stack(0x0000007aa8800000,0x0000007aa8900000)]
  0x00000186cf427800 JavaThread "Unconstrained build operations Thread 65" [_thread_blocked, id=12996, stack(0x0000007aa8900000,0x0000007aa8a00000)]
  0x00000186cf421800 JavaThread "Unconstrained build operations Thread 66" [_thread_blocked, id=11772, stack(0x0000007aa8a00000,0x0000007aa8b00000)]
  0x00000186cf428000 JavaThread "Unconstrained build operations Thread 67" [_thread_blocked, id=14984, stack(0x0000007aa8b00000,0x0000007aa8c00000)]
  0x00000186cf42e800 JavaThread "Unconstrained build operations Thread 68" [_thread_blocked, id=11184, stack(0x0000007aa8c00000,0x0000007aa8d00000)]
  0x00000186cf42c800 JavaThread "Unconstrained build operations Thread 69" [_thread_blocked, id=8168, stack(0x0000007aa8d00000,0x0000007aa8e00000)]
  0x00000186cf42a800 JavaThread "Unconstrained build operations Thread 70" [_thread_blocked, id=1440, stack(0x0000007aa8e00000,0x0000007aa8f00000)]
  0x00000186cf42b800 JavaThread "Unconstrained build operations Thread 71" [_thread_blocked, id=5636, stack(0x0000007aa8f00000,0x0000007aa9000000)]
  0x00000186cf42e000 JavaThread "Unconstrained build operations Thread 72" [_thread_blocked, id=7824, stack(0x0000007aa9000000,0x0000007aa9100000)]
  0x00000186cf429000 JavaThread "Unconstrained build operations Thread 73" [_thread_blocked, id=11220, stack(0x0000007aa9100000,0x0000007aa9200000)]
  0x00000186cf42f800 JavaThread "Unconstrained build operations Thread 74" [_thread_blocked, id=5868, stack(0x0000007aa9200000,0x0000007aa9300000)]
  0x00000186cf42a000 JavaThread "Unconstrained build operations Thread 75" [_thread_blocked, id=8636, stack(0x0000007aa9300000,0x0000007aa9400000)]
  0x00000186cf42d000 JavaThread "Unconstrained build operations Thread 76" [_thread_blocked, id=11032, stack(0x0000007aa9400000,0x0000007aa9500000)]
  0x00000186cd29d800 JavaThread "Unconstrained build operations Thread 77" [_thread_blocked, id=5952, stack(0x0000007aa9500000,0x0000007aa9600000)]
  0x00000186cd298800 JavaThread "Unconstrained build operations Thread 78" [_thread_blocked, id=14724, stack(0x0000007aa9600000,0x0000007aa9700000)]
  0x00000186cd29a000 JavaThread "Unconstrained build operations Thread 79" [_thread_blocked, id=8004, stack(0x0000007aa9700000,0x0000007aa9800000)]
  0x00000186cd297800 JavaThread "Unconstrained build operations Thread 80" [_thread_blocked, id=7788, stack(0x0000007aa9800000,0x0000007aa9900000)]
  0x00000186cd29c000 JavaThread "jar transforms Thread 4" [_thread_blocked, id=9308, stack(0x0000007aa9900000,0x0000007aa9a00000)]
  0x00000186cd29f000 JavaThread "jar transforms Thread 5" [_thread_blocked, id=14252, stack(0x0000007aa9a00000,0x0000007aa9b00000)]
  0x00000186cd29b000 JavaThread "jar transforms Thread 6" [_thread_blocked, id=6604, stack(0x0000007aa9b00000,0x0000007aa9c00000)]
  0x00000186cd299800 JavaThread "jar transforms Thread 7" [_thread_blocked, id=6612, stack(0x0000007aa9c00000,0x0000007aa9d00000)]
  0x00000186cd2a2800 JavaThread "jar transforms Thread 8" [_thread_blocked, id=8164, stack(0x0000007aa9d00000,0x0000007aa9e00000)]
  0x00000186cd29c800 JavaThread "Memory manager" [_thread_blocked, id=584, stack(0x0000007aa3d00000,0x0000007aa3e00000)]
  0x00000186cd2a0800 JavaThread "build event listener" [_thread_blocked, id=14508, stack(0x0000007aa9f00000,0x0000007aaa000000)]
  0x00000186cd2a3000 JavaThread "pool-3-thread-1" [_thread_blocked, id=5212, stack(0x0000007aaa000000,0x0000007aaa100000)]
  0x00000186cd2a4000 JavaThread "build event listener" [_thread_blocked, id=5188, stack(0x0000007aaa100000,0x0000007aaa200000)]
  0x00000186cd2a0000 JavaThread "included builds" [_thread_blocked, id=14944, stack(0x0000007aaa200000,0x0000007aaa300000)]
  0x00000186cd2a1800 JavaThread "Execution worker for ':'" [_thread_blocked, id=3220, stack(0x0000007aaa300000,0x0000007aaa400000)]
  0x00000186cd29e000 JavaThread "Execution worker for ':' Thread 2" [_thread_blocked, id=2540, stack(0x0000007aaa400000,0x0000007aaa500000)]
  0x00000186cd2a5000 JavaThread "Execution worker for ':' Thread 3" [_thread_blocked, id=5228, stack(0x0000007aaa500000,0x0000007aaa600000)]
  0x00000186cd2a5800 JavaThread "Execution worker for ':' Thread 4" [_thread_blocked, id=15596, stack(0x0000007aaa600000,0x0000007aaa700000)]
  0x00000186cd2a6800 JavaThread "Execution worker for ':' Thread 5" [_thread_blocked, id=16248, stack(0x0000007aaa700000,0x0000007aaa800000)]
  0x00000186d4954000 JavaThread "Execution worker for ':' Thread 6" [_thread_blocked, id=15952, stack(0x0000007aaa800000,0x0000007aaa900000)]
  0x00000186d4955800 JavaThread "Execution worker for ':' Thread 7" [_thread_blocked, id=2024, stack(0x0000007aaa900000,0x0000007aaaa00000)]
  0x00000186d4955000 JavaThread "Cache worker for execution history cache (D:\Users\sersu\android\3Raya\.gradle\7.4\executionHistory)" [_thread_blocked, id=15432, stack(0x0000007aaaa00000,0x0000007aaab00000)]
  0x00000186d0572800 JavaThread "C2 CompilerThread1" daemon [_thread_blocked, id=2344, stack(0x0000007aa2500000,0x0000007aa2600000)]
  0x00000186d4958000 JavaThread "WorkerExecutor Queue" [_thread_blocked, id=14264, stack(0x0000007aa9e00000,0x0000007aa9f00000)]
  0x00000186d0579000 JavaThread "C2 CompilerThread2" daemon [_thread_blocked, id=3252, stack(0x0000007aaab00000,0x0000007aaac00000)]
  0x00000186d4957800 JavaThread "WorkerExecutor Queue Thread 2" [_thread_blocked, id=14660, stack(0x0000007aaac00000,0x0000007aaad00000)]
  0x00000186d4959000 JavaThread "WorkerExecutor Queue Thread 3" [_thread_blocked, id=6216, stack(0x0000007aaad00000,0x0000007aaae00000)]
  0x00000186d495b800 JavaThread "WorkerExecutor Queue Thread 4" [_thread_blocked, id=8368, stack(0x0000007aaae00000,0x0000007aaaf00000)]
  0x00000186d4956800 JavaThread "WorkerExecutor Queue Thread 5" [_thread_blocked, id=10268, stack(0x0000007aaaf00000,0x0000007aab000000)]
  0x00000186d495e800 JavaThread "WorkerExecutor Queue Thread 6" [_thread_blocked, id=5456, stack(0x0000007aab000000,0x0000007aab100000)]
  0x00000186d495a000 JavaThread "WorkerExecutor Queue Thread 8" [_thread_blocked, id=6128, stack(0x0000007aab200000,0x0000007aab300000)]
  0x00000186d4960800 JavaThread "WorkerExecutor Queue Thread 9" [_thread_blocked, id=1804, stack(0x0000007aab300000,0x0000007aab400000)]
  0x00000186d495a800 JavaThread "ForkJoinPool-1-worker-3" daemon [_thread_blocked, id=5160, stack(0x0000007aab400000,0x0000007aab500000)]
  0x00000186d495c000 JavaThread "ForkJoinPool-1-worker-5" daemon [_thread_blocked, id=8140, stack(0x0000007aab500000,0x0000007aab600000)]
  0x00000186d4962000 JavaThread "ForkJoinPool-1-worker-7" daemon [_thread_blocked, id=1048, stack(0x0000007aab600000,0x0000007aab700000)]
  0x00000186d4961000 JavaThread "ForkJoinPool-1-worker-9" daemon [_thread_blocked, id=5932, stack(0x0000007aab700000,0x0000007aab800000)]
  0x00000186d4962800 JavaThread "ForkJoinPool-1-worker-11" daemon [_thread_blocked, id=3624, stack(0x0000007aab800000,0x0000007aab900000)]
  0x00000186d495e000 JavaThread "ForkJoinPool-1-worker-13" daemon [_thread_blocked, id=14464, stack(0x0000007aab900000,0x0000007aaba00000)]
  0x00000186d495d000 JavaThread "ForkJoinPool-1-worker-15" daemon [_thread_blocked, id=12324, stack(0x0000007aaba00000,0x0000007aabb00000)]
  0x00000186d7cea800 JavaThread "ForkJoinPool-1-worker-1" daemon [_thread_blocked, id=1372, stack(0x0000007aabb00000,0x0000007aabc00000)]

Other Threads:
=>0x00000186cc078000 VMThread "VM Thread" [stack: 0x0000007aa1a00000,0x0000007aa1b00000] [id=9404]
  0x00000186cc273000 WatcherThread [stack: 0x0000007aa2400000,0x0000007aa2500000] [id=14700]
  0x00000186b13c8800 GCTaskThread "GC Thread#0" [stack: 0x0000007aa1500000,0x0000007aa1600000] [id=7748]
  0x00000186cd097000 GCTaskThread "GC Thread#1" [stack: 0x0000007aa2700000,0x0000007aa2800000] [id=13564]
  0x00000186cd670000 GCTaskThread "GC Thread#2" [stack: 0x0000007aa2800000,0x0000007aa2900000] [id=15156]
  0x00000186cd193000 GCTaskThread "GC Thread#3" [stack: 0x0000007aa2900000,0x0000007aa2a00000] [id=14748]
  0x00000186cfc0d800 GCTaskThread "GC Thread#4" [stack: 0x0000007aa3600000,0x0000007aa3700000] [id=15104]
  0x00000186cec82000 GCTaskThread "GC Thread#5" [stack: 0x0000007aa3700000,0x0000007aa3800000] [id=10932]
  0x00000186cc7e4800 GCTaskThread "GC Thread#6" [stack: 0x0000007aa3800000,0x0000007aa3900000] [id=6764]
  0x00000186cc7e5800 GCTaskThread "GC Thread#7" [stack: 0x0000007aa3900000,0x0000007aa3a00000] [id=14676]
  0x00000186b13eb000 ConcurrentGCThread "G1 Main Marker" [stack: 0x0000007aa1600000,0x0000007aa1700000] [id=11376]
  0x00000186b13ed000 ConcurrentGCThread "G1 Conc#0" [stack: 0x0000007aa1700000,0x0000007aa1800000] [id=11052]
  0x00000186cc7f2800 ConcurrentGCThread "G1 Conc#1" [stack: 0x0000007aa3a00000,0x0000007aa3b00000] [id=14640]
  0x00000186cb6a8800 ConcurrentGCThread "G1 Refine#0" [stack: 0x0000007aa1800000,0x0000007aa1900000] [id=2492]
  0x00000186cb6ab000 ConcurrentGCThread "G1 Young RemSet Sampling" [stack: 0x0000007aa1900000,0x0000007aa1a00000] [id=10424]

Threads with active compile tasks:
C2 CompilerThread0  31348 18313       4       com.android.tools.r8.internal.sc::b (50 bytes)
C2 CompilerThread1  31348 18302       4       com.android.tools.r8.internal.dL::a (200 bytes)
C2 CompilerThread2  31348 18304       4       com.android.tools.r8.internal.eL::a (40 bytes)

VM state:at safepoint (normal execution)

VM Mutex/Monitor currently owned by a thread:  ([mutex/lock_event])
[0x00000186b136f7b0] Threads_lock - owner thread: 0x00000186cc078000
[0x00000186b136f330] Heap_lock - owner thread: 0x00000186cea9b000

Heap address: 0x0000000080000000, size: 2048 MB, Compressed Oops mode: 32-bit
Narrow klass base: 0x0000000000000000, Narrow klass shift: 3
Compressed class space size: 1073741824 Address: 0x0000000100000000

Heap:
 garbage-first heap   total 395264K, used 225245K [0x0000000080000000, 0x0000000100000000)
  region size 1024K, 2 young (2048K), 2 survivors (2048K)
 Metaspace       used 114182K, capacity 117102K, committed 117340K, reserved 1150976K
  class space    used 14354K, capacity 15522K, committed 15616K, reserved 1048576K
Heap Regions: E=young(eden), S=young(survivor), O=old, HS=humongous(starts), HC=humongous(continues), CS=collection set, F=free, A=archive, TAMS=top-at-mark-start (previous, next)
|   0|0x0000000080000000, 0x0000000080100000, 0x0000000080100000|100%| O|  |TAMS 0x0000000080100000, 0x0000000080000000| Untracked 
|   1|0x0000000080100000, 0x0000000080200000, 0x0000000080200000|100%| O|  |TAMS 0x0000000080200000, 0x0000000080100000| Untracked 
|   2|0x0000000080200000, 0x0000000080300000, 0x0000000080300000|100%| O|  |TAMS 0x0000000080300000, 0x0000000080200000| Untracked 
|   3|0x0000000080300000, 0x0000000080400000, 0x0000000080400000|100%|HS|  |TAMS 0x0000000080400000, 0x0000000080300000| Complete 
|   4|0x0000000080400000, 0x0000000080500000, 0x0000000080500000|100%|HC|  |TAMS 0x0000000080500000, 0x0000000080400000| Complete 
|   5|0x0000000080500000, 0x0000000080600000, 0x0000000080600000|100%|HC|  |TAMS 0x0000000080600000, 0x0000000080500000| Complete 
|   6|0x0000000080600000, 0x0000000080700000, 0x0000000080700000|100%| O|  |TAMS 0x0000000080700000, 0x0000000080600000| Untracked 
|   7|0x0000000080700000, 0x0000000080800000, 0x0000000080800000|100%| O|  |TAMS 0x0000000080800000, 0x0000000080700000| Untracked 
|   8|0x0000000080800000, 0x0000000080900000, 0x0000000080900000|100%| O|  |TAMS 0x0000000080900000, 0x0000000080800000| Untracked 
|   9|0x0000000080900000, 0x0000000080a00000, 0x0000000080a00000|100%| O|  |TAMS 0x0000000080a00000, 0x0000000080900000| Untracked 
|  10|0x0000000080a00000, 0x0000000080b00000, 0x0000000080b00000|100%| O|  |TAMS 0x0000000080b00000, 0x0000000080a00000| Untracked 
|  11|0x0000000080b00000, 0x0000000080c00000, 0x0000000080c00000|100%| O|  |TAMS 0x0000000080c00000, 0x0000000080b00000| Untracked 
|  12|0x0000000080c00000, 0x0000000080d00000, 0x0000000080d00000|100%| O|  |TAMS 0x0000000080d00000, 0x0000000080c00000| Untracked 
|  13|0x0000000080d00000, 0x0000000080e00000, 0x0000000080e00000|100%| O|  |TAMS 0x0000000080e00000, 0x0000000080d00000| Untracked 
|  14|0x0000000080e00000, 0x0000000080f00000, 0x0000000080f00000|100%| O|  |TAMS 0x0000000080f00000, 0x0000000080e00000| Untracked 
|  15|0x0000000080f00000, 0x0000000081000000, 0x0000000081000000|100%| O|  |TAMS 0x0000000081000000, 0x0000000080f00000| Untracked 
|  16|0x0000000081000000, 0x0000000081100000, 0x0000000081100000|100%| O|  |TAMS 0x0000000081100000, 0x0000000081000000| Untracked 
|  17|0x0000000081100000, 0x0000000081200000, 0x0000000081200000|100%|HS|  |TAMS 0x0000000081200000, 0x0000000081100000| Complete 
|  18|0x0000000081200000, 0x0000000081300000, 0x0000000081300000|100%|HS|  |TAMS 0x0000000081300000, 0x0000000081200000| Complete 
|  19|0x0000000081300000, 0x0000000081400000, 0x0000000081400000|100%|HS|  |TAMS 0x0000000081400000, 0x0000000081300000| Complete 
|  20|0x0000000081400000, 0x0000000081500000, 0x0000000081500000|100%| O|  |TAMS 0x0000000081500000, 0x0000000081400000| Untracked 
|  21|0x0000000081500000, 0x0000000081600000, 0x0000000081600000|100%| O|  |TAMS 0x0000000081600000, 0x0000000081500000| Untracked 
|  22|0x0000000081600000, 0x0000000081700000, 0x0000000081700000|100%| O|  |TAMS 0x0000000081700000, 0x0000000081600000| Untracked 
|  23|0x0000000081700000, 0x0000000081800000, 0x0000000081800000|100%| O|  |TAMS 0x0000000081800000, 0x0000000081700000| Untracked 
|  24|0x0000000081800000, 0x0000000081900000, 0x0000000081900000|100%| O|  |TAMS 0x0000000081900000, 0x0000000081800000| Untracked 
|  25|0x0000000081900000, 0x0000000081a00000, 0x0000000081a00000|100%|HS|  |TAMS 0x0000000081a00000, 0x0000000081900000| Complete 
|  26|0x0000000081a00000, 0x0000000081b00000, 0x0000000081b00000|100%|HC|  |TAMS 0x0000000081b00000, 0x0000000081a00000| Complete 
|  27|0x0000000081b00000, 0x0000000081c00000, 0x0000000081c00000|100%|HC|  |TAMS 0x0000000081c00000, 0x0000000081b00000| Complete 
|  28|0x0000000081c00000, 0x0000000081d00000, 0x0000000081d00000|100%| O|  |TAMS 0x0000000081d00000, 0x0000000081c00000| Untracked 
|  29|0x0000000081d00000, 0x0000000081e00000, 0x0000000081e00000|100%|HS|  |TAMS 0x0000000081e00000, 0x0000000081d00000| Complete 
|  30|0x0000000081e00000, 0x0000000081f00000, 0x0000000081f00000|100%|HC|  |TAMS 0x0000000081f00000, 0x0000000081e00000| Complete 
|  31|0x0000000081f00000, 0x0000000082000000, 0x0000000082000000|100%| O|  |TAMS 0x0000000082000000, 0x0000000081f00000| Untracked 
|  32|0x0000000082000000, 0x0000000082100000, 0x0000000082100000|100%| O|  |TAMS 0x0000000082100000, 0x0000000082000000| Untracked 
|  33|0x0000000082100000, 0x0000000082200000, 0x0000000082200000|100%| O|  |TAMS 0x0000000082200000, 0x0000000082100000| Untracked 
|  34|0x0000000082200000, 0x0000000082300000, 0x0000000082300000|100%| O|  |TAMS 0x0000000082300000, 0x0000000082200000| Untracked 
|  35|0x0000000082300000, 0x0000000082400000, 0x0000000082400000|100%| O|  |TAMS 0x0000000082400000, 0x0000000082300000| Untracked 
|  36|0x0000000082400000, 0x0000000082500000, 0x0000000082500000|100%| O|  |TAMS 0x0000000082500000, 0x0000000082400000| Untracked 
|  37|0x0000000082500000, 0x0000000082600000, 0x0000000082600000|100%| O|  |TAMS 0x0000000082600000, 0x0000000082500000| Untracked 
|  38|0x0000000082600000, 0x0000000082700000, 0x0000000082700000|100%| O|  |TAMS 0x0000000082700000, 0x0000000082600000| Untracked 
|  39|0x0000000082700000, 0x0000000082800000, 0x0000000082800000|100%| O|  |TAMS 0x0000000082800000, 0x0000000082700000| Untracked 
|  40|0x0000000082800000, 0x0000000082900000, 0x0000000082900000|100%| O|  |TAMS 0x0000000082900000, 0x0000000082800000| Untracked 
|  41|0x0000000082900000, 0x0000000082a00000, 0x0000000082a00000|100%| O|  |TAMS 0x0000000082a00000, 0x0000000082900000| Untracked 
|  42|0x0000000082a00000, 0x0000000082b00000, 0x0000000082b00000|100%| O|  |TAMS 0x0000000082b00000, 0x0000000082a00000| Untracked 
|  43|0x0000000082b00000, 0x0000000082c00000, 0x0000000082c00000|100%| O|  |TAMS 0x0000000082c00000, 0x0000000082b00000| Untracked 
|  44|0x0000000082c00000, 0x0000000082d00000, 0x0000000082d00000|100%| O|  |TAMS 0x0000000082d00000, 0x0000000082c00000| Untracked 
|  45|0x0000000082d00000, 0x0000000082e00000, 0x0000000082e00000|100%| O|  |TAMS 0x0000000082e00000, 0x0000000082d00000| Untracked 
|  46|0x0000000082e00000, 0x0000000082f00000, 0x0000000082f00000|100%| O|  |TAMS 0x0000000082f00000, 0x0000000082e00000| Untracked 
|  47|0x0000000082f00000, 0x0000000083000000, 0x0000000083000000|100%| O|  |TAMS 0x0000000083000000, 0x0000000082f00000| Untracked 
|  48|0x0000000083000000, 0x0000000083100000, 0x0000000083100000|100%| O|  |TAMS 0x0000000083100000, 0x0000000083000000| Untracked 
|  49|0x0000000083100000, 0x0000000083200000, 0x0000000083200000|100%| O|  |TAMS 0x0000000083200000, 0x0000000083100000| Untracked 
|  50|0x0000000083200000, 0x0000000083300000, 0x0000000083300000|100%| O|  |TAMS 0x0000000083300000, 0x0000000083200000| Untracked 
|  51|0x0000000083300000, 0x0000000083400000, 0x0000000083400000|100%| O|  |TAMS 0x0000000083400000, 0x0000000083300000| Untracked 
|  52|0x0000000083400000, 0x0000000083500000, 0x0000000083500000|100%| O|  |TAMS 0x0000000083500000, 0x0000000083400000| Untracked 
|  53|0x0000000083500000, 0x0000000083600000, 0x0000000083600000|100%| O|  |TAMS 0x0000000083600000, 0x0000000083500000| Untracked 
|  54|0x0000000083600000, 0x0000000083700000, 0x0000000083700000|100%| O|  |TAMS 0x0000000083700000, 0x0000000083600000| Untracked 
|  55|0x0000000083700000, 0x0000000083800000, 0x0000000083800000|100%| O|  |TAMS 0x0000000083800000, 0x0000000083700000| Untracked 
|  56|0x0000000083800000, 0x0000000083900000, 0x0000000083900000|100%| O|  |TAMS 0x0000000083900000, 0x0000000083800000| Untracked 
|  57|0x0000000083900000, 0x0000000083a00000, 0x0000000083a00000|100%| O|  |TAMS 0x0000000083a00000, 0x0000000083900000| Untracked 
|  58|0x0000000083a00000, 0x0000000083b00000, 0x0000000083b00000|100%| O|  |TAMS 0x0000000083b00000, 0x0000000083a00000| Untracked 
|  59|0x0000000083b00000, 0x0000000083c00000, 0x0000000083c00000|100%| O|  |TAMS 0x0000000083c00000, 0x0000000083b00000| Untracked 
|  60|0x0000000083c00000, 0x0000000083d00000, 0x0000000083d00000|100%| O|  |TAMS 0x0000000083d00000, 0x0000000083c00000| Untracked 
|  61|0x0000000083d00000, 0x0000000083e00000, 0x0000000083e00000|100%| O|  |TAMS 0x0000000083e00000, 0x0000000083d00000| Untracked 
|  62|0x0000000083e00000, 0x0000000083f00000, 0x0000000083f00000|100%| O|  |TAMS 0x0000000083f00000, 0x0000000083e00000| Untracked 
|  63|0x0000000083f00000, 0x0000000084000000, 0x0000000084000000|100%| O|  |TAMS 0x0000000084000000, 0x0000000083f00000| Untracked 
|  64|0x0000000084000000, 0x0000000084100000, 0x0000000084100000|100%| O|  |TAMS 0x0000000084100000, 0x0000000084000000| Untracked 
|  65|0x0000000084100000, 0x0000000084200000, 0x0000000084200000|100%| O|  |TAMS 0x0000000084200000, 0x0000000084100000| Untracked 
|  66|0x0000000084200000, 0x0000000084300000, 0x0000000084300000|100%| O|  |TAMS 0x0000000084300000, 0x0000000084200000| Untracked 
|  67|0x0000000084300000, 0x0000000084400000, 0x0000000084400000|100%| O|  |TAMS 0x0000000084400000, 0x0000000084300000| Untracked 
|  68|0x0000000084400000, 0x0000000084500000, 0x0000000084500000|100%| O|  |TAMS 0x0000000084500000, 0x0000000084400000| Untracked 
|  69|0x0000000084500000, 0x0000000084600000, 0x0000000084600000|100%| O|  |TAMS 0x0000000084600000, 0x0000000084500000| Untracked 
|  70|0x0000000084600000, 0x0000000084700000, 0x0000000084700000|100%| O|  |TAMS 0x0000000084700000, 0x0000000084600000| Untracked 
|  71|0x0000000084700000, 0x0000000084800000, 0x0000000084800000|100%| O|  |TAMS 0x0000000084800000, 0x0000000084700000| Untracked 
|  72|0x0000000084800000, 0x0000000084900000, 0x0000000084900000|100%| O|  |TAMS 0x0000000084900000, 0x0000000084800000| Untracked 
|  73|0x0000000084900000, 0x0000000084a00000, 0x0000000084a00000|100%| O|  |TAMS 0x0000000084a00000, 0x0000000084900000| Untracked 
|  74|0x0000000084a00000, 0x0000000084b00000, 0x0000000084b00000|100%| O|  |TAMS 0x0000000084b00000, 0x0000000084a00000| Untracked 
|  75|0x0000000084b00000, 0x0000000084c00000, 0x0000000084c00000|100%| O|  |TAMS 0x0000000084c00000, 0x0000000084b00000| Untracked 
|  76|0x0000000084c00000, 0x0000000084d00000, 0x0000000084d00000|100%| O|  |TAMS 0x0000000084d00000, 0x0000000084c00000| Untracked 
|  77|0x0000000084d00000, 0x0000000084e00000, 0x0000000084e00000|100%| O|  |TAMS 0x0000000084e00000, 0x0000000084d00000| Untracked 
|  78|0x0000000084e00000, 0x0000000084f00000, 0x0000000084f00000|100%| O|  |TAMS 0x0000000084f00000, 0x0000000084e00000| Untracked 
|  79|0x0000000084f00000, 0x0000000085000000, 0x0000000085000000|100%|HS|  |TAMS 0x0000000084f00000, 0x0000000084f00000| Complete 
|  80|0x0000000085000000, 0x0000000085100000, 0x0000000085100000|100%| O|  |TAMS 0x0000000085000000, 0x0000000085000000| Untracked 
|  81|0x0000000085100000, 0x0000000085200000, 0x0000000085200000|100%| O|  |TAMS 0x0000000085100000, 0x0000000085100000| Untracked 
|  82|0x0000000085200000, 0x0000000085300000, 0x0000000085300000|100%| O|  |TAMS 0x0000000085300000, 0x0000000085200000| Untracked 
|  83|0x0000000085300000, 0x0000000085400000, 0x0000000085400000|100%| O|  |TAMS 0x0000000085400000, 0x0000000085300000| Untracked 
|  84|0x0000000085400000, 0x0000000085500000, 0x0000000085500000|100%| O|  |TAMS 0x0000000085500000, 0x0000000085400000| Untracked 
|  85|0x0000000085500000, 0x0000000085600000, 0x0000000085600000|100%| O|  |TAMS 0x0000000085600000, 0x0000000085500000| Untracked 
|  86|0x0000000085600000, 0x0000000085700000, 0x0000000085700000|100%| O|  |TAMS 0x0000000085700000, 0x0000000085600000| Untracked 
|  87|0x0000000085700000, 0x0000000085800000, 0x0000000085800000|100%| O|  |TAMS 0x0000000085700000, 0x0000000085700000| Untracked 
|  88|0x0000000085800000, 0x0000000085900000, 0x0000000085900000|100%| O|  |TAMS 0x0000000085900000, 0x0000000085800000| Untracked 
|  89|0x0000000085900000, 0x0000000085a00000, 0x0000000085a00000|100%| O|  |TAMS 0x0000000085a00000, 0x0000000085900000| Untracked 
|  90|0x0000000085a00000, 0x0000000085b00000, 0x0000000085b00000|100%| O|  |TAMS 0x0000000085b00000, 0x0000000085a00000| Untracked 
|  91|0x0000000085b00000, 0x0000000085c00000, 0x0000000085c00000|100%| O|  |TAMS 0x0000000085c00000, 0x0000000085b00000| Untracked 
|  92|0x0000000085c00000, 0x0000000085d00000, 0x0000000085d00000|100%| O|  |TAMS 0x0000000085d00000, 0x0000000085c00000| Untracked 
|  93|0x0000000085d00000, 0x0000000085e00000, 0x0000000085e00000|100%| O|  |TAMS 0x0000000085e00000, 0x0000000085d00000| Untracked 
|  94|0x0000000085e00000, 0x0000000085f00000, 0x0000000085f00000|100%| O|  |TAMS 0x0000000085f00000, 0x0000000085e00000| Untracked 
|  95|0x0000000085f00000, 0x0000000086000000, 0x0000000086000000|100%| O|  |TAMS 0x0000000086000000, 0x0000000085f00000| Untracked 
|  96|0x0000000086000000, 0x0000000086100000, 0x0000000086100000|100%| O|  |TAMS 0x0000000086100000, 0x0000000086000000| Untracked 
|  97|0x0000000086100000, 0x0000000086200000, 0x0000000086200000|100%| O|  |TAMS 0x0000000086200000, 0x0000000086100000| Untracked 
|  98|0x0000000086200000, 0x0000000086300000, 0x0000000086300000|100%| O|  |TAMS 0x0000000086300000, 0x0000000086200000| Untracked 
|  99|0x0000000086300000, 0x0000000086400000, 0x0000000086400000|100%| O|  |TAMS 0x0000000086400000, 0x0000000086300000| Untracked 
| 100|0x0000000086400000, 0x0000000086500000, 0x0000000086500000|100%| O|  |TAMS 0x0000000086500000, 0x0000000086400000| Untracked 
| 101|0x0000000086500000, 0x0000000086600000, 0x0000000086600000|100%| O|  |TAMS 0x0000000086600000, 0x0000000086500000| Untracked 
| 102|0x0000000086600000, 0x0000000086700000, 0x0000000086700000|100%| O|  |TAMS 0x0000000086600000, 0x0000000086600000| Untracked 
| 103|0x0000000086700000, 0x0000000086800000, 0x0000000086800000|100%|HS|  |TAMS 0x0000000086700000, 0x0000000086700000| Complete 
| 104|0x0000000086800000, 0x0000000086900000, 0x0000000086900000|100%| O|  |TAMS 0x0000000086888600, 0x0000000086800000| Untracked 
| 105|0x0000000086900000, 0x0000000086a00000, 0x0000000086a00000|100%|HS|  |TAMS 0x0000000086a00000, 0x0000000086900000| Complete 
| 106|0x0000000086a00000, 0x0000000086b00000, 0x0000000086b00000|100%| O|  |TAMS 0x0000000086a00000, 0x0000000086a00000| Untracked 
| 107|0x0000000086b00000, 0x0000000086c00000, 0x0000000086c00000|100%|HS|  |TAMS 0x0000000086c00000, 0x0000000086b00000| Complete 
| 108|0x0000000086c00000, 0x0000000086d00000, 0x0000000086d00000|100%| O|  |TAMS 0x0000000086c00000, 0x0000000086c00000| Untracked 
| 109|0x0000000086d00000, 0x0000000086e00000, 0x0000000086e00000|100%| O|  |TAMS 0x0000000086e00000, 0x0000000086d00000| Untracked 
| 110|0x0000000086e00000, 0x0000000086f00000, 0x0000000086f00000|100%| O|  |TAMS 0x0000000086e00000, 0x0000000086e00000| Untracked 
| 111|0x0000000086f00000, 0x0000000087000000, 0x0000000087000000|100%| O|  |TAMS 0x0000000087000000, 0x0000000086f00000| Untracked 
| 112|0x0000000087000000, 0x0000000087100000, 0x0000000087100000|100%| O|  |TAMS 0x0000000087100000, 0x0000000087000000| Untracked 
| 113|0x0000000087100000, 0x0000000087200000, 0x0000000087200000|100%| O|  |TAMS 0x0000000087100000, 0x0000000087100000| Untracked 
| 114|0x0000000087200000, 0x0000000087300000, 0x0000000087300000|100%|HS|  |TAMS 0x0000000087300000, 0x0000000087200000| Complete 
| 115|0x0000000087300000, 0x0000000087400000, 0x0000000087400000|100%|HC|  |TAMS 0x0000000087400000, 0x0000000087300000| Complete 
| 116|0x0000000087400000, 0x0000000087500000, 0x0000000087500000|100%|HS|  |TAMS 0x0000000087500000, 0x0000000087400000| Complete 
| 117|0x0000000087500000, 0x0000000087600000, 0x0000000087600000|100%|HC|  |TAMS 0x0000000087600000, 0x0000000087500000| Complete 
| 118|0x0000000087600000, 0x0000000087700000, 0x0000000087700000|100%|HS|  |TAMS 0x0000000087700000, 0x0000000087600000| Complete 
| 119|0x0000000087700000, 0x0000000087800000, 0x0000000087800000|100%|HC|  |TAMS 0x0000000087800000, 0x0000000087700000| Complete 
| 120|0x0000000087800000, 0x0000000087900000, 0x0000000087900000|100%|HS|  |TAMS 0x0000000087900000, 0x0000000087800000| Complete 
| 121|0x0000000087900000, 0x0000000087a00000, 0x0000000087a00000|100%|HC|  |TAMS 0x0000000087a00000, 0x0000000087900000| Complete 
| 122|0x0000000087a00000, 0x0000000087b00000, 0x0000000087b00000|100%|HC|  |TAMS 0x0000000087b00000, 0x0000000087a00000| Complete 
| 123|0x0000000087b00000, 0x0000000087c00000, 0x0000000087c00000|100%| O|  |TAMS 0x0000000087b00000, 0x0000000087b00000| Untracked 
| 124|0x0000000087c00000, 0x0000000087d00000, 0x0000000087d00000|100%| O|  |TAMS 0x0000000087c00000, 0x0000000087c00000| Untracked 
| 125|0x0000000087d00000, 0x0000000087e00000, 0x0000000087e00000|100%| O|  |TAMS 0x0000000087d00000, 0x0000000087d00000| Untracked 
| 126|0x0000000087e00000, 0x0000000087f00000, 0x0000000087f00000|100%|HS|  |TAMS 0x0000000087f00000, 0x0000000087e00000| Complete 
| 127|0x0000000087f00000, 0x0000000088000000, 0x0000000088000000|100%|HC|  |TAMS 0x0000000088000000, 0x0000000087f00000| Complete 
| 128|0x0000000088000000, 0x0000000088100000, 0x0000000088100000|100%| O|  |TAMS 0x0000000088000000, 0x0000000088000000| Untracked 
| 129|0x0000000088100000, 0x0000000088200000, 0x0000000088200000|100%|HS|  |TAMS 0x0000000088200000, 0x0000000088100000| Complete 
| 130|0x0000000088200000, 0x0000000088300000, 0x0000000088300000|100%| O|  |TAMS 0x0000000088200000, 0x0000000088200000| Untracked 
| 131|0x0000000088300000, 0x0000000088400000, 0x0000000088400000|100%|HS|  |TAMS 0x0000000088400000, 0x0000000088300000| Complete 
| 132|0x0000000088400000, 0x0000000088500000, 0x0000000088500000|100%| O|  |TAMS 0x0000000088400000, 0x0000000088400000| Untracked 
| 133|0x0000000088500000, 0x0000000088600000, 0x0000000088600000|100%| O|  |TAMS 0x0000000088500000, 0x0000000088500000| Untracked 
| 134|0x0000000088600000, 0x0000000088700000, 0x0000000088700000|100%| O|  |TAMS 0x0000000088600000, 0x0000000088600000| Untracked 
| 135|0x0000000088700000, 0x0000000088800000, 0x0000000088800000|100%|HS|  |TAMS 0x0000000088800000, 0x0000000088700000| Complete 
| 136|0x0000000088800000, 0x0000000088900000, 0x0000000088900000|100%|HC|  |TAMS 0x0000000088900000, 0x0000000088800000| Complete 
| 137|0x0000000088900000, 0x0000000088a00000, 0x0000000088a00000|100%|HS|  |TAMS 0x0000000088900000, 0x0000000088900000| Complete 
| 138|0x0000000088a00000, 0x0000000088b00000, 0x0000000088b00000|100%|HC|  |TAMS 0x0000000088a00000, 0x0000000088a00000| Complete 
| 139|0x0000000088b00000, 0x0000000088c00000, 0x0000000088c00000|100%|HC|  |TAMS 0x0000000088b00000, 0x0000000088b00000| Complete 
| 140|0x0000000088c00000, 0x0000000088d00000, 0x0000000088d00000|100%|HS|  |TAMS 0x0000000088d00000, 0x0000000088c00000| Complete 
| 141|0x0000000088d00000, 0x0000000088e00000, 0x0000000088e00000|100%|HC|  |TAMS 0x0000000088e00000, 0x0000000088d00000| Complete 
| 142|0x0000000088e00000, 0x0000000088f00000, 0x0000000088f00000|100%| O|  |TAMS 0x0000000088e00000, 0x0000000088e00000| Untracked 
| 143|0x0000000088f00000, 0x0000000089000000, 0x0000000089000000|100%| O|  |TAMS 0x0000000088f00000, 0x0000000088f00000| Untracked 
| 144|0x0000000089000000, 0x0000000089100000, 0x0000000089100000|100%| O|  |TAMS 0x0000000089000000, 0x0000000089000000| Untracked 
| 145|0x0000000089100000, 0x0000000089200000, 0x0000000089200000|100%| O|  |TAMS 0x0000000089100000, 0x0000000089100000| Untracked 
| 146|0x0000000089200000, 0x0000000089300000, 0x0000000089300000|100%| O|  |TAMS 0x0000000089200000, 0x0000000089200000| Untracked 
| 147|0x0000000089300000, 0x0000000089400000, 0x0000000089400000|100%| O|  |TAMS 0x0000000089300000, 0x0000000089300000| Untracked 
| 148|0x0000000089400000, 0x0000000089500000, 0x0000000089500000|100%| O|  |TAMS 0x0000000089400000, 0x0000000089400000| Untracked 
| 149|0x0000000089500000, 0x0000000089600000, 0x0000000089600000|100%| O|  |TAMS 0x0000000089500000, 0x0000000089500000| Untracked 
| 150|0x0000000089600000, 0x0000000089700000, 0x0000000089700000|100%| O|  |TAMS 0x0000000089600000, 0x0000000089600000| Untracked 
| 151|0x0000000089700000, 0x0000000089800000, 0x0000000089800000|100%| O|  |TAMS 0x0000000089700000, 0x0000000089700000| Untracked 
| 152|0x0000000089800000, 0x0000000089900000, 0x0000000089900000|100%| O|  |TAMS 0x0000000089800000, 0x0000000089800000| Untracked 
| 153|0x0000000089900000, 0x0000000089a00000, 0x0000000089a00000|100%| O|  |TAMS 0x0000000089900000, 0x0000000089900000| Untracked 
| 154|0x0000000089a00000, 0x0000000089b00000, 0x0000000089b00000|100%| O|  |TAMS 0x0000000089a00000, 0x0000000089a00000| Untracked 
| 155|0x0000000089b00000, 0x0000000089c00000, 0x0000000089c00000|100%| O|  |TAMS 0x0000000089b00000, 0x0000000089b00000| Untracked 
| 156|0x0000000089c00000, 0x0000000089d00000, 0x0000000089d00000|100%| O|  |TAMS 0x0000000089c00000, 0x0000000089c00000| Untracked 
| 157|0x0000000089d00000, 0x0000000089e00000, 0x0000000089e00000|100%| O|  |TAMS 0x0000000089d00000, 0x0000000089d00000| Untracked 
| 158|0x0000000089e00000, 0x0000000089f00000, 0x0000000089f00000|100%| O|  |TAMS 0x0000000089e00000, 0x0000000089e00000| Untracked 
| 159|0x0000000089f00000, 0x000000008a000000, 0x000000008a000000|100%| O|  |TAMS 0x0000000089f00000, 0x0000000089f00000| Untracked 
| 160|0x000000008a000000, 0x000000008a100000, 0x000000008a100000|100%| O|  |TAMS 0x000000008a000000, 0x000000008a000000| Untracked 
| 161|0x000000008a100000, 0x000000008a200000, 0x000000008a200000|100%| O|  |TAMS 0x000000008a100000, 0x000000008a100000| Untracked 
| 162|0x000000008a200000, 0x000000008a300000, 0x000000008a300000|100%| O|  |TAMS 0x000000008a200000, 0x000000008a200000| Untracked 
| 163|0x000000008a300000, 0x000000008a400000, 0x000000008a400000|100%| O|  |TAMS 0x000000008a300000, 0x000000008a300000| Untracked 
| 164|0x000000008a400000, 0x000000008a500000, 0x000000008a500000|100%| O|  |TAMS 0x000000008a400000, 0x000000008a400000| Untracked 
| 165|0x000000008a500000, 0x000000008a600000, 0x000000008a600000|100%| O|  |TAMS 0x000000008a500000, 0x000000008a500000| Untracked 
| 166|0x000000008a600000, 0x000000008a700000, 0x000000008a700000|100%| O|  |TAMS 0x000000008a600000, 0x000000008a600000| Untracked 
| 167|0x000000008a700000, 0x000000008a800000, 0x000000008a800000|100%| O|  |TAMS 0x000000008a700000, 0x000000008a700000| Untracked 
| 168|0x000000008a800000, 0x000000008a900000, 0x000000008a900000|100%| O|  |TAMS 0x000000008a800000, 0x000000008a800000| Untracked 
| 169|0x000000008a900000, 0x000000008aa00000, 0x000000008aa00000|100%| O|  |TAMS 0x000000008a900000, 0x000000008a900000| Untracked 
| 170|0x000000008aa00000, 0x000000008ab00000, 0x000000008ab00000|100%| O|  |TAMS 0x000000008aa00000, 0x000000008aa00000| Untracked 
| 171|0x000000008ab00000, 0x000000008ac00000, 0x000000008ac00000|100%| O|  |TAMS 0x000000008ab00000, 0x000000008ab00000| Untracked 
| 172|0x000000008ac00000, 0x000000008ad00000, 0x000000008ad00000|100%| O|  |TAMS 0x000000008ac00000, 0x000000008ac00000| Untracked 
| 173|0x000000008ad00000, 0x000000008ae00000, 0x000000008ae00000|100%| O|  |TAMS 0x000000008ad00000, 0x000000008ad00000| Untracked 
| 174|0x000000008ae00000, 0x000000008af00000, 0x000000008af00000|100%| O|  |TAMS 0x000000008ae00000, 0x000000008ae00000| Untracked 
| 175|0x000000008af00000, 0x000000008b000000, 0x000000008b000000|100%| O|  |TAMS 0x000000008af00000, 0x000000008af00000| Untracked 
| 176|0x000000008b000000, 0x000000008b100000, 0x000000008b100000|100%| O|  |TAMS 0x000000008b000000, 0x000000008b000000| Untracked 
| 177|0x000000008b100000, 0x000000008b200000, 0x000000008b200000|100%| O|  |TAMS 0x000000008b100000, 0x000000008b100000| Untracked 
| 178|0x000000008b200000, 0x000000008b300000, 0x000000008b300000|100%| O|  |TAMS 0x000000008b200000, 0x000000008b200000| Untracked 
| 179|0x000000008b300000, 0x000000008b400000, 0x000000008b400000|100%| O|  |TAMS 0x000000008b300000, 0x000000008b300000| Untracked 
| 180|0x000000008b400000, 0x000000008b500000, 0x000000008b500000|100%| O|  |TAMS 0x000000008b400000, 0x000000008b400000| Untracked 
| 181|0x000000008b500000, 0x000000008b600000, 0x000000008b600000|100%| O|  |TAMS 0x000000008b500000, 0x000000008b500000| Untracked 
| 182|0x000000008b600000, 0x000000008b700000, 0x000000008b700000|100%| O|  |TAMS 0x000000008b600000, 0x000000008b600000| Untracked 
| 183|0x000000008b700000, 0x000000008b800000, 0x000000008b800000|100%| O|  |TAMS 0x000000008b700000, 0x000000008b700000| Untracked 
| 184|0x000000008b800000, 0x000000008b900000, 0x000000008b900000|100%| O|  |TAMS 0x000000008b800000, 0x000000008b800000| Untracked 
| 185|0x000000008b900000, 0x000000008ba00000, 0x000000008ba00000|100%| O|  |TAMS 0x000000008b900000, 0x000000008b900000| Untracked 
| 186|0x000000008ba00000, 0x000000008bb00000, 0x000000008bb00000|100%| O|  |TAMS 0x000000008ba00000, 0x000000008ba00000| Untracked 
| 187|0x000000008bb00000, 0x000000008bc00000, 0x000000008bc00000|100%| O|  |TAMS 0x000000008bb00000, 0x000000008bb00000| Untracked 
| 188|0x000000008bc00000, 0x000000008bd00000, 0x000000008bd00000|100%| O|  |TAMS 0x000000008bc00000, 0x000000008bc00000| Untracked 
| 189|0x000000008bd00000, 0x000000008be00000, 0x000000008be00000|100%| O|  |TAMS 0x000000008bd00000, 0x000000008bd00000| Untracked 
| 190|0x000000008be00000, 0x000000008bf00000, 0x000000008bf00000|100%| O|  |TAMS 0x000000008be00000, 0x000000008be00000| Untracked 
| 191|0x000000008bf00000, 0x000000008c000000, 0x000000008c000000|100%| O|  |TAMS 0x000000008bf00000, 0x000000008bf00000| Untracked 
| 192|0x000000008c000000, 0x000000008c100000, 0x000000008c100000|100%| O|  |TAMS 0x000000008c000000, 0x000000008c000000| Untracked 
| 193|0x000000008c100000, 0x000000008c200000, 0x000000008c200000|100%| O|  |TAMS 0x000000008c100000, 0x000000008c100000| Untracked 
| 194|0x000000008c200000, 0x000000008c300000, 0x000000008c300000|100%| O|  |TAMS 0x000000008c200000, 0x000000008c200000| Untracked 
| 195|0x000000008c300000, 0x000000008c400000, 0x000000008c400000|100%| O|  |TAMS 0x000000008c300000, 0x000000008c300000| Untracked 
| 196|0x000000008c400000, 0x000000008c500000, 0x000000008c500000|100%| O|  |TAMS 0x000000008c400000, 0x000000008c400000| Untracked 
| 197|0x000000008c500000, 0x000000008c600000, 0x000000008c600000|100%| O|  |TAMS 0x000000008c500000, 0x000000008c500000| Untracked 
| 198|0x000000008c600000, 0x000000008c700000, 0x000000008c700000|100%| O|  |TAMS 0x000000008c600000, 0x000000008c600000| Untracked 
| 199|0x000000008c700000, 0x000000008c800000, 0x000000008c800000|100%| O|  |TAMS 0x000000008c700000, 0x000000008c700000| Untracked 
| 200|0x000000008c800000, 0x000000008c900000, 0x000000008c900000|100%| O|  |TAMS 0x000000008c800000, 0x000000008c800000| Untracked 
| 201|0x000000008c900000, 0x000000008ca00000, 0x000000008ca00000|100%| O|  |TAMS 0x000000008c900000, 0x000000008c900000| Untracked 
| 202|0x000000008ca00000, 0x000000008cb00000, 0x000000008cb00000|100%| O|  |TAMS 0x000000008ca00000, 0x000000008ca00000| Untracked 
| 203|0x000000008cb00000, 0x000000008cc00000, 0x000000008cc00000|100%| O|  |TAMS 0x000000008cb00000, 0x000000008cb00000| Untracked 
| 204|0x000000008cc00000, 0x000000008cd00000, 0x000000008cd00000|100%| O|  |TAMS 0x000000008cc00000, 0x000000008cc00000| Untracked 
| 205|0x000000008cd00000, 0x000000008ce00000, 0x000000008ce00000|100%|HS|  |TAMS 0x000000008cd00000, 0x000000008cd00000| Complete 
| 206|0x000000008ce00000, 0x000000008cf00000, 0x000000008cf00000|100%|HS|  |TAMS 0x000000008ce00000, 0x000000008ce00000| Complete 
| 207|0x000000008cf00000, 0x000000008d000000, 0x000000008d000000|100%|HS|  |TAMS 0x000000008cf00000, 0x000000008cf00000| Complete 
| 208|0x000000008d000000, 0x000000008d100000, 0x000000008d100000|100%|HC|  |TAMS 0x000000008d000000, 0x000000008d000000| Complete 
| 209|0x000000008d100000, 0x000000008d200000, 0x000000008d200000|100%|HS|  |TAMS 0x000000008d100000, 0x000000008d100000| Complete 
| 210|0x000000008d200000, 0x000000008d300000, 0x000000008d300000|100%|HC|  |TAMS 0x000000008d200000, 0x000000008d200000| Complete 
| 211|0x000000008d300000, 0x000000008d400000, 0x000000008d400000|100%| O|  |TAMS 0x000000008d300000, 0x000000008d300000| Untracked 
| 212|0x000000008d400000, 0x000000008d500000, 0x000000008d500000|100%| O|  |TAMS 0x000000008d400000, 0x000000008d400000| Untracked 
| 213|0x000000008d500000, 0x000000008d600000, 0x000000008d600000|100%|HS|  |TAMS 0x000000008d500000, 0x000000008d500000| Complete 
| 214|0x000000008d600000, 0x000000008d700000, 0x000000008d700000|100%|HS|  |TAMS 0x000000008d600000, 0x000000008d600000| Complete 
| 215|0x000000008d700000, 0x000000008d800000, 0x000000008d800000|100%|HS|  |TAMS 0x000000008d700000, 0x000000008d700000| Complete 
| 216|0x000000008d800000, 0x000000008d900000, 0x000000008d900000|100%|HC|  |TAMS 0x000000008d800000, 0x000000008d800000| Complete 
| 217|0x000000008d900000, 0x000000008da00000, 0x000000008da00000|100%| O|  |TAMS 0x000000008d900000, 0x000000008d900000| Untracked 
| 218|0x000000008da00000, 0x000000008dae7400, 0x000000008db00000| 90%| O|  |TAMS 0x000000008da00000, 0x000000008da00000| Untracked 
| 219|0x000000008db00000, 0x000000008db00000, 0x000000008dc00000|  0%| F|  |TAMS 0x000000008db00000, 0x000000008db00000| Untracked 
| 220|0x000000008dc00000, 0x000000008dc00000, 0x000000008dd00000|  0%| F|  |TAMS 0x000000008dc00000, 0x000000008dc00000| Untracked 
| 221|0x000000008dd00000, 0x000000008dd00000, 0x000000008de00000|  0%| F|  |TAMS 0x000000008dd00000, 0x000000008dd00000| Untracked 
| 222|0x000000008de00000, 0x000000008de00000, 0x000000008df00000|  0%| F|  |TAMS 0x000000008de00000, 0x000000008de00000| Untracked 
| 223|0x000000008df00000, 0x000000008df00000, 0x000000008e000000|  0%| F|  |TAMS 0x000000008df00000, 0x000000008df00000| Untracked 
| 224|0x000000008e000000, 0x000000008e000000, 0x000000008e100000|  0%| F|  |TAMS 0x000000008e000000, 0x000000008e000000| Untracked 
| 225|0x000000008e100000, 0x000000008e100000, 0x000000008e200000|  0%| F|  |TAMS 0x000000008e100000, 0x000000008e100000| Untracked 
| 226|0x000000008e200000, 0x000000008e200000, 0x000000008e300000|  0%| F|  |TAMS 0x000000008e200000, 0x000000008e200000| Untracked 
| 227|0x000000008e300000, 0x000000008e300000, 0x000000008e400000|  0%| F|  |TAMS 0x000000008e300000, 0x000000008e300000| Untracked 
| 228|0x000000008e400000, 0x000000008e400000, 0x000000008e500000|  0%| F|  |TAMS 0x000000008e400000, 0x000000008e400000| Untracked 
| 229|0x000000008e500000, 0x000000008e500000, 0x000000008e600000|  0%| F|  |TAMS 0x000000008e500000, 0x000000008e500000| Untracked 
| 230|0x000000008e600000, 0x000000008e600000, 0x000000008e700000|  0%| F|  |TAMS 0x000000008e600000, 0x000000008e600000| Untracked 
| 231|0x000000008e700000, 0x000000008e700000, 0x000000008e800000|  0%| F|  |TAMS 0x000000008e700000, 0x000000008e700000| Untracked 
| 232|0x000000008e800000, 0x000000008e800000, 0x000000008e900000|  0%| F|  |TAMS 0x000000008e800000, 0x000000008e800000| Untracked 
| 233|0x000000008e900000, 0x000000008e900000, 0x000000008ea00000|  0%| F|  |TAMS 0x000000008e900000, 0x000000008e900000| Untracked 
| 234|0x000000008ea00000, 0x000000008ea00000, 0x000000008eb00000|  0%| F|  |TAMS 0x000000008ea00000, 0x000000008ea00000| Untracked 
| 235|0x000000008eb00000, 0x000000008eb00000, 0x000000008ec00000|  0%| F|  |TAMS 0x000000008eb00000, 0x000000008eb00000| Untracked 
| 236|0x000000008ec00000, 0x000000008ec00000, 0x000000008ed00000|  0%| F|  |TAMS 0x000000008ec00000, 0x000000008ec00000| Untracked 
| 237|0x000000008ed00000, 0x000000008ed00000, 0x000000008ee00000|  0%| F|  |TAMS 0x000000008ed00000, 0x000000008ed00000| Untracked 
| 238|0x000000008ee00000, 0x000000008ee00000, 0x000000008ef00000|  0%| F|  |TAMS 0x000000008ee00000, 0x000000008ee00000| Untracked 
| 239|0x000000008ef00000, 0x000000008ef00000, 0x000000008f000000|  0%| F|  |TAMS 0x000000008ef00000, 0x000000008ef00000| Untracked 
| 240|0x000000008f000000, 0x000000008f000000, 0x000000008f100000|  0%| F|  |TAMS 0x000000008f000000, 0x000000008f000000| Untracked 
| 241|0x000000008f100000, 0x000000008f100000, 0x000000008f200000|  0%| F|  |TAMS 0x000000008f100000, 0x000000008f100000| Untracked 
| 242|0x000000008f200000, 0x000000008f200000, 0x000000008f300000|  0%| F|  |TAMS 0x000000008f200000, 0x000000008f200000| Untracked 
| 243|0x000000008f300000, 0x000000008f300000, 0x000000008f400000|  0%| F|  |TAMS 0x000000008f300000, 0x000000008f300000| Untracked 
| 244|0x000000008f400000, 0x000000008f400000, 0x000000008f500000|  0%| F|  |TAMS 0x000000008f400000, 0x000000008f400000| Untracked 
| 245|0x000000008f500000, 0x000000008f500000, 0x000000008f600000|  0%| F|  |TAMS 0x000000008f500000, 0x000000008f500000| Untracked 
| 246|0x000000008f600000, 0x000000008f600000, 0x000000008f700000|  0%| F|  |TAMS 0x000000008f600000, 0x000000008f600000| Untracked 
| 247|0x000000008f700000, 0x000000008f700000, 0x000000008f800000|  0%| F|  |TAMS 0x000000008f700000, 0x000000008f700000| Untracked 
| 248|0x000000008f800000, 0x000000008f800000, 0x000000008f900000|  0%| F|  |TAMS 0x000000008f800000, 0x000000008f800000| Untracked 
| 249|0x000000008f900000, 0x000000008f900000, 0x000000008fa00000|  0%| F|  |TAMS 0x000000008f900000, 0x000000008f900000| Untracked 
| 250|0x000000008fa00000, 0x000000008fa00000, 0x000000008fb00000|  0%| F|  |TAMS 0x000000008fa00000, 0x000000008fa00000| Untracked 
| 251|0x000000008fb00000, 0x000000008fb10018, 0x000000008fc00000|  6%| S|CS|TAMS 0x000000008fb00000, 0x000000008fb00000| Complete 
| 252|0x000000008fc00000, 0x000000008fd00000, 0x000000008fd00000|100%| S|CS|TAMS 0x000000008fc00000, 0x000000008fc00000| Complete 
| 253|0x000000008fd00000, 0x000000008fd00000, 0x000000008fe00000|  0%| F|  |TAMS 0x000000008fd00000, 0x000000008fd00000| Untracked 
| 254|0x000000008fe00000, 0x000000008fe00000, 0x000000008ff00000|  0%| F|  |TAMS 0x000000008fe00000, 0x000000008fe00000| Untracked 
| 255|0x000000008ff00000, 0x000000008ff00000, 0x0000000090000000|  0%| F|  |TAMS 0x000000008ff00000, 0x000000008ff00000| Untracked 
| 256|0x0000000090000000, 0x0000000090000000, 0x0000000090100000|  0%| F|  |TAMS 0x0000000090000000, 0x0000000090000000| Untracked 
| 257|0x0000000090100000, 0x0000000090100000, 0x0000000090200000|  0%| F|  |TAMS 0x0000000090100000, 0x0000000090100000| Untracked 
| 258|0x0000000090200000, 0x0000000090200000, 0x0000000090300000|  0%| F|  |TAMS 0x0000000090200000, 0x0000000090200000| Untracked 
| 259|0x0000000090300000, 0x0000000090300000, 0x0000000090400000|  0%| F|  |TAMS 0x0000000090300000, 0x0000000090300000| Untracked 
| 260|0x0000000090400000, 0x0000000090400000, 0x0000000090500000|  0%| F|  |TAMS 0x0000000090400000, 0x0000000090400000| Untracked 
| 261|0x0000000090500000, 0x0000000090500000, 0x0000000090600000|  0%| F|  |TAMS 0x0000000090500000, 0x0000000090500000| Untracked 
| 262|0x0000000090600000, 0x0000000090600000, 0x0000000090700000|  0%| F|  |TAMS 0x0000000090600000, 0x0000000090600000| Untracked 
| 263|0x0000000090700000, 0x0000000090700000, 0x0000000090800000|  0%| F|  |TAMS 0x0000000090700000, 0x0000000090700000| Untracked 
| 264|0x0000000090800000, 0x0000000090800000, 0x0000000090900000|  0%| F|  |TAMS 0x0000000090800000, 0x0000000090800000| Untracked 
| 265|0x0000000090900000, 0x0000000090900000, 0x0000000090a00000|  0%| F|  |TAMS 0x0000000090900000, 0x0000000090900000| Untracked 
| 266|0x0000000090a00000, 0x0000000090a00000, 0x0000000090b00000|  0%| F|  |TAMS 0x0000000090a00000, 0x0000000090a00000| Untracked 
| 267|0x0000000090b00000, 0x0000000090b00000, 0x0000000090c00000|  0%| F|  |TAMS 0x0000000090b00000, 0x0000000090b00000| Untracked 
| 268|0x0000000090c00000, 0x0000000090c00000, 0x0000000090d00000|  0%| F|  |TAMS 0x0000000090c00000, 0x0000000090c00000| Untracked 
| 269|0x0000000090d00000, 0x0000000090d00000, 0x0000000090e00000|  0%| F|  |TAMS 0x0000000090d00000, 0x0000000090d00000| Untracked 
| 270|0x0000000090e00000, 0x0000000090e00000, 0x0000000090f00000|  0%| F|  |TAMS 0x0000000090e00000, 0x0000000090e00000| Untracked 
| 271|0x0000000090f00000, 0x0000000090f00000, 0x0000000091000000|  0%| F|  |TAMS 0x0000000090f00000, 0x0000000090f00000| Untracked 
| 272|0x0000000091000000, 0x0000000091000000, 0x0000000091100000|  0%| F|  |TAMS 0x0000000091000000, 0x0000000091000000| Untracked 
| 273|0x0000000091100000, 0x0000000091100000, 0x0000000091200000|  0%| F|  |TAMS 0x0000000091100000, 0x0000000091100000| Untracked 

Card table byte_map: [0x00000186c45c0000,0x00000186c49c0000] _byte_map_base: 0x00000186c41c0000

Marking Bits (Prev, Next): (CMBitMap*) 0x00000186b13ea220, (CMBitMap*) 0x00000186b13ea1e8
 Prev Bits: [0x00000186c6dc0000, 0x00000186c8dc0000)
 Next Bits: [0x00000186c4dc0000, 0x00000186c6dc0000)

Polling page: 0x00000186af380000

Metaspace:

Usage:
  Non-class:     99.20 MB capacity,    97.49 MB ( 98%) used,     1.34 MB (  1%) free+waste,   380.50 KB ( <1%) overhead. 
      Class:     15.16 MB capacity,    14.02 MB ( 92%) used,  1001.46 KB (  6%) free+waste,   166.31 KB (  1%) overhead. 
       Both:    114.36 MB capacity,   111.51 MB ( 98%) used,     2.32 MB (  2%) free+waste,   546.81 KB ( <1%) overhead. 

Virtual space:
  Non-class space:      100.00 MB reserved,      99.34 MB (>99%) committed 
      Class space:        1.00 GB reserved,      15.25 MB (  1%) committed 
             Both:        1.10 GB reserved,     114.59 MB ( 10%) committed 

Chunk freelists:
   Non-Class:  80.00 KB
       Class:  0 bytes
        Both:  80.00 KB

MaxMetaspaceSize: 17179869184.00 GB
CompressedClassSpaceSize: 1.00 GB
Initial GC threshold: 20.80 MB
Current GC threshold: 185.98 MB
CDS: off

CodeHeap 'non-profiled nmethods': size=120000Kb used=12996Kb max_used=12996Kb free=107003Kb
 bounds [0x00000186bc960000, 0x00000186bd620000, 0x00000186c3e90000]
CodeHeap 'profiled nmethods': size=120000Kb used=39812Kb max_used=39812Kb free=80187Kb
 bounds [0x00000186b5430000, 0x00000186b7b20000, 0x00000186bc960000]
CodeHeap 'non-nmethods': size=5760Kb used=2430Kb max_used=2517Kb free=3329Kb
 bounds [0x00000186b4e90000, 0x00000186b5110000, 0x00000186b5430000]
 total_blobs=18241 nmethods=17292 adapters=860
 compilation: enabled
              stopped_count=0, restarted_count=0
 full_count=0

Compilation events (20 events):
Event: 31.219 Thread 0x00000186cc0e1800 18310       3       com.android.tools.r8.graph.X0$$Lambda$1364/0x0000000100bf2c40::a (5 bytes)
Event: 31.220 Thread 0x00000186cc0cf000 nmethod 18311 0x00000186bd610810 code [0x00000186bd6109c0, 0x00000186bd610bb8]
Event: 31.220 Thread 0x00000186cc0cf000 18313       4       com.android.tools.r8.internal.sc::b (50 bytes)
Event: 31.220 Thread 0x00000186cc0e1800 nmethod 18310 0x00000186b7b0ce10 code [0x00000186b7b0d160, 0x00000186b7b0e728]
Event: 31.220 Thread 0x00000186cc0e1800 18316       3       com.android.tools.r8.internal.sc::a (101 bytes)
Event: 31.220 Thread 0x00000186cc0e1800 nmethod 18316 0x00000186b7b0ed10 code [0x00000186b7b0ef20, 0x00000186b7b0f648]
Event: 31.220 Thread 0x00000186cc0e1800 18312       3       com.android.tools.r8.internal.vY$$Lambda$1371/0x0000000100bef040::a (15 bytes)
Event: 31.221 Thread 0x00000186cc0e1800 nmethod 18312 0x00000186b7b0f890 code [0x00000186b7b0fa60, 0x00000186b7b0fe28]
Event: 31.221 Thread 0x00000186cc0e1800 18314       3       com.android.tools.r8.internal.eL$$Lambda$1722/0x0000000100e9c840::applyAsInt (12 bytes)
Event: 31.221 Thread 0x00000186cc0e1800 nmethod 18314 0x00000186b7b0ff10 code [0x00000186b7b100e0, 0x00000186b7b10308]
Event: 31.221 Thread 0x00000186cc0e1800 18317       3       com.android.tools.r8.internal.xc::a (31 bytes)
Event: 31.221 Thread 0x00000186cc0e1800 nmethod 18317 0x00000186b7b10410 code [0x00000186b7b10600, 0x00000186b7b109f8]
Event: 31.249 Thread 0x00000186cc0e1800 18325       3       kotlin.text.StringsKt__StringsKt::startsWith$default (15 bytes)
Event: 31.249 Thread 0x00000186cc0e1800 nmethod 18325 0x00000186b7b10b10 code [0x00000186b7b10cc0, 0x00000186b7b10e08]
Event: 31.249 Thread 0x00000186cc0e1800 18326       3       kotlin.text.StringsKt__StringsKt::startsWith (37 bytes)
Event: 31.250 Thread 0x00000186cc0e1800 nmethod 18326 0x00000186b7b10f10 code [0x00000186b7b11160, 0x00000186b7b11948]
Event: 31.250 Thread 0x00000186cc0e1800 18327       3       kotlin.text.CharsKt__CharJVMKt::digitOf (10 bytes)
Event: 31.250 Thread 0x00000186cc0e1800 nmethod 18327 0x00000186b7b11c10 code [0x00000186b7b11de0, 0x00000186b7b12018]
Event: 31.250 Thread 0x00000186cc0e1800 18329       3       com.google.protobuf.CodedOutputStream$OutputStreamEncoder::flush (12 bytes)
Event: 31.250 Thread 0x00000186cc0e1800 nmethod 18329 0x00000186b7b12110 code [0x00000186b7b122e0, 0x00000186b7b12568]

GC Heap History (20 events):
Event: 28.081 GC heap after
{Heap after GC invocations=56 (full 0):
 garbage-first heap   total 233472K, used 140409K [0x0000000080000000, 0x0000000100000000)
  region size 1024K, 9 young (9216K), 9 survivors (9216K)
 Metaspace       used 110931K, capacity 113755K, committed 114012K, reserved 1148928K
  class space    used 14105K, capacity 15234K, committed 15360K, reserved 1048576K
}
Event: 28.760 GC heap before
{Heap before GC invocations=57 (full 0):
 garbage-first heap   total 233472K, used 204921K [0x0000000080000000, 0x0000000100000000)
  region size 1024K, 63 young (64512K), 9 survivors (9216K)
 Metaspace       used 112790K, capacity 115623K, committed 115932K, reserved 1150976K
  class space    used 14288K, capacity 15425K, committed 15488K, reserved 1048576K
}
Event: 28.778 GC heap after
{Heap after GC invocations=58 (full 0):
 garbage-first heap   total 233472K, used 157914K [0x0000000080000000, 0x0000000100000000)
  region size 1024K, 8 young (8192K), 8 survivors (8192K)
 Metaspace       used 112790K, capacity 115623K, committed 115932K, reserved 1150976K
  class space    used 14288K, capacity 15425K, committed 15488K, reserved 1048576K
}
Event: 28.790 GC heap before
{Heap before GC invocations=58 (full 0):
 garbage-first heap   total 233472K, used 159962K [0x0000000080000000, 0x0000000100000000)
  region size 1024K, 11 young (11264K), 8 survivors (8192K)
 Metaspace       used 112802K, capacity 115633K, committed 115932K, reserved 1150976K
  class space    used 14288K, capacity 15425K, committed 15488K, reserved 1048576K
}
Event: 28.804 GC heap after
{Heap after GC invocations=59 (full 0):
 garbage-first heap   total 233472K, used 153267K [0x0000000080000000, 0x0000000100000000)
  region size 1024K, 2 young (2048K), 2 survivors (2048K)
 Metaspace       used 112802K, capacity 115633K, committed 115932K, reserved 1150976K
  class space    used 14288K, capacity 15425K, committed 15488K, reserved 1048576K
}
Event: 29.052 GC heap before
{Heap before GC invocations=59 (full 0):
 garbage-first heap   total 233472K, used 193203K [0x0000000080000000, 0x0000000100000000)
  region size 1024K, 41 young (41984K), 2 survivors (2048K)
 Metaspace       used 113424K, capacity 116320K, committed 116572K, reserved 1150976K
  class space    used 14338K, capacity 15508K, committed 15616K, reserved 1048576K
}
Event: 29.079 GC heap after
{Heap after GC invocations=60 (full 0):
 garbage-first heap   total 280576K, used 171978K [0x0000000080000000, 0x0000000100000000)
  region size 1024K, 6 young (6144K), 6 survivors (6144K)
 Metaspace       used 113424K, capacity 116320K, committed 116572K, reserved 1150976K
  class space    used 14338K, capacity 15508K, committed 15616K, reserved 1048576K
}
Event: 29.267 GC heap before
{Heap before GC invocations=60 (full 0):
 garbage-first heap   total 280576K, used 219082K [0x0000000080000000, 0x0000000100000000)
  region size 1024K, 53 young (54272K), 6 survivors (6144K)
 Metaspace       used 113488K, capacity 116386K, committed 116572K, reserved 1150976K
  class space    used 14338K, capacity 15508K, committed 15616K, reserved 1048576K
}
Event: 29.291 GC heap after
{Heap after GC invocations=61 (full 0):
 garbage-first heap   total 280576K, used 196899K [0x0000000080000000, 0x0000000100000000)
  region size 1024K, 7 young (7168K), 7 survivors (7168K)
 Metaspace       used 113488K, capacity 116386K, committed 116572K, reserved 1150976K
  class space    used 14338K, capacity 15508K, committed 15616K, reserved 1048576K
}
Event: 29.558 GC heap before
{Heap before GC invocations=61 (full 0):
 garbage-first heap   total 280576K, used 223523K [0x0000000080000000, 0x0000000100000000)
  region size 1024K, 34 young (34816K), 7 survivors (7168K)
 Metaspace       used 113587K, capacity 116520K, committed 116828K, reserved 1150976K
  class space    used 14340K, capacity 15510K, committed 15616K, reserved 1048576K
}
Event: 29.572 GC heap after
{Heap after GC invocations=62 (full 0):
 garbage-first heap   total 280576K, used 205807K [0x0000000080000000, 0x0000000100000000)
  region size 1024K, 5 young (5120K), 5 survivors (5120K)
 Metaspace       used 113587K, capacity 116520K, committed 116828K, reserved 1150976K
  class space    used 14340K, capacity 15510K, committed 15616K, reserved 1048576K
}
Event: 29.867 GC heap before
{Heap before GC invocations=62 (full 0):
 garbage-first heap   total 280576K, used 228335K [0x0000000080000000, 0x0000000100000000)
  region size 1024K, 28 young (28672K), 5 survivors (5120K)
 Metaspace       used 113725K, capacity 116623K, committed 116828K, reserved 1150976K
  class space    used 14347K, capacity 15522K, committed 15616K, reserved 1048576K
}
Event: 29.873 GC heap after
{Heap after GC invocations=63 (full 0):
 garbage-first heap   total 280576K, used 209869K [0x0000000080000000, 0x0000000100000000)
  region size 1024K, 4 young (4096K), 4 survivors (4096K)
 Metaspace       used 113725K, capacity 116623K, committed 116828K, reserved 1150976K
  class space    used 14347K, capacity 15522K, committed 15616K, reserved 1048576K
}
Event: 30.059 GC heap before
{Heap before GC invocations=63 (full 0):
 garbage-first heap   total 280576K, used 231373K [0x0000000080000000, 0x0000000100000000)
  region size 1024K, 26 young (26624K), 4 survivors (4096K)
 Metaspace       used 113762K, capacity 116687K, committed 116828K, reserved 1150976K
  class space    used 14347K, capacity 15522K, committed 15616K, reserved 1048576K
}
Event: 30.063 GC heap after
{Heap after GC invocations=64 (full 0):
 garbage-first heap   total 280576K, used 212229K [0x0000000080000000, 0x0000000100000000)
  region size 1024K, 3 young (3072K), 3 survivors (3072K)
 Metaspace       used 113762K, capacity 116687K, committed 116828K, reserved 1150976K
  class space    used 14347K, capacity 15522K, committed 15616K, reserved 1048576K
}
Event: 30.416 GC heap before
{Heap before GC invocations=64 (full 0):
 garbage-first heap   total 280576K, used 237829K [0x0000000080000000, 0x0000000100000000)
  region size 1024K, 26 young (26624K), 3 survivors (3072K)
 Metaspace       used 113859K, capacity 116816K, committed 117084K, reserved 1150976K
  class space    used 14348K, capacity 15522K, committed 15616K, reserved 1048576K
}
Event: 30.423 GC heap after
{Heap after GC invocations=65 (full 0):
 garbage-first heap   total 280576K, used 214868K [0x0000000080000000, 0x0000000100000000)
  region size 1024K, 3 young (3072K), 3 survivors (3072K)
 Metaspace       used 113859K, capacity 116816K, committed 117084K, reserved 1150976K
  class space    used 14348K, capacity 15522K, committed 15616K, reserved 1048576K
}
Event: 30.836 GC heap before
{Heap before GC invocations=65 (full 0):
 garbage-first heap   total 280576K, used 242516K [0x0000000080000000, 0x0000000100000000)
  region size 1024K, 26 young (26624K), 3 survivors (3072K)
 Metaspace       used 114128K, capacity 117034K, committed 117340K, reserved 1150976K
  class space    used 14354K, capacity 15522K, committed 15616K, reserved 1048576K
}
Event: 30.847 GC heap after
{Heap after GC invocations=66 (full 0):
 garbage-first heap   total 280576K, used 220177K [0x0000000080000000, 0x0000000100000000)
  region size 1024K, 3 young (3072K), 3 survivors (3072K)
 Metaspace       used 114128K, capacity 117034K, committed 117340K, reserved 1150976K
  class space    used 14354K, capacity 15522K, committed 15616K, reserved 1048576K
}
Event: 31.265 GC heap before
{Heap before GC invocations=66 (full 0):
 garbage-first heap   total 280576K, used 244753K [0x0000000080000000, 0x0000000100000000)
  region size 1024K, 24 young (24576K), 3 survivors (3072K)
 Metaspace       used 114182K, capacity 117102K, committed 117340K, reserved 1150976K
  class space    used 14354K, capacity 15522K, committed 15616K, reserved 1048576K
}

Deoptimization events (20 events):
Event: 31.217 Thread 0x00000186d4962800 Uncommon trap: trap_request=0xffffffbe fr.pc=0x00000186bc9e13b0 relative=0x0000000000000ab0
Event: 31.217 Thread 0x00000186d4962800 Uncommon trap: reason=profile_predicate action=maybe_recompile pc=0x00000186bc9e13b0 method=com.android.tools.r8.internal.tc.a(Ljava/util/Iterator;Ljava/util/Iterator;Lcom/android/tools/r8/internal/sY;)I @ 5 c2
Event: 31.217 Thread 0x00000186d4962800 DEOPT PACKING pc=0x00000186bc9e13b0 sp=0x0000007aab8fe210
Event: 31.217 Thread 0x00000186d4962800 DEOPT UNPACKING pc=0x00000186b4e985af sp=0x0000007aab8fe208 mode 2
Event: 31.220 Thread 0x00000186d4962800 Uncommon trap: trap_request=0xffffffde fr.pc=0x00000186bd610b40 relative=0x0000000000000180
Event: 31.220 Thread 0x00000186d4962800 Uncommon trap: reason=class_check action=maybe_recompile pc=0x00000186bd610b40 method=com.android.tools.r8.internal.eL.a(Lcom/android/tools/r8/internal/rc;Lcom/android/tools/r8/internal/tY;Lcom/android/tools/r8/internal/tY;)I @ 3 c2
Event: 31.220 Thread 0x00000186d4962800 DEOPT PACKING pc=0x00000186bd610b40 sp=0x0000007aab8fe530
Event: 31.220 Thread 0x00000186d4962800 DEOPT UNPACKING pc=0x00000186b4e985af sp=0x0000007aab8fe458 mode 2
Event: 31.220 Thread 0x00000186d4962800 Uncommon trap: trap_request=0xffffffde fr.pc=0x00000186bd610b40 relative=0x0000000000000180
Event: 31.220 Thread 0x00000186d4962800 Uncommon trap: reason=class_check action=maybe_recompile pc=0x00000186bd610b40 method=com.android.tools.r8.internal.eL.a(Lcom/android/tools/r8/internal/rc;Lcom/android/tools/r8/internal/tY;Lcom/android/tools/r8/internal/tY;)I @ 3 c2
Event: 31.220 Thread 0x00000186d4962800 DEOPT PACKING pc=0x00000186bd610b40 sp=0x0000007aab8fe530
Event: 31.220 Thread 0x00000186d4962800 DEOPT UNPACKING pc=0x00000186b4e985af sp=0x0000007aab8fe458 mode 2
Event: 31.220 Thread 0x00000186d4962800 Uncommon trap: trap_request=0xffffffde fr.pc=0x00000186bd610b40 relative=0x0000000000000180
Event: 31.220 Thread 0x00000186d4962800 Uncommon trap: reason=class_check action=maybe_recompile pc=0x00000186bd610b40 method=com.android.tools.r8.internal.eL.a(Lcom/android/tools/r8/internal/rc;Lcom/android/tools/r8/internal/tY;Lcom/android/tools/r8/internal/tY;)I @ 3 c2
Event: 31.220 Thread 0x00000186d4962800 DEOPT PACKING pc=0x00000186bd610b40 sp=0x0000007aab8fe530
Event: 31.220 Thread 0x00000186d4962800 DEOPT UNPACKING pc=0x00000186b4e985af sp=0x0000007aab8fe458 mode 2
Event: 31.220 Thread 0x00000186d4962800 Uncommon trap: trap_request=0xffffffde fr.pc=0x00000186bd610b40 relative=0x0000000000000180
Event: 31.220 Thread 0x00000186d4962800 Uncommon trap: reason=class_check action=maybe_recompile pc=0x00000186bd610b40 method=com.android.tools.r8.internal.eL.a(Lcom/android/tools/r8/internal/rc;Lcom/android/tools/r8/internal/tY;Lcom/android/tools/r8/internal/tY;)I @ 3 c2
Event: 31.220 Thread 0x00000186d4962800 DEOPT PACKING pc=0x00000186bd610b40 sp=0x0000007aab8fe530
Event: 31.220 Thread 0x00000186d4962800 DEOPT UNPACKING pc=0x00000186b4e985af sp=0x0000007aab8fe458 mode 2

Classes redefined (0 events):
No events

Internal exceptions (20 events):
Event: 19.342 Thread 0x00000186ccf88800 Exception <a 'java/lang/NoSuchMethodError'{0x000000008a3567a8}: 'java.lang.Object java.lang.invoke.DirectMethodHandle$Holder.invokeInterface(java.lang.Object, java.lang.Object, int)'> (0x000000008a3567a8) thrown at [./src/hotspot/share/interpreter/linkResolver.cpp, line 773]
Event: 20.029 Thread 0x00000186ccf88800 Exception <a 'java/lang/NoSuchMethodError'{0x000000008a426598}: 'int java.lang.invoke.DirectMethodHandle$Holder.invokeInterface(java.lang.Object, java.lang.Object, int)'> (0x000000008a426598) thrown at [./src/hotspot/share/interpreter/linkResolver.cpp, line 773]
Event: 26.732 Thread 0x00000186ccf88800 Implicit null exception at 0x00000186bd0e0bef to 0x00000186bd0e0d28
Event: 26.781 Thread 0x00000186ccf88800 Exception <a 'java/lang/NoSuchMethodError'{0x000000008c091fa8}: 'java.lang.Object java.lang.invoke.Invokers$Holder.linkToTargetMethod(java.lang.Object, int, java.lang.Object, java.lang.Object, java.lang.Object, java.lang.Object)'> (0x000000008c091fa8) thrown at [./src/hotspot/share/interpreter/linkResolver.cpp, line 773]
Event: 26.807 Thread 0x00000186ccf88800 Exception <a 'java/lang/NoSuchMethodError'{0x000000008bf7ed40}: 'void java.lang.invoke.DirectMethodHandle$Holder.invokeStatic(java.lang.Object, java.lang.Object, java.lang.Object, java.lang.Object, java.lang.Object, java.lang.Object, java.lang.Object, java.lang.Object)'> (0x000000008bf7ed40) thrown at [./src/hotspot/share/interpreter/linkResolver.cpp, line 773]
Event: 27.123 Thread 0x00000186ccf88800 Exception <a 'java/lang/IncompatibleClassChangeError'{0x000000008aa2bcb0}: Found class java.lang.Object, but interface was expected> (0x000000008aa2bcb0) thrown at [./src/hotspot/share/interpreter/linkResolver.cpp, line 839]
Event: 27.533 Thread 0x00000186ccf88800 Exception <a 'java/lang/NoSuchMethodError'{0x000000008d4b4ad8}: 'void java.lang.invoke.DirectMethodHandle$Holder.invokeSpecial(java.lang.Object, java.lang.Object, int)'> (0x000000008d4b4ad8) thrown at [./src/hotspot/share/interpreter/linkResolver.cpp, line 773]
Event: 27.577 Thread 0x00000186ccf88800 Implicit null exception at 0x00000186bc9b9129 to 0x00000186bc9b9dd0
Event: 27.750 Thread 0x00000186ccf88800 Exception <a 'sun/nio/fs/WindowsException'{0x000000008ccc0300}> (0x000000008ccc0300) thrown at [./src/hotspot/share/prims/jni.cpp, line 616]
Event: 28.011 Thread 0x00000186d4958000 Exception <a 'sun/nio/fs/WindowsException'{0x000000008b967d18}> (0x000000008b967d18) thrown at [./src/hotspot/share/prims/jni.cpp, line 616]
Event: 28.065 Thread 0x00000186cd2a0000 Exception <a 'sun/nio/fs/WindowsException'{0x000000008b666188}> (0x000000008b666188) thrown at [./src/hotspot/share/prims/jni.cpp, line 616]
Event: 28.066 Thread 0x00000186cd2a0000 Exception <a 'sun/nio/fs/WindowsException'{0x000000008b6672a8}> (0x000000008b6672a8) thrown at [./src/hotspot/share/prims/jni.cpp, line 616]
Event: 28.066 Thread 0x00000186cd2a0000 Exception <a 'sun/nio/fs/WindowsException'{0x000000008b667548}> (0x000000008b667548) thrown at [./src/hotspot/share/prims/jni.cpp, line 616]
Event: 28.112 Thread 0x00000186cd2a0000 Exception <a 'sun/nio/fs/WindowsException'{0x000000008e2c5a80}> (0x000000008e2c5a80) thrown at [./src/hotspot/share/prims/jni.cpp, line 616]
Event: 28.113 Thread 0x00000186cd2a0000 Exception <a 'sun/nio/fs/WindowsException'{0x000000008e2c6bc0}> (0x000000008e2c6bc0) thrown at [./src/hotspot/share/prims/jni.cpp, line 616]
Event: 28.376 Thread 0x00000186d4954000 Exception <a 'java/lang/NoSuchMethodError'{0x000000008d3c2190}: <clinit>> (0x000000008d3c2190) thrown at [./src/hotspot/share/prims/jni.cpp, line 1366]
Event: 28.376 Thread 0x00000186d4954000 Exception <a 'java/lang/NoSuchMethodError'{0x000000008d3c3798}: <clinit>> (0x000000008d3c3798) thrown at [./src/hotspot/share/prims/jni.cpp, line 1366]
Event: 28.376 Thread 0x00000186d4954000 Exception <a 'java/lang/NoSuchMethodError'{0x000000008d3c6398}: <clinit>> (0x000000008d3c6398) thrown at [./src/hotspot/share/prims/jni.cpp, line 1366]
Event: 28.378 Thread 0x00000186d4954000 Exception <a 'java/lang/NoSuchMethodError'{0x000000008d3dd3f8}: <clinit>> (0x000000008d3dd3f8) thrown at [./src/hotspot/share/prims/jni.cpp, line 1366]
Event: 28.378 Thread 0x00000186d4954000 Exception <a 'java/lang/NoSuchMethodError'{0x000000008d3de630}: <clinit>> (0x000000008d3de630) thrown at [./src/hotspot/share/prims/jni.cpp, line 1366]

Events (20 events):
Event: 30.466 loading class com/android/aaptcompiler/SourcedResourceName done
Event: 30.467 loading class kotlin/comparisons/ComparisonsKt
Event: 30.467 loading class kotlin/comparisons/ComparisonsKt done
Event: 30.467 loading class kotlin/comparisons/ComparisonsKt
Event: 30.467 loading class kotlin/comparisons/ComparisonsKt done
Event: 30.467 loading class kotlin/comparisons/ComparisonsKt___ComparisonsKt
Event: 30.467 loading class kotlin/comparisons/ComparisonsKt___ComparisonsKt done
Event: 30.468 loading class kotlin/comparisons/ComparisonsKt___ComparisonsJvmKt
Event: 30.468 loading class kotlin/comparisons/ComparisonsKt___ComparisonsJvmKt done
Event: 30.468 loading class kotlin/comparisons/ComparisonsKt__ComparisonsKt
Event: 30.468 loading class kotlin/comparisons/ComparisonsKt__ComparisonsKt done
Event: 30.472 loading class android/aapt/pb/internal/ResourcesInternal$CompiledFile$Symbol$1
Event: 30.472 loading class android/aapt/pb/internal/ResourcesInternal$CompiledFile$Symbol$1 done
Event: 30.472 loading class android/aapt/pb/internal/ResourcesInternal$CompiledFile$Symbol$Builder
Event: 30.472 loading class android/aapt/pb/internal/ResourcesInternal$CompiledFile$Symbol$Builder done
Event: 30.835 Executing VM operation: G1CollectForAllocation
Event: 30.847 Executing VM operation: G1CollectForAllocation done
Event: 31.010 Executing VM operation: RevokeBias
Event: 31.011 Executing VM operation: RevokeBias done
Event: 31.264 Executing VM operation: G1CollectForAllocation


Dynamic libraries:
0x00007ff782280000 - 0x00007ff78228a000 	D:\Program Files\Android\Android Studio\jre\bin\java.exe
0x00007ffb96480000 - 0x00007ffb96689000 	C:\Windows\SYSTEM32\ntdll.dll
0x00007ffb95490000 - 0x00007ffb9554d000 	C:\Windows\System32\KERNEL32.DLL
0x00007ffb93aa0000 - 0x00007ffb93e1b000 	C:\Windows\System32\KERNELBASE.dll
0x00007ffb93950000 - 0x00007ffb93a61000 	C:\Windows\System32\ucrtbase.dll
0x00007ffb73950000 - 0x00007ffb73969000 	D:\Program Files\Android\Android Studio\jre\bin\jli.dll
0x00007ffb73930000 - 0x00007ffb73947000 	D:\Program Files\Android\Android Studio\jre\bin\VCRUNTIME140.dll
0x00007ffb96220000 - 0x00007ffb963cd000 	C:\Windows\System32\USER32.dll
0x00007ffb7d390000 - 0x00007ffb7d635000 	C:\Windows\WinSxS\amd64_microsoft.windows.common-controls_6595b64144ccf1df_6.0.22000.120_none_9d947278b86cc467\COMCTL32.dll
0x00007ffb93a70000 - 0x00007ffb93a96000 	C:\Windows\System32\win32u.dll
0x00007ffb94bc0000 - 0x00007ffb94c63000 	C:\Windows\System32\msvcrt.dll
0x00007ffb94300000 - 0x00007ffb94329000 	C:\Windows\System32\GDI32.dll
0x00007ffb93f80000 - 0x00007ffb94098000 	C:\Windows\System32\gdi32full.dll
0x00007ffb93ee0000 - 0x00007ffb93f7d000 	C:\Windows\System32\msvcp_win.dll
0x00007ffb94340000 - 0x00007ffb94371000 	C:\Windows\System32\IMM32.DLL
0x00007ffb61aa0000 - 0x00007ffb61b3d000 	D:\Program Files\Android\Android Studio\jre\bin\msvcp140.dll
0x00007ffb36df0000 - 0x00007ffb378f2000 	D:\Program Files\Android\Android Studio\jre\bin\server\jvm.dll
0x00007ffb95900000 - 0x00007ffb959ae000 	C:\Windows\System32\ADVAPI32.dll
0x00007ffb96180000 - 0x00007ffb9621e000 	C:\Windows\System32\sechost.dll
0x00007ffb94d90000 - 0x00007ffb94eb0000 	C:\Windows\System32\RPCRT4.dll
0x00007ffb94330000 - 0x00007ffb94338000 	C:\Windows\System32\PSAPI.DLL
0x00007ffb8d5b0000 - 0x00007ffb8d5e3000 	C:\Windows\SYSTEM32\WINMM.dll
0x00007ffb8beb0000 - 0x00007ffb8beba000 	C:\Windows\SYSTEM32\VERSION.dll
0x00007ffb7a9f0000 - 0x00007ffb7a9f9000 	C:\Windows\SYSTEM32\WSOCK32.dll
0x00007ffb963d0000 - 0x00007ffb9643f000 	C:\Windows\System32\WS2_32.dll
0x00007ffb92ac0000 - 0x00007ffb92ad8000 	C:\Windows\SYSTEM32\kernel.appcore.dll
0x00007ffb8e480000 - 0x00007ffb8e491000 	D:\Program Files\Android\Android Studio\jre\bin\verify.dll
0x00007ffb912c0000 - 0x00007ffb914e1000 	C:\Windows\SYSTEM32\DBGHELP.DLL
0x00007ffb7a7c0000 - 0x00007ffb7a7f1000 	C:\Windows\SYSTEM32\dbgcore.DLL
0x00007ffb94210000 - 0x00007ffb9428f000 	C:\Windows\System32\bcryptPrimitives.dll
0x00007ffb8e450000 - 0x00007ffb8e479000 	D:\Program Files\Android\Android Studio\jre\bin\java.dll
0x00007ffb8e440000 - 0x00007ffb8e44b000 	D:\Program Files\Android\Android Studio\jre\bin\jimage.dll
0x00007ffb8e420000 - 0x00007ffb8e438000 	D:\Program Files\Android\Android Studio\jre\bin\zip.dll
0x00007ffb94400000 - 0x00007ffb94bb8000 	C:\Windows\System32\SHELL32.dll
0x00007ffb91a20000 - 0x00007ffb92285000 	C:\Windows\SYSTEM32\windows.storage.dll
0x00007ffb95570000 - 0x00007ffb958e7000 	C:\Windows\System32\combase.dll
0x00007ffb918b0000 - 0x00007ffb91a16000 	C:\Windows\SYSTEM32\wintypes.dll
0x00007ffb94f70000 - 0x00007ffb9505a000 	C:\Windows\System32\SHCORE.dll
0x00007ffb95270000 - 0x00007ffb952cd000 	C:\Windows\System32\shlwapi.dll
0x00007ffb93880000 - 0x00007ffb938a1000 	C:\Windows\SYSTEM32\profapi.dll
0x00007ffb648b0000 - 0x00007ffb648ca000 	D:\Program Files\Android\Android Studio\jre\bin\net.dll
0x00007ffb8f330000 - 0x00007ffb8f43c000 	C:\Windows\SYSTEM32\WINHTTP.dll
0x00007ffb92f60000 - 0x00007ffb92fc7000 	C:\Windows\system32\mswsock.dll
0x00007ffb63d80000 - 0x00007ffb63d94000 	D:\Program Files\Android\Android Studio\jre\bin\nio.dll
0x00007ffb6fed0000 - 0x00007ffb6fef7000 	C:\Users\sersu\.gradle\native\e1d6ef7f7dcc3fd88c89a11ec53ec762bb8ba0a96d01ffa2cd45eb1d1d8dd5c5\windows-amd64\native-platform.dll
0x00007ffb46530000 - 0x00007ffb46674000 	C:\Users\sersu\.gradle\native\0d407fdbe67a94daf76414ababcb853783967236a71b16ec16e742cd7a986fd3\windows-amd64\native-platform-file-events.dll
0x00007ffb877e0000 - 0x00007ffb877ea000 	D:\Program Files\Android\Android Studio\jre\bin\management.dll
0x00007ffb6a930000 - 0x00007ffb6a93d000 	D:\Program Files\Android\Android Studio\jre\bin\management_ext.dll
0x00007ffb931a0000 - 0x00007ffb931b8000 	C:\Windows\SYSTEM32\CRYPTSP.dll
0x00007ffb92a20000 - 0x00007ffb92a55000 	C:\Windows\system32\rsaenh.dll
0x00007ffb93050000 - 0x00007ffb93079000 	C:\Windows\SYSTEM32\USERENV.dll
0x00007ffb93330000 - 0x00007ffb93357000 	C:\Windows\SYSTEM32\bcrypt.dll
0x00007ffb931c0000 - 0x00007ffb931cc000 	C:\Windows\SYSTEM32\CRYPTBASE.dll
0x00007ffb92540000 - 0x00007ffb9256d000 	C:\Windows\SYSTEM32\IPHLPAPI.DLL
0x00007ffb95250000 - 0x00007ffb95259000 	C:\Windows\System32\NSI.dll
0x00007ffb8dad0000 - 0x00007ffb8dae9000 	C:\Windows\SYSTEM32\dhcpcsvc6.DLL
0x00007ffb8dfa0000 - 0x00007ffb8dfbe000 	C:\Windows\SYSTEM32\dhcpcsvc.DLL
0x00007ffb92570000 - 0x00007ffb92658000 	C:\Windows\SYSTEM32\DNSAPI.dll

dbghelp: loaded successfully - version: 4.0.5 - missing functions: none
symbol engine: initialized successfully - sym options: 0x614 - pdb path: .;D:\Program Files\Android\Android Studio\jre\bin;C:\Windows\SYSTEM32;C:\Windows\WinSxS\amd64_microsoft.windows.common-controls_6595b64144ccf1df_6.0.22000.120_none_9d947278b86cc467;D:\Program Files\Android\Android Studio\jre\bin\server;C:\Users\sersu\.gradle\native\e1d6ef7f7dcc3fd88c89a11ec53ec762bb8ba0a96d01ffa2cd45eb1d1d8dd5c5\windows-amd64;C:\Users\sersu\.gradle\native\0d407fdbe67a94daf76414ababcb853783967236a71b16ec16e742cd7a986fd3\windows-amd64

VM Arguments:
jvm_args: --add-opens=java.base/java.util=ALL-UNNAMED --add-opens=java.base/java.lang=ALL-UNNAMED --add-opens=java.base/java.lang.invoke=ALL-UNNAMED --add-opens=java.base/java.util=ALL-UNNAMED --add-opens=java.prefs/java.util.prefs=ALL-UNNAMED --add-opens=java.prefs/java.util.prefs=ALL-UNNAMED --add-opens=java.base/java.nio.charset=ALL-UNNAMED --add-opens=java.base/java.net=ALL-UNNAMED --add-opens=java.base/java.util.concurrent.atomic=ALL-UNNAMED -Xmx2048m -Dfile.encoding=UTF-8 -Duser.country=GB -Duser.language=en -Duser.variant 
java_command: org.gradle.launcher.daemon.bootstrap.GradleDaemon 7.4
java_class_path (initial): C:\Users\sersu\.gradle\wrapper\dists\gradle-7.4-bin\c0gwcg53nkjbqw7r0h0umtfvt\gradle-7.4\lib\gradle-launcher-7.4.jar
Launcher Type: SUN_STANDARD

[Global flags]
     intx CICompilerCount                          = 4                                         {product} {ergonomic}
     uint ConcGCThreads                            = 2                                         {product} {ergonomic}
     uint G1ConcRefinementThreads                  = 8                                         {product} {ergonomic}
   size_t G1HeapRegionSize                         = 1048576                                   {product} {ergonomic}
    uintx GCDrainStackTargetSize                   = 64                                        {product} {ergonomic}
   size_t InitialHeapSize                          = 199229440                                 {product} {ergonomic}
   size_t MarkStackSize                            = 4194304                                   {product} {ergonomic}
   size_t MaxHeapSize                              = 2147483648                                {product} {command line}
   size_t MaxNewSize                               = 1287651328                                {product} {ergonomic}
   size_t MinHeapDeltaBytes                        = 1048576                                   {product} {ergonomic}
    uintx NonNMethodCodeHeapSize                   = 5836300                                {pd product} {ergonomic}
    uintx NonProfiledCodeHeapSize                  = 122910970                              {pd product} {ergonomic}
    uintx ProfiledCodeHeapSize                     = 122910970                              {pd product} {ergonomic}
    uintx ReservedCodeCacheSize                    = 251658240                              {pd product} {ergonomic}
     bool SegmentedCodeCache                       = true                                      {product} {ergonomic}
     bool UseCompressedClassPointers               = true                                 {lp64_product} {ergonomic}
     bool UseCompressedOops                        = true                                 {lp64_product} {ergonomic}
     bool UseG1GC                                  = true                                      {product} {ergonomic}
     bool UseLargePagesIndividualAllocation        = false                                  {pd product} {ergonomic}

Logging:
Log output configuration:
 #0: stdout all=warning uptime,level,tags
 #1: stderr all=off uptime,level,tags

Environment Variables:
PATH=C:\Program Files (x86)\Common Files\Oracle\Java\javapath;D:\oraclexe\app\oracle\product\11.2.0\server\bin;C:\Windows\system32;C:\Windows;C:\Windows\System32\Wbem;C:\Windows\System32\WindowsPowerShell\v1.0\;C:\Windows\System32\OpenSSH\;C:\Program Files\Microsoft SQL Server\150\Tools\Binn\;D:\Program Files\Gpg4win\..\GnuPG\bin;D:\Program Files\Java\jdk-14.0.2;D:\Program Files\php;D:\Program Files\nodejs\;D:\Program Files\dart-sass;C:\Program Files\Microsoft SQL Server\Client SDK\ODBC\170\Tools\Binn\;D:\Program Files\Git\cmd;D:\Program Files\dotnet\;D:\Program Files\Python\Scripts\;D:\Program Files\Python\;D:\Program Files\MySQL\MySQL Shell 8.0\bin\;C:\Users\sersu\AppData\Local\Microsoft\WindowsApps;C:\Users\sersu\.dotnet\tools;C:\Users\sersu\AppData\Local\atom\bin;C:\Users\sersu\.dotnet\tools;C:\Users\sersu\AppData\Local\GitHubDesktop\bin;D:\Program Files\Java\jdk-17.0.1\bin;D:\Program Files\atom\bin;D:\Program Files\R\R-4.1.3\bin;C:\Users\sersu\AppData\Roaming\npm;C:\Users\sersu\.dotnet\tools
USERNAME=sersu
OS=Windows_NT
PROCESSOR_IDENTIFIER=Intel64 Family 6 Model 140 Stepping 1, GenuineIntel



---------------  S Y S T E M  ---------------

OS: Windows 11 , 64 bit Build 22000 (10.0.22000.708)
OS uptime: 0 days 4:12 hours

CPU:total 8 (initial active 8) (4 cores per cpu, 2 threads per core) family 6 model 140 stepping 1 microcode 0xa4, cmov, cx8, fxsr, mmx, sse, sse2, sse3, ssse3, sse4.1, sse4.2, popcnt, avx, avx2, aes, clmul, erms, 3dnowpref, lzcnt, ht, tsc, tscinvbit, bmi1, bmi2, adx, evex, sha, fma

Memory: 4k page, system-wide physical 12087M (423M free)
TotalPageFile size 12087M (AvailPageFile size 57M)
current process WorkingSet (physical memory assigned to process): 638M, peak: 683M
current process commit charge ("private bytes"): 680M, peak: 792M

vm_info: OpenJDK 64-Bit Server VM (11.0.13+0-b1751.21-8125866) for windows-amd64 JRE (11.0.13+0-b1751.21-8125866), built on Feb  2 2022 03:00:22 by "builder" with MS VC++ 14.0 (VS2015)

END.
